000 (7972923.000.000) 05/29 14:13:26 Job submitted from host: <131.225.240.41:9615?addrs=131.225.240.41-9615&noUDP&sock=9488_a3ef_3>
    DAG Node: Jb_61_0
...
028 (7972923.000.000) 05/29 14:13:26 Job ad information event triggered.
JOB_GLIDEIN_Name = "$$(GLIDEIN_Name:Unknown)"
JOB_Site = "$$(GLIDEIN_Site:Unknown)"
Proc = 0
JOB_GLIDEIN_Entry_Name = "$$(GLIDEIN_Entry_Name:Unknown)"
EventTime = "2018-05-29T14:13:26"
TriggerEventTypeName = "ULOG_SUBMIT"
SubmitHost = "<131.225.240.41:9615?addrs=131.225.240.41-9615&noUDP&sock=9488_a3ef_3>"
JOB_GLIDEIN_SiteWMS_Queue = "$$(GLIDEIN_SiteWMS_Queue:Unknown)"
TriggerEventTypeNumber = 0
JOB_GLIDEIN_Site = "$$(GLIDEIN_Site:Unknown)"
LogNotes = "DAG Node: Jb_61_0"
JOB_GLIDEIN_SiteWMS_JobId = "$$(GLIDEIN_SiteWMS_JobId:Unknown)"
MyType = "SubmitEvent"
JOB_GLIDEIN_ProcId = "$$(GLIDEIN_ProcId:Unknown)"
JOB_GLIDEIN_Schedd = "$$(GLIDEIN_Schedd:Unknown)"
JOB_GLIDEIN_ClusterId = "$$(GLIDEIN_ClusterId:Unknown)"
Cluster = 7972923
JOB_GLIDEIN_Factory = "$$(GLIDEIN_Factory:Unknown)"
JOB_GLIDEIN_SiteWMS_Slot = "$$(GLIDEIN_SiteWMS_Slot:Unknown)"
Subproc = 0
EventTypeNumber = 28
JOB_GLIDEIN_SiteWMS = "$$(GLIDEIN_SiteWMS:Unknown)"
...
001 (7972923.000.000) 05/29 14:14:35 Job executing on host: <131.225.209.136:9618?addrs=131.225.209.136-9618&noUDP&sock=2010_4573_3>
...
028 (7972923.000.000) 05/29 14:14:35 Job ad information event triggered.
JOB_GLIDEIN_Name = "Unknown"
JOB_Site = "FermiGrid"
Proc = 0
JOB_GLIDEIN_Entry_Name = "Unknown"
EventTime = "2018-05-29T14:14:35"
TriggerEventTypeName = "ULOG_EXECUTE"
JOB_GLIDEIN_SiteWMS_Queue = "Unknown"
TriggerEventTypeNumber = 1
ExecuteHost = "<131.225.209.136:9618?addrs=131.225.209.136-9618&noUDP&sock=2010_4573_3>"
JOB_GLIDEIN_Site = "FermiGrid"
JOB_GLIDEIN_SiteWMS_JobId = "Unknown"
MyType = "ExecuteEvent"
JOB_GLIDEIN_ProcId = "Unknown"
JOB_GLIDEIN_Schedd = "Unknown"
JOB_GLIDEIN_ClusterId = "Unknown"
Cluster = 7972923
JOB_GLIDEIN_Factory = "Unknown"
JOB_GLIDEIN_SiteWMS_Slot = "Unknown"
Subproc = 0
EventTypeNumber = 28
JOB_GLIDEIN_SiteWMS = "Unknown"
...
006 (7972923.000.000) 05/29 14:15:47 Image size of job updated: 12
	1  -  MemoryUsage of job (MB)
	1280  -  ResidentSetSize of job (KB)
...
028 (7972923.000.000) 05/29 14:15:47 Job ad information event triggered.
JOB_Site = "FermiGrid"
JOB_GLIDEIN_Name = "Unknown"
Size = 12
Proc = 0
JOB_GLIDEIN_Entry_Name = "Unknown"
EventTime = "2018-05-29T14:15:47"
TriggerEventTypeName = "ULOG_IMAGE_SIZE"
JOB_GLIDEIN_SiteWMS_Queue = "Unknown"
MemoryUsage = 1
TriggerEventTypeNumber = 6
JOB_GLIDEIN_Site = "FermiGrid"
JOB_GLIDEIN_SiteWMS_JobId = "Unknown"
MyType = "JobImageSizeEvent"
JOB_GLIDEIN_ProcId = "Unknown"
JOB_GLIDEIN_Schedd = "Unknown"
JOB_GLIDEIN_ClusterId = "Unknown"
Cluster = 7972923
JOB_GLIDEIN_Factory = "Unknown"
JOB_GLIDEIN_SiteWMS_Slot = "Unknown"
Subproc = 0
ResidentSetSize = 1280
EventTypeNumber = 28
JOB_GLIDEIN_SiteWMS = "Unknown"
...
006 (7972923.000.000) 05/29 14:17:49 Image size of job updated: 18
	18  -  MemoryUsage of job (MB)
	18492  -  ResidentSetSize of job (KB)
...
028 (7972923.000.000) 05/29 14:17:49 Job ad information event triggered.
JOB_Site = "FermiGrid"
JOB_GLIDEIN_Name = "Unknown"
Size = 18
Proc = 0
JOB_GLIDEIN_Entry_Name = "Unknown"
EventTime = "2018-05-29T14:17:49"
TriggerEventTypeName = "ULOG_IMAGE_SIZE"
JOB_GLIDEIN_SiteWMS_Queue = "Unknown"
MemoryUsage = 18
TriggerEventTypeNumber = 6
JOB_GLIDEIN_Site = "FermiGrid"
JOB_GLIDEIN_SiteWMS_JobId = "Unknown"
MyType = "JobImageSizeEvent"
JOB_GLIDEIN_ProcId = "Unknown"
JOB_GLIDEIN_Schedd = "Unknown"
JOB_GLIDEIN_ClusterId = "Unknown"
Cluster = 7972923
JOB_GLIDEIN_Factory = "Unknown"
JOB_GLIDEIN_SiteWMS_Slot = "Unknown"
Subproc = 0
ResidentSetSize = 18492
EventTypeNumber = 28
JOB_GLIDEIN_SiteWMS = "Unknown"
...
006 (7972923.000.000) 05/29 14:18:50 Image size of job updated: 111
	111  -  MemoryUsage of job (MB)
	114336  -  ResidentSetSize of job (KB)
...
028 (7972923.000.000) 05/29 14:18:50 Job ad information event triggered.
JOB_Site = "FermiGrid"
JOB_GLIDEIN_Name = "Unknown"
Size = 111
Proc = 0
JOB_GLIDEIN_Entry_Name = "Unknown"
EventTime = "2018-05-29T14:18:50"
TriggerEventTypeName = "ULOG_IMAGE_SIZE"
JOB_GLIDEIN_SiteWMS_Queue = "Unknown"
MemoryUsage = 111
TriggerEventTypeNumber = 6
JOB_GLIDEIN_Site = "FermiGrid"
JOB_GLIDEIN_SiteWMS_JobId = "Unknown"
MyType = "JobImageSizeEvent"
JOB_GLIDEIN_ProcId = "Unknown"
JOB_GLIDEIN_Schedd = "Unknown"
JOB_GLIDEIN_ClusterId = "Unknown"
Cluster = 7972923
JOB_GLIDEIN_Factory = "Unknown"
JOB_GLIDEIN_SiteWMS_Slot = "Unknown"
Subproc = 0
ResidentSetSize = 114336
EventTypeNumber = 28
JOB_GLIDEIN_SiteWMS = "Unknown"
...
006 (7972923.000.000) 05/29 14:19:51 Image size of job updated: 111
	111  -  MemoryUsage of job (MB)
	114344  -  ResidentSetSize of job (KB)
...
028 (7972923.000.000) 05/29 14:19:51 Job ad information event triggered.
JOB_Site = "FermiGrid"
JOB_GLIDEIN_Name = "Unknown"
Size = 111
Proc = 0
JOB_GLIDEIN_Entry_Name = "Unknown"
EventTime = "2018-05-29T14:19:51"
TriggerEventTypeName = "ULOG_IMAGE_SIZE"
JOB_GLIDEIN_SiteWMS_Queue = "Unknown"
MemoryUsage = 111
TriggerEventTypeNumber = 6
JOB_GLIDEIN_Site = "FermiGrid"
JOB_GLIDEIN_SiteWMS_JobId = "Unknown"
MyType = "JobImageSizeEvent"
JOB_GLIDEIN_ProcId = "Unknown"
JOB_GLIDEIN_Schedd = "Unknown"
JOB_GLIDEIN_ClusterId = "Unknown"
Cluster = 7972923
JOB_GLIDEIN_Factory = "Unknown"
JOB_GLIDEIN_SiteWMS_Slot = "Unknown"
Subproc = 0
ResidentSetSize = 114344
EventTypeNumber = 28
JOB_GLIDEIN_SiteWMS = "Unknown"
...
006 (7972923.000.000) 05/29 14:20:52 Image size of job updated: 982
	982  -  MemoryUsage of job (MB)
	1006168  -  ResidentSetSize of job (KB)
...
028 (7972923.000.000) 05/29 14:20:52 Job ad information event triggered.
JOB_Site = "FermiGrid"
JOB_GLIDEIN_Name = "Unknown"
Size = 982
Proc = 0
JOB_GLIDEIN_Entry_Name = "Unknown"
EventTime = "2018-05-29T14:20:52"
TriggerEventTypeName = "ULOG_IMAGE_SIZE"
JOB_GLIDEIN_SiteWMS_Queue = "Unknown"
MemoryUsage = 982
TriggerEventTypeNumber = 6
JOB_GLIDEIN_Site = "FermiGrid"
JOB_GLIDEIN_SiteWMS_JobId = "Unknown"
MyType = "JobImageSizeEvent"
JOB_GLIDEIN_ProcId = "Unknown"
JOB_GLIDEIN_Schedd = "Unknown"
JOB_GLIDEIN_ClusterId = "Unknown"
Cluster = 7972923
JOB_GLIDEIN_Factory = "Unknown"
JOB_GLIDEIN_SiteWMS_Slot = "Unknown"
Subproc = 0
ResidentSetSize = 1006168
EventTypeNumber = 28
JOB_GLIDEIN_SiteWMS = "Unknown"
...
006 (7972923.000.000) 05/29 14:21:53 Image size of job updated: 1497
	1497  -  MemoryUsage of job (MB)
	1533704  -  ResidentSetSize of job (KB)
...
028 (7972923.000.000) 05/29 14:21:53 Job ad information event triggered.
JOB_Site = "FermiGrid"
JOB_GLIDEIN_Name = "Unknown"
Size = 1497
Proc = 0
JOB_GLIDEIN_Entry_Name = "Unknown"
EventTime = "2018-05-29T14:21:53"
TriggerEventTypeName = "ULOG_IMAGE_SIZE"
JOB_GLIDEIN_SiteWMS_Queue = "Unknown"
MemoryUsage = 1497
TriggerEventTypeNumber = 6
JOB_GLIDEIN_Site = "FermiGrid"
JOB_GLIDEIN_SiteWMS_JobId = "Unknown"
MyType = "JobImageSizeEvent"
JOB_GLIDEIN_ProcId = "Unknown"
JOB_GLIDEIN_Schedd = "Unknown"
JOB_GLIDEIN_ClusterId = "Unknown"
Cluster = 7972923
JOB_GLIDEIN_Factory = "Unknown"
JOB_GLIDEIN_SiteWMS_Slot = "Unknown"
Subproc = 0
ResidentSetSize = 1533704
EventTypeNumber = 28
JOB_GLIDEIN_SiteWMS = "Unknown"
...
006 (7972923.000.000) 05/29 14:22:54 Image size of job updated: 1497
	1495  -  MemoryUsage of job (MB)
	1533704  -  ResidentSetSize of job (KB)
...
028 (7972923.000.000) 05/29 14:22:54 Job ad information event triggered.
JOB_Site = "FermiGrid"
JOB_GLIDEIN_Name = "Unknown"
Size = 1497
Proc = 0
JOB_GLIDEIN_Entry_Name = "Unknown"
EventTime = "2018-05-29T14:22:54"
TriggerEventTypeName = "ULOG_IMAGE_SIZE"
JOB_GLIDEIN_SiteWMS_Queue = "Unknown"
MemoryUsage = 1495
TriggerEventTypeNumber = 6
JOB_GLIDEIN_Site = "FermiGrid"
JOB_GLIDEIN_SiteWMS_JobId = "Unknown"
MyType = "JobImageSizeEvent"
JOB_GLIDEIN_ProcId = "Unknown"
JOB_GLIDEIN_Schedd = "Unknown"
JOB_GLIDEIN_ClusterId = "Unknown"
Cluster = 7972923
JOB_GLIDEIN_Factory = "Unknown"
JOB_GLIDEIN_SiteWMS_Slot = "Unknown"
Subproc = 0
ResidentSetSize = 1533704
EventTypeNumber = 28
JOB_GLIDEIN_SiteWMS = "Unknown"
...
006 (7972923.000.000) 05/29 14:23:56 Image size of job updated: 1497
	1442  -  MemoryUsage of job (MB)
	1533704  -  ResidentSetSize of job (KB)
...
028 (7972923.000.000) 05/29 14:23:56 Job ad information event triggered.
JOB_Site = "FermiGrid"
JOB_GLIDEIN_Name = "Unknown"
Size = 1497
Proc = 0
JOB_GLIDEIN_Entry_Name = "Unknown"
EventTime = "2018-05-29T14:23:56"
TriggerEventTypeName = "ULOG_IMAGE_SIZE"
JOB_GLIDEIN_SiteWMS_Queue = "Unknown"
MemoryUsage = 1442
TriggerEventTypeNumber = 6
JOB_GLIDEIN_Site = "FermiGrid"
JOB_GLIDEIN_SiteWMS_JobId = "Unknown"
MyType = "JobImageSizeEvent"
JOB_GLIDEIN_ProcId = "Unknown"
JOB_GLIDEIN_Schedd = "Unknown"
JOB_GLIDEIN_ClusterId = "Unknown"
Cluster = 7972923
JOB_GLIDEIN_Factory = "Unknown"
JOB_GLIDEIN_SiteWMS_Slot = "Unknown"
Subproc = 0
ResidentSetSize = 1533704
EventTypeNumber = 28
JOB_GLIDEIN_SiteWMS = "Unknown"
...
006 (7972923.000.000) 05/29 14:24:57 Image size of job updated: 1497
	1092  -  MemoryUsage of job (MB)
	1533704  -  ResidentSetSize of job (KB)
...
028 (7972923.000.000) 05/29 14:24:57 Job ad information event triggered.
JOB_Site = "FermiGrid"
JOB_GLIDEIN_Name = "Unknown"
Size = 1497
Proc = 0
JOB_GLIDEIN_Entry_Name = "Unknown"
EventTime = "2018-05-29T14:24:57"
TriggerEventTypeName = "ULOG_IMAGE_SIZE"
JOB_GLIDEIN_SiteWMS_Queue = "Unknown"
MemoryUsage = 1092
TriggerEventTypeNumber = 6
JOB_GLIDEIN_Site = "FermiGrid"
JOB_GLIDEIN_SiteWMS_JobId = "Unknown"
MyType = "JobImageSizeEvent"
JOB_GLIDEIN_ProcId = "Unknown"
JOB_GLIDEIN_Schedd = "Unknown"
JOB_GLIDEIN_ClusterId = "Unknown"
Cluster = 7972923
JOB_GLIDEIN_Factory = "Unknown"
JOB_GLIDEIN_SiteWMS_Slot = "Unknown"
Subproc = 0
ResidentSetSize = 1533704
EventTypeNumber = 28
JOB_GLIDEIN_SiteWMS = "Unknown"
...
006 (7972923.000.000) 05/29 14:25:58 Image size of job updated: 1497
	1409  -  MemoryUsage of job (MB)
	1533704  -  ResidentSetSize of job (KB)
...
028 (7972923.000.000) 05/29 14:25:58 Job ad information event triggered.
JOB_Site = "FermiGrid"
JOB_GLIDEIN_Name = "Unknown"
Size = 1497
Proc = 0
JOB_GLIDEIN_Entry_Name = "Unknown"
EventTime = "2018-05-29T14:25:58"
TriggerEventTypeName = "ULOG_IMAGE_SIZE"
JOB_GLIDEIN_SiteWMS_Queue = "Unknown"
MemoryUsage = 1409
TriggerEventTypeNumber = 6
JOB_GLIDEIN_Site = "FermiGrid"
JOB_GLIDEIN_SiteWMS_JobId = "Unknown"
MyType = "JobImageSizeEvent"
JOB_GLIDEIN_ProcId = "Unknown"
JOB_GLIDEIN_Schedd = "Unknown"
JOB_GLIDEIN_ClusterId = "Unknown"
Cluster = 7972923
JOB_GLIDEIN_Factory = "Unknown"
JOB_GLIDEIN_SiteWMS_Slot = "Unknown"
Subproc = 0
ResidentSetSize = 1533704
EventTypeNumber = 28
JOB_GLIDEIN_SiteWMS = "Unknown"
...
006 (7972923.000.000) 05/29 14:26:59 Image size of job updated: 1497
	1235  -  MemoryUsage of job (MB)
	1533704  -  ResidentSetSize of job (KB)
...
028 (7972923.000.000) 05/29 14:26:59 Job ad information event triggered.
JOB_Site = "FermiGrid"
JOB_GLIDEIN_Name = "Unknown"
Size = 1497
Proc = 0
JOB_GLIDEIN_Entry_Name = "Unknown"
EventTime = "2018-05-29T14:26:59"
TriggerEventTypeName = "ULOG_IMAGE_SIZE"
JOB_GLIDEIN_SiteWMS_Queue = "Unknown"
MemoryUsage = 1235
TriggerEventTypeNumber = 6
JOB_GLIDEIN_Site = "FermiGrid"
JOB_GLIDEIN_SiteWMS_JobId = "Unknown"
MyType = "JobImageSizeEvent"
JOB_GLIDEIN_ProcId = "Unknown"
JOB_GLIDEIN_Schedd = "Unknown"
JOB_GLIDEIN_ClusterId = "Unknown"
Cluster = 7972923
JOB_GLIDEIN_Factory = "Unknown"
JOB_GLIDEIN_SiteWMS_Slot = "Unknown"
Subproc = 0
ResidentSetSize = 1533704
EventTypeNumber = 28
JOB_GLIDEIN_SiteWMS = "Unknown"
...
006 (7972923.000.000) 05/29 14:28:00 Image size of job updated: 1497
	1077  -  MemoryUsage of job (MB)
	1533704  -  ResidentSetSize of job (KB)
...
028 (7972923.000.000) 05/29 14:28:00 Job ad information event triggered.
JOB_Site = "FermiGrid"
JOB_GLIDEIN_Name = "Unknown"
Size = 1497
Proc = 0
JOB_GLIDEIN_Entry_Name = "Unknown"
EventTime = "2018-05-29T14:28:00"
TriggerEventTypeName = "ULOG_IMAGE_SIZE"
JOB_GLIDEIN_SiteWMS_Queue = "Unknown"
MemoryUsage = 1077
TriggerEventTypeNumber = 6
JOB_GLIDEIN_Site = "FermiGrid"
JOB_GLIDEIN_SiteWMS_JobId = "Unknown"
MyType = "JobImageSizeEvent"
JOB_GLIDEIN_ProcId = "Unknown"
JOB_GLIDEIN_Schedd = "Unknown"
JOB_GLIDEIN_ClusterId = "Unknown"
Cluster = 7972923
JOB_GLIDEIN_Factory = "Unknown"
JOB_GLIDEIN_SiteWMS_Slot = "Unknown"
Subproc = 0
ResidentSetSize = 1533704
EventTypeNumber = 28
JOB_GLIDEIN_SiteWMS = "Unknown"
...
006 (7972923.000.000) 05/29 14:31:03 Image size of job updated: 1497
	1408  -  MemoryUsage of job (MB)
	1533704  -  ResidentSetSize of job (KB)
...
028 (7972923.000.000) 05/29 14:31:03 Job ad information event triggered.
JOB_Site = "FermiGrid"
JOB_GLIDEIN_Name = "Unknown"
Size = 1497
Proc = 0
JOB_GLIDEIN_Entry_Name = "Unknown"
EventTime = "2018-05-29T14:31:03"
TriggerEventTypeName = "ULOG_IMAGE_SIZE"
JOB_GLIDEIN_SiteWMS_Queue = "Unknown"
MemoryUsage = 1408
TriggerEventTypeNumber = 6
JOB_GLIDEIN_Site = "FermiGrid"
JOB_GLIDEIN_SiteWMS_JobId = "Unknown"
MyType = "JobImageSizeEvent"
JOB_GLIDEIN_ProcId = "Unknown"
JOB_GLIDEIN_Schedd = "Unknown"
JOB_GLIDEIN_ClusterId = "Unknown"
Cluster = 7972923
JOB_GLIDEIN_Factory = "Unknown"
JOB_GLIDEIN_SiteWMS_Slot = "Unknown"
Subproc = 0
ResidentSetSize = 1533704
EventTypeNumber = 28
JOB_GLIDEIN_SiteWMS = "Unknown"
...
006 (7972923.000.000) 05/29 14:33:06 Image size of job updated: 1497
	1082  -  MemoryUsage of job (MB)
	1533704  -  ResidentSetSize of job (KB)
...
028 (7972923.000.000) 05/29 14:33:06 Job ad information event triggered.
JOB_Site = "FermiGrid"
JOB_GLIDEIN_Name = "Unknown"
Size = 1497
Proc = 0
JOB_GLIDEIN_Entry_Name = "Unknown"
EventTime = "2018-05-29T14:33:06"
TriggerEventTypeName = "ULOG_IMAGE_SIZE"
JOB_GLIDEIN_SiteWMS_Queue = "Unknown"
MemoryUsage = 1082
TriggerEventTypeNumber = 6
JOB_GLIDEIN_Site = "FermiGrid"
JOB_GLIDEIN_SiteWMS_JobId = "Unknown"
MyType = "JobImageSizeEvent"
JOB_GLIDEIN_ProcId = "Unknown"
JOB_GLIDEIN_Schedd = "Unknown"
JOB_GLIDEIN_ClusterId = "Unknown"
Cluster = 7972923
JOB_GLIDEIN_Factory = "Unknown"
JOB_GLIDEIN_SiteWMS_Slot = "Unknown"
Subproc = 0
ResidentSetSize = 1533704
EventTypeNumber = 28
JOB_GLIDEIN_SiteWMS = "Unknown"
...
006 (7972923.000.000) 05/29 14:34:07 Image size of job updated: 1497
	1409  -  MemoryUsage of job (MB)
	1533704  -  ResidentSetSize of job (KB)
...
028 (7972923.000.000) 05/29 14:34:07 Job ad information event triggered.
JOB_Site = "FermiGrid"
JOB_GLIDEIN_Name = "Unknown"
Size = 1497
Proc = 0
JOB_GLIDEIN_Entry_Name = "Unknown"
EventTime = "2018-05-29T14:34:07"
TriggerEventTypeName = "ULOG_IMAGE_SIZE"
JOB_GLIDEIN_SiteWMS_Queue = "Unknown"
MemoryUsage = 1409
TriggerEventTypeNumber = 6
JOB_GLIDEIN_Site = "FermiGrid"
JOB_GLIDEIN_SiteWMS_JobId = "Unknown"
MyType = "JobImageSizeEvent"
JOB_GLIDEIN_ProcId = "Unknown"
JOB_GLIDEIN_Schedd = "Unknown"
JOB_GLIDEIN_ClusterId = "Unknown"
Cluster = 7972923
JOB_GLIDEIN_Factory = "Unknown"
JOB_GLIDEIN_SiteWMS_Slot = "Unknown"
Subproc = 0
ResidentSetSize = 1533704
EventTypeNumber = 28
JOB_GLIDEIN_SiteWMS = "Unknown"
...
006 (7972923.000.000) 05/29 14:35:08 Image size of job updated: 1497
	1082  -  MemoryUsage of job (MB)
	1533704  -  ResidentSetSize of job (KB)
...
028 (7972923.000.000) 05/29 14:35:08 Job ad information event triggered.
JOB_Site = "FermiGrid"
JOB_GLIDEIN_Name = "Unknown"
Size = 1497
Proc = 0
JOB_GLIDEIN_Entry_Name = "Unknown"
EventTime = "2018-05-29T14:35:08"
TriggerEventTypeName = "ULOG_IMAGE_SIZE"
JOB_GLIDEIN_SiteWMS_Queue = "Unknown"
MemoryUsage = 1082
TriggerEventTypeNumber = 6
JOB_GLIDEIN_Site = "FermiGrid"
JOB_GLIDEIN_SiteWMS_JobId = "Unknown"
MyType = "JobImageSizeEvent"
JOB_GLIDEIN_ProcId = "Unknown"
JOB_GLIDEIN_Schedd = "Unknown"
JOB_GLIDEIN_ClusterId = "Unknown"
Cluster = 7972923
JOB_GLIDEIN_Factory = "Unknown"
JOB_GLIDEIN_SiteWMS_Slot = "Unknown"
Subproc = 0
ResidentSetSize = 1533704
EventTypeNumber = 28
JOB_GLIDEIN_SiteWMS = "Unknown"
...
006 (7972923.000.000) 05/29 14:36:09 Image size of job updated: 1497
	1044  -  MemoryUsage of job (MB)
	1533704  -  ResidentSetSize of job (KB)
...
028 (7972923.000.000) 05/29 14:36:09 Job ad information event triggered.
JOB_Site = "FermiGrid"
JOB_GLIDEIN_Name = "Unknown"
Size = 1497
Proc = 0
JOB_GLIDEIN_Entry_Name = "Unknown"
EventTime = "2018-05-29T14:36:09"
TriggerEventTypeName = "ULOG_IMAGE_SIZE"
JOB_GLIDEIN_SiteWMS_Queue = "Unknown"
MemoryUsage = 1044
TriggerEventTypeNumber = 6
JOB_GLIDEIN_Site = "FermiGrid"
JOB_GLIDEIN_SiteWMS_JobId = "Unknown"
MyType = "JobImageSizeEvent"
JOB_GLIDEIN_ProcId = "Unknown"
JOB_GLIDEIN_Schedd = "Unknown"
JOB_GLIDEIN_ClusterId = "Unknown"
Cluster = 7972923
JOB_GLIDEIN_Factory = "Unknown"
JOB_GLIDEIN_SiteWMS_Slot = "Unknown"
Subproc = 0
ResidentSetSize = 1533704
EventTypeNumber = 28
JOB_GLIDEIN_SiteWMS = "Unknown"
...
006 (7972923.000.000) 05/29 14:38:11 Image size of job updated: 1497
	111  -  MemoryUsage of job (MB)
	1533704  -  ResidentSetSize of job (KB)
...
028 (7972923.000.000) 05/29 14:38:11 Job ad information event triggered.
JOB_Site = "FermiGrid"
JOB_GLIDEIN_Name = "Unknown"
Size = 1497
Proc = 0
JOB_GLIDEIN_Entry_Name = "Unknown"
EventTime = "2018-05-29T14:38:11"
TriggerEventTypeName = "ULOG_IMAGE_SIZE"
JOB_GLIDEIN_SiteWMS_Queue = "Unknown"
MemoryUsage = 111
TriggerEventTypeNumber = 6
JOB_GLIDEIN_Site = "FermiGrid"
JOB_GLIDEIN_SiteWMS_JobId = "Unknown"
MyType = "JobImageSizeEvent"
JOB_GLIDEIN_ProcId = "Unknown"
JOB_GLIDEIN_Schedd = "Unknown"
JOB_GLIDEIN_ClusterId = "Unknown"
Cluster = 7972923
JOB_GLIDEIN_Factory = "Unknown"
JOB_GLIDEIN_SiteWMS_Slot = "Unknown"
Subproc = 0
ResidentSetSize = 1533704
EventTypeNumber = 28
JOB_GLIDEIN_SiteWMS = "Unknown"
...
006 (7972923.000.000) 05/29 14:39:12 Image size of job updated: 1497
	600  -  MemoryUsage of job (MB)
	1533704  -  ResidentSetSize of job (KB)
...
028 (7972923.000.000) 05/29 14:39:12 Job ad information event triggered.
JOB_Site = "FermiGrid"
JOB_GLIDEIN_Name = "Unknown"
Size = 1497
Proc = 0
JOB_GLIDEIN_Entry_Name = "Unknown"
EventTime = "2018-05-29T14:39:12"
TriggerEventTypeName = "ULOG_IMAGE_SIZE"
JOB_GLIDEIN_SiteWMS_Queue = "Unknown"
MemoryUsage = 600
TriggerEventTypeNumber = 6
JOB_GLIDEIN_Site = "FermiGrid"
JOB_GLIDEIN_SiteWMS_JobId = "Unknown"
MyType = "JobImageSizeEvent"
JOB_GLIDEIN_ProcId = "Unknown"
JOB_GLIDEIN_Schedd = "Unknown"
JOB_GLIDEIN_ClusterId = "Unknown"
Cluster = 7972923
JOB_GLIDEIN_Factory = "Unknown"
JOB_GLIDEIN_SiteWMS_Slot = "Unknown"
Subproc = 0
ResidentSetSize = 1533704
EventTypeNumber = 28
JOB_GLIDEIN_SiteWMS = "Unknown"
...
006 (7972923.000.000) 05/29 14:40:13 Image size of job updated: 1497
	623  -  MemoryUsage of job (MB)
	1533704  -  ResidentSetSize of job (KB)
...
028 (7972923.000.000) 05/29 14:40:13 Job ad information event triggered.
JOB_Site = "FermiGrid"
JOB_GLIDEIN_Name = "Unknown"
Size = 1497
Proc = 0
JOB_GLIDEIN_Entry_Name = "Unknown"
EventTime = "2018-05-29T14:40:13"
TriggerEventTypeName = "ULOG_IMAGE_SIZE"
JOB_GLIDEIN_SiteWMS_Queue = "Unknown"
MemoryUsage = 623
TriggerEventTypeNumber = 6
JOB_GLIDEIN_Site = "FermiGrid"
JOB_GLIDEIN_SiteWMS_JobId = "Unknown"
MyType = "JobImageSizeEvent"
JOB_GLIDEIN_ProcId = "Unknown"
JOB_GLIDEIN_Schedd = "Unknown"
JOB_GLIDEIN_ClusterId = "Unknown"
Cluster = 7972923
JOB_GLIDEIN_Factory = "Unknown"
JOB_GLIDEIN_SiteWMS_Slot = "Unknown"
Subproc = 0
ResidentSetSize = 1533704
EventTypeNumber = 28
JOB_GLIDEIN_SiteWMS = "Unknown"
...
006 (7972923.000.000) 05/29 14:43:17 Image size of job updated: 1497
	639  -  MemoryUsage of job (MB)
	1533704  -  ResidentSetSize of job (KB)
...
028 (7972923.000.000) 05/29 14:43:17 Job ad information event triggered.
JOB_Site = "FermiGrid"
JOB_GLIDEIN_Name = "Unknown"
Size = 1497
Proc = 0
JOB_GLIDEIN_Entry_Name = "Unknown"
EventTime = "2018-05-29T14:43:17"
TriggerEventTypeName = "ULOG_IMAGE_SIZE"
JOB_GLIDEIN_SiteWMS_Queue = "Unknown"
MemoryUsage = 639
TriggerEventTypeNumber = 6
JOB_GLIDEIN_Site = "FermiGrid"
JOB_GLIDEIN_SiteWMS_JobId = "Unknown"
MyType = "JobImageSizeEvent"
JOB_GLIDEIN_ProcId = "Unknown"
JOB_GLIDEIN_Schedd = "Unknown"
JOB_GLIDEIN_ClusterId = "Unknown"
Cluster = 7972923
JOB_GLIDEIN_Factory = "Unknown"
JOB_GLIDEIN_SiteWMS_Slot = "Unknown"
Subproc = 0
ResidentSetSize = 1533704
EventTypeNumber = 28
JOB_GLIDEIN_SiteWMS = "Unknown"
...
006 (7972923.000.000) 05/29 14:44:18 Image size of job updated: 1497
	626  -  MemoryUsage of job (MB)
	1533704  -  ResidentSetSize of job (KB)
...
028 (7972923.000.000) 05/29 14:44:18 Job ad information event triggered.
JOB_Site = "FermiGrid"
JOB_GLIDEIN_Name = "Unknown"
Size = 1497
Proc = 0
JOB_GLIDEIN_Entry_Name = "Unknown"
EventTime = "2018-05-29T14:44:18"
TriggerEventTypeName = "ULOG_IMAGE_SIZE"
JOB_GLIDEIN_SiteWMS_Queue = "Unknown"
MemoryUsage = 626
TriggerEventTypeNumber = 6
JOB_GLIDEIN_Site = "FermiGrid"
JOB_GLIDEIN_SiteWMS_JobId = "Unknown"
MyType = "JobImageSizeEvent"
JOB_GLIDEIN_ProcId = "Unknown"
JOB_GLIDEIN_Schedd = "Unknown"
JOB_GLIDEIN_ClusterId = "Unknown"
Cluster = 7972923
JOB_GLIDEIN_Factory = "Unknown"
JOB_GLIDEIN_SiteWMS_Slot = "Unknown"
Subproc = 0
ResidentSetSize = 1533704
EventTypeNumber = 28
JOB_GLIDEIN_SiteWMS = "Unknown"
...
006 (7972923.000.000) 05/29 14:46:20 Image size of job updated: 1497
	58  -  MemoryUsage of job (MB)
	1533704  -  ResidentSetSize of job (KB)
...
028 (7972923.000.000) 05/29 14:46:20 Job ad information event triggered.
JOB_Site = "FermiGrid"
JOB_GLIDEIN_Name = "Unknown"
Size = 1497
Proc = 0
JOB_GLIDEIN_Entry_Name = "Unknown"
EventTime = "2018-05-29T14:46:20"
TriggerEventTypeName = "ULOG_IMAGE_SIZE"
JOB_GLIDEIN_SiteWMS_Queue = "Unknown"
MemoryUsage = 58
TriggerEventTypeNumber = 6
JOB_GLIDEIN_Site = "FermiGrid"
JOB_GLIDEIN_SiteWMS_JobId = "Unknown"
MyType = "JobImageSizeEvent"
JOB_GLIDEIN_ProcId = "Unknown"
JOB_GLIDEIN_Schedd = "Unknown"
JOB_GLIDEIN_ClusterId = "Unknown"
Cluster = 7972923
JOB_GLIDEIN_Factory = "Unknown"
JOB_GLIDEIN_SiteWMS_Slot = "Unknown"
Subproc = 0
ResidentSetSize = 1533704
EventTypeNumber = 28
JOB_GLIDEIN_SiteWMS = "Unknown"
...
006 (7972923.000.000) 05/29 14:47:32 Image size of job updated: 1497
	8  -  MemoryUsage of job (MB)
	1533704  -  ResidentSetSize of job (KB)
...
028 (7972923.000.000) 05/29 14:47:32 Job ad information event triggered.
JOB_Site = "FermiGrid"
JOB_GLIDEIN_Name = "Unknown"
Size = 1497
Proc = 0
JOB_GLIDEIN_Entry_Name = "Unknown"
EventTime = "2018-05-29T14:47:32"
TriggerEventTypeName = "ULOG_IMAGE_SIZE"
JOB_GLIDEIN_SiteWMS_Queue = "Unknown"
MemoryUsage = 8
TriggerEventTypeNumber = 6
JOB_GLIDEIN_Site = "FermiGrid"
JOB_GLIDEIN_SiteWMS_JobId = "Unknown"
MyType = "JobImageSizeEvent"
JOB_GLIDEIN_ProcId = "Unknown"
JOB_GLIDEIN_Schedd = "Unknown"
JOB_GLIDEIN_ClusterId = "Unknown"
Cluster = 7972923
JOB_GLIDEIN_Factory = "Unknown"
JOB_GLIDEIN_SiteWMS_Slot = "Unknown"
Subproc = 0
ResidentSetSize = 1533704
EventTypeNumber = 28
JOB_GLIDEIN_SiteWMS = "Unknown"
...
005 (7972923.000.000) 05/29 14:47:34 Job terminated.
	(1) Normal termination (return value 0)
		Usr 0 00:18:50, Sys 0 00:00:26  -  Run Remote Usage
		Usr 0 00:00:00, Sys 0 00:00:00  -  Run Local Usage
		Usr 0 00:18:50, Sys 0 00:00:26  -  Total Remote Usage
		Usr 0 00:00:00, Sys 0 00:00:00  -  Total Local Usage
	24746  -  Run Bytes Sent By Job
	58988  -  Run Bytes Received By Job
	24746  -  Total Bytes Sent By Job
	58988  -  Total Bytes Received By Job
	Partitionable Resources :    Usage  Request Allocated
	   Cpus                 :                 1         1
	   Disk (KB)            :  1505055 35000000  68980248
	   Memory (MB)          :        8     2000      2000
...
028 (7972923.000.000) 05/29 14:47:34 Job ad information event triggered.
SentBytes = 24746.0
JOB_GLIDEIN_Name = "Unknown"
TerminatedNormally = true
ReturnValue = 0
JOB_GLIDEIN_ClusterId = "Unknown"
JOB_GLIDEIN_SiteWMS = "Unknown"
EventTypeNumber = 28
Subproc = 0
ReceivedBytes = 58988.0
JOB_GLIDEIN_SiteWMS_Slot = "Unknown"
MyType = "JobTerminatedEvent"
TriggerEventTypeName = "ULOG_JOB_TERMINATED"
TotalRemoteUsage = "Usr 0 00:18:50, Sys 0 00:00:26"
JOB_Site = "FermiGrid"
JOB_GLIDEIN_Site = "FermiGrid"
Proc = 0
EventTime = "2018-05-29T14:47:34"
TotalSentBytes = 24746.0
TriggerEventTypeNumber = 5
TotalLocalUsage = "Usr 0 00:00:00, Sys 0 00:00:00"
JOB_GLIDEIN_Schedd = "Unknown"
Cluster = 7972923
RunLocalUsage = "Usr 0 00:00:00, Sys 0 00:00:00"
JOB_GLIDEIN_Entry_Name = "Unknown"
JOB_GLIDEIN_ProcId = "Unknown"
JOB_GLIDEIN_Factory = "Unknown"
JOB_GLIDEIN_SiteWMS_Queue = "Unknown"
RunRemoteUsage = "Usr 0 00:18:50, Sys 0 00:00:26"
JOB_GLIDEIN_SiteWMS_JobId = "Unknown"
TotalReceivedBytes = 58988.0
...
