Tue May 29 19:14:10 UTC 2018 BEGIN WRAPFILE COPY-IN /storage/local/data1/condor/execute/dir_27967/jsb_tmp/ifdh.sh cp -D /pnfs/uboone/scratch/users/sporzio/Work/DqmCalibrationNtuples/ext/v1/anatrees/work7571e840a3536fa12b6fe00eaea916af.tar /storage/local/data1/condor/execute/dir_27967/no_xfer/0/TRANSFERRED_INPUT_FILES/
Tue May 29 19:14:11 UTC 2018 FINISHED WRAPFILE COPY-IN /storage/local/data1/condor/execute/dir_27967/jsb_tmp/ifdh.sh cp -D /pnfs/uboone/scratch/users/sporzio/Work/DqmCalibrationNtuples/ext/v1/anatrees/work7571e840a3536fa12b6fe00eaea916af.tar /storage/local/data1/condor/execute/dir_27967/no_xfer/0/TRANSFERRED_INPUT_FILES/
Tue May 29 19:14:12 UTC 2018 BEGIN EXECUTION ./anatrees-ext-development.sh --nfile 1 --group uboone -g -c wrapper.fcl --ups uboonecode -r development -b debug --localtar /pnfs/uboone/resilient/users/sporzio/GridFiles/uboonecode_v06_26_01_17.tar --workdir /pnfs/uboone/scratch/users/sporzio/Work/DqmCalibrationNtuples/ext/v1/anatrees --outdir /pnfs/uboone/scratch/users/sporzio/DqmCalibrationNtuples/ext/v1/Samples/anatrees --logdir /pnfs/uboone/scratch/users/sporzio/DqmCalibrationNtuples/ext/v1/Logs/anatrees --sam_defname sporzio_prod_extbnb_swizzle_inclusive_v5_17-05-18_1kfiles --sam_project sporzio_prod_extbnb_swizzle_inclusive_v5_17-05-18_1kfiles_20180529140707 -n 1000000 --end-script ./merge_dqm_hists.sh --init /cvmfs/uboone.opensciencegrid.org/products/setup_uboone.sh --validate --declare --maintain_parentage --process 43
Nodename: sporzio-7972903-0-fnpc7030.fnal.gov
uid=51043(sporzio) gid=9937(microboo) groups=9937(microboo)
Load average:
47.89 49.45 50.18 48/3259 340
uname -r: 3.10.0-693.21.1.el7.x86_64
UPS_OVERRIDE: -H Linux64bit+2.6-2.12
Condor dir input: /storage/local/data1/condor/execute/dir_27967/no_xfer/0/TRANSFERRED_INPUT_FILES
Initializing ups and mrb.
Sourcing /cvmfs/uboone.opensciencegrid.org/products/setup_uboone.sh
Setting up old larsoft UPS area... /cvmfs/fermilab.opensciencegrid.org/products/larsoft/
Setting up new larsoft UPS area... /cvmfs/larsoft.opensciencegrid.org/products/
Setting up uboone UPS area... /cvmfs/uboone.opensciencegrid.org/products/
PRODUCTS=/cvmfs/uboone.opensciencegrid.org/products:/cvmfs/larsoft.opensciencegrid.org/products:/cvmfs/fermilab.opensciencegrid.org/products/larsoft:/cvmfs/fermilab.opensciencegrid.org/products/common/db
Group: uboone
X509_USER_PROXY = /storage/local/data1/condor/execute/dir_27967/x509cc_sporzio_Analysis
IFDH_OPT=
Output directory: /pnfs/uboone/scratch/users/sporzio/DqmCalibrationNtuples/ext/v1/Samples/anatrees
Log directory: /pnfs/uboone/scratch/users/sporzio/DqmCalibrationNtuples/ext/v1/Logs/anatrees
Scratch directory: /storage/local/data1/condor/execute/dir_27967/no_xfer/working_dir.4cKRYKnAdL
No longer fetching files from work directory.
that's now done with using jobsub -f commands
Local working directoroy:
/storage/local/data1/condor/execute/dir_27967/no_xfer/working_dir.4cKRYKnAdL/work
XYZcorrection.fcl
emptydir.py
experiment_utilities.py
extractor_dict.py
file_to_url.sh
larbatch_posix.py
larbatch_utilities.py
merge_dqm_hists.sh
merge_json.py
mkdir.py
project_utilities.py
reco_uboone_data_mcc8_driver_stage1_optfilter_ext_reduced.fcl
reco_uboone_data_mcc8_driver_stage2_reduced.fcl
root_metadata.py
subruns.py
validate_in_job.py
work7571e840a3536fa12b6fe00eaea916af.tar
wrapper.fcl

Procmap: 
Cluster: 7972903
Process: 43
Output subdirectory: 7972903_43
Fetching test release tarball /pnfs/uboone/resilient/users/sporzio/GridFiles/uboonecode_v06_26_01_17.tar.
Setting up ifdhc before fetching tarball.
IFDHC_DIR=/cvmfs/fermilab.opensciencegrid.org/products/common/db/../prd/ifdhc/v2_1_0/Linux64bit-2-6-2-12
Initializing localProducts from tarball /pnfs/uboone/resilient/users/sporzio/GridFiles/uboonecode_v06_26_01_17.tar.

MRB_PROJECT=larsoft
MRB_PROJECT_VERSION=v06_26_01_13
MRB_QUALS=e10:prof
MRB_TOP=/storage/local/data1/condor/execute/dir_27967/no_xfer/working_dir.4cKRYKnAdL
MRB_SOURCE=/uboone/app/users/sporzio/Larsoft/uboonecode_v06_26_01_17/srcs
MRB_BUILDDIR=/storage/local/data1/condor/execute/dir_27967/no_xfer/working_dir.4cKRYKnAdL/build_slf6.x86_64
MRB_INSTALL=/storage/local/data1/condor/execute/dir_27967/no_xfer/working_dir.4cKRYKnAdL/local

PRODUCTS=/storage/local/data1/condor/execute/dir_27967/no_xfer/working_dir.4cKRYKnAdL/local:/cvmfs/uboone.opensciencegrid.org/products:/cvmfs/larsoft.opensciencegrid.org/products:/cvmfs/fermilab.opensciencegrid.org/products/larsoft:/cvmfs/fermilab.opensciencegrid.org/products/common/db

Setting up all localProducts.
local product directory is /storage/local/data1/condor/execute/dir_27967/no_xfer/working_dir.4cKRYKnAdL/local
----------- this block should be empty ------------------
---------------------------------------------------------
Active ups products:
art               v2_05_01        -f Linux64bit+2.6-2.12  -q e10:nu:prof     -z /cvmfs/larsoft.opensciencegrid.org/products
artdaq_core       v1_05_09_01     -f Linux64bit+2.6-2.12  -q e10:nu:prof:s59 -z /cvmfs/larsoft.opensciencegrid.org/products
awscli            v1_7_15         -f Linux64bit+2.6-2.12                     -z /cvmfs/fermilab.opensciencegrid.org/products/common/db
boost             v1_61_0         -f Linux64bit+2.6-2.12  -q e10:prof        -z /cvmfs/larsoft.opensciencegrid.org/products
canvas            v1_05_02        -f Linux64bit+2.6-2.12  -q e10:nu:prof     -z /cvmfs/larsoft.opensciencegrid.org/products
cetlib            v1_21_00        -f Linux64bit+2.6-2.12  -q e10:prof        -z /cvmfs/larsoft.opensciencegrid.org/products
cetpkgsupport     v1_14_01        -f NULL                                    -z /cvmfs/larsoft.opensciencegrid.org/products
cigetcert         v1_16_1         -f Linux64bit+2.6-2.12                     -z /cvmfs/fermilab.opensciencegrid.org/products/common/db
cigetcertlibs     v1_1            -f Linux64bit+2.6-2.12                     -z /cvmfs/fermilab.opensciencegrid.org/products/common/db
clhep             v2_3_3_2        -f Linux64bit+2.6-2.12  -q e10:prof        -z /cvmfs/larsoft.opensciencegrid.org/products
cpn               v1.7            -f NULL                                    -z /cvmfs/fermilab.opensciencegrid.org/products/common/db
cppunit           v1_12_1d        -f Linux64bit+2.6-2.12  -q e10:prof        -z /cvmfs/larsoft.opensciencegrid.org/products
cry               v1_7f           -f Linux64bit+2.6-2.12  -q e10:prof        -z /cvmfs/larsoft.opensciencegrid.org/products
eigen             v3_2_9a         -f NULL                                    -z /cvmfs/larsoft.opensciencegrid.org/products
fftw              v3_3_4          -f Linux64bit+2.6-2.12  -q prof            -z /cvmfs/larsoft.opensciencegrid.org/products
fhiclcpp          v4_02_00        -f Linux64bit+2.6-2.12  -q e10:prof        -z /cvmfs/larsoft.opensciencegrid.org/products
g4abla            v3_0            -f NULL                                    -z /cvmfs/larsoft.opensciencegrid.org/products
g4emlow           v6_41           -f NULL                                    -z /cvmfs/larsoft.opensciencegrid.org/products
g4neutron         v4_5            -f NULL                                    -z /cvmfs/larsoft.opensciencegrid.org/products
g4neutronxs       v1_4            -f NULL                                    -z /cvmfs/larsoft.opensciencegrid.org/products
g4nucleonxs       v1_1            -f NULL                                    -z /cvmfs/larsoft.opensciencegrid.org/products
g4nuclide         v1_0            -f NULL                                    -z /cvmfs/larsoft.opensciencegrid.org/products
g4photon          v3_1            -f NULL                                    -z /cvmfs/larsoft.opensciencegrid.org/products
g4pii             v1_3            -f NULL                                    -z /cvmfs/larsoft.opensciencegrid.org/products
g4radiative       v4_2            -f NULL                                    -z /cvmfs/larsoft.opensciencegrid.org/products
g4surface         v1_0            -f NULL                                    -z /cvmfs/larsoft.opensciencegrid.org/products
gallery           v1_03_13        -f Linux64bit+2.6-2.12  -q e10:nu:prof     -z /cvmfs/larsoft.opensciencegrid.org/products
gcc               v4_9_3a         -f Linux64bit+2.6-2.12                     -z /cvmfs/larsoft.opensciencegrid.org/products
geant4            v4_10_1_p03d    -f Linux64bit+2.6-2.12  -q e10:prof        -z /cvmfs/larsoft.opensciencegrid.org/products
genie             v2_12_2         -f Linux64bit+2.6-2.12  -q e10:prof:r6     -z /cvmfs/larsoft.opensciencegrid.org/products
genie_xsec        v2_12_0         -f NULL                 -q DefaultPlusMECWithNC -z /cvmfs/uboone.opensciencegrid.org/products
git               v2_15_1         -f Linux64bit+2.6-2.12                     -z /cvmfs/larsoft.opensciencegrid.org/products
gitflow           v1_11_0         -f NULL                                    -z /cvmfs/larsoft.opensciencegrid.org/products
gsl               v2_1            -f Linux64bit+2.6-2.12  -q prof            -z /cvmfs/larsoft.opensciencegrid.org/products
ifbeam            v2_0_1          -f Linux64bit+2.6-2.12  -q e10:p2711:prof  -z /cvmfs/larsoft.opensciencegrid.org/products
ifdhc             v2_0_1          -f Linux64bit+2.6-2.12  -q e10:p2711:prof  -z /cvmfs/larsoft.opensciencegrid.org/products
ifdhc_config      v2_3_3          -f NULL                                    -z /cvmfs/larsoft.opensciencegrid.org/products
ifdh_art          v2_00_03        -f Linux64bit+2.6-2.12  -q e10:nu:prof:s59 -z /cvmfs/larsoft.opensciencegrid.org/products
jobsub_client     v1_2_5          -f NULL                                    -z /cvmfs/uboone.opensciencegrid.org/products
jsoncpp           v1_7_2          -f Linux64bit+2.6-2.12  -q e10:prof        -z /cvmfs/larsoft.opensciencegrid.org/products
larana            v06_03_18_13    -f Linux64bit+2.6-2.12  -q e10:prof        -z /cvmfs/larsoft.opensciencegrid.org/products
larbatch          v01_39_01       -f NULL                                    -z /cvmfs/larsoft.opensciencegrid.org/products
larcore           v06_05_03_03    -f Linux64bit+2.6-2.12  -q e10:prof        -z /cvmfs/larsoft.opensciencegrid.org/products
larcoreobj        v1_06_02_03     -f Linux64bit+2.6-2.12  -q e10:prof        -z /cvmfs/larsoft.opensciencegrid.org/products
larcv             v06_26_01_01    -f Linux64bit+2.6-2.12  -q e10:prof        -z /cvmfs/uboone.opensciencegrid.org/products
lardata           v06_14_04_06    -f Linux64bit+2.6-2.12  -q e10:prof        -z /cvmfs/larsoft.opensciencegrid.org/products
lardataobj        v1_11_00_06     -f Linux64bit+2.6-2.12  -q e10:prof        -z /cvmfs/larsoft.opensciencegrid.org/products
lareventdisplay   v06_02_14_13    -f Linux64bit+2.6-2.12  -q e10:prof        -z /cvmfs/larsoft.opensciencegrid.org/products
larevt            v06_07_09_08    -f Linux64bit+2.6-2.12  -q e10:prof        -z /cvmfs/larsoft.opensciencegrid.org/products
larexamples       v06_01_15_09    -f Linux64bit+2.6-2.12  -q e10:prof        -z /cvmfs/larsoft.opensciencegrid.org/products
larlite           v06_26_01_01    -f Linux64bit+2.6-2.12  -q e10:prof        -z /cvmfs/uboone.opensciencegrid.org/products
larpandora        v06_08_00_13    -f Linux64bit+2.6-2.12  -q e10:prof        -z /cvmfs/larsoft.opensciencegrid.org/products
larpandoracontent  v03_07_02_05    -f Linux64bit+2.6-2.12  -q e10:prof        -z /cvmfs/larsoft.opensciencegrid.org/products
larreco           v06_20_00_13    -f Linux64bit+2.6-2.12  -q e10:prof        -z /cvmfs/larsoft.opensciencegrid.org/products
larsim            v06_13_01_09    -f Linux64bit+2.6-2.12  -q e10:prof        -z /cvmfs/larsoft.opensciencegrid.org/products
larsoft           v06_26_01_13    -f Linux64bit+2.6-2.12  -q e10:prof        -z /cvmfs/larsoft.opensciencegrid.org/products
larsoft_data      v1_01_01        -f NULL                                    -z /cvmfs/larsoft.opensciencegrid.org/products
larwirecell       v06_00_13_10    -f Linux64bit+2.6-2.12  -q e10:prof        -z /cvmfs/larsoft.opensciencegrid.org/products
lhapdf            v5_9_1e         -f Linux64bit+2.6-2.12  -q e10:prof        -z /cvmfs/larsoft.opensciencegrid.org/products
libwda            v2_22_2         -f Linux64bit+2.6-2.12                     -z /cvmfs/larsoft.opensciencegrid.org/products
libxml2           v2_9_3          -f Linux64bit+2.6-2.12  -q prof            -z /cvmfs/larsoft.opensciencegrid.org/products
log4cpp           v1_1_1e         -f Linux64bit+2.6-2.12  -q e10:prof        -z /cvmfs/larsoft.opensciencegrid.org/products
marley            v0_9_5a         -f Linux64bit+2.6-2.12  -q e10:prof        -z /cvmfs/larsoft.opensciencegrid.org/products
messagefacility   v1_18_00        -f Linux64bit+2.6-2.12  -q e10:prof        -z /cvmfs/larsoft.opensciencegrid.org/products
mrb               v1_15_01        -f NULL                                    -z /cvmfs/larsoft.opensciencegrid.org/products
mysql_client      v5_5_48a        -f Linux64bit+2.6-2.12  -q e10             -z /cvmfs/larsoft.opensciencegrid.org/products
nucondb           v2_0_1          -f Linux64bit+2.6-2.12  -q e10:p2711:prof  -z /cvmfs/larsoft.opensciencegrid.org/products
nusimdata         v1_06_02        -f Linux64bit+2.6-2.12  -q e10:prof        -z /cvmfs/larsoft.opensciencegrid.org/products
nutools           v2_10_00_01     -f Linux64bit+2.6-2.12  -q e10:prof        -z /cvmfs/larsoft.opensciencegrid.org/products
pandora           v03_00_00       -f Linux64bit+2.6-2.12  -q e10:nu:prof     -z /cvmfs/larsoft.opensciencegrid.org/products
pdfsets           v5_9_1b         -f NULL                                    -z /cvmfs/larsoft.opensciencegrid.org/products
postgresql        v9_3_12         -f Linux64bit+2.6-2.12  -q p2711           -z /cvmfs/larsoft.opensciencegrid.org/products
pycurl            v7_16_4         -f Linux64bit+2.6-2.12                     -z /cvmfs/fermilab.opensciencegrid.org/products/common/db
pythia            v6_4_28e        -f Linux64bit+2.6-2.12  -q gcc493a:prof    -z /cvmfs/larsoft.opensciencegrid.org/products
python            v2_7_11         -f Linux64bit+2.6-2.12                     -z /cvmfs/larsoft.opensciencegrid.org/products
range             v3_0_0          -f NULL                                    -z /cvmfs/larsoft.opensciencegrid.org/products
root              v6_06_08        -f Linux64bit+2.6-2.12  -q e10:nu:prof     -z /cvmfs/larsoft.opensciencegrid.org/products
sam_web_client    v2_0            -f NULL                                    -z /cvmfs/fermilab.opensciencegrid.org/products/common/db
setpath           v1_11           -f NULL                                    -z /cvmfs/fermilab.opensciencegrid.org/products/common/db
sqlite            v3_12_02_00     -f Linux64bit+2.6-2.12                     -z /cvmfs/larsoft.opensciencegrid.org/products
swtrigger         v02_02_03       -f Linux64bit+2.6-2.12  -q e10:prof        -z /cvmfs/uboone.opensciencegrid.org/products
tbb               v4_4_3a         -f Linux64bit+2.6-2.12  -q e10:prof        -z /cvmfs/larsoft.opensciencegrid.org/products
uboonecode        v06_26_01_17    -f Linux64bit+2.6-2.12  -q e10:prof        -z /storage/local/data1/condor/execute/dir_27967/no_xfer/working_dir.4cKRYKnAdL/local
uboonedaq_datatypes  v6_19_01_e10    -f Linux64bit+2.6-2.12  -q e10:prof        -z /cvmfs/uboone.opensciencegrid.org/products
uboonedata        v01_17_00_06    -f NULL                                    -z /cvmfs/uboone.opensciencegrid.org/products
uboone_photon_propagation  v01_00_00       -f NULL                                    -z /cvmfs/uboone.opensciencegrid.org/products
ubutil            v06_26_01_17    -f Linux64bit+2.6-2.12  -q e10:prof        -z /cvmfs/uboone.opensciencegrid.org/products
ups               v6_0_7          -f Linux64bit+2.6-2.12                     -z /cvmfs/uboone.opensciencegrid.org/products
wirecell          v0_5_2          -f Linux64bit+2.6-2.12  -q e10:prof        -z /cvmfs/larsoft.opensciencegrid.org/products
xerces_c          v3_1_3          -f Linux64bit+2.6-2.12  -q e10:prof        -z /cvmfs/larsoft.opensciencegrid.org/products
xrootd            v3_3_4e         -f Linux64bit+2.6-2.12  -q e10:prof        -z /cvmfs/larsoft.opensciencegrid.org/products
IFDH_ART_DIR=/cvmfs/larsoft.opensciencegrid.org/products/ifdh_art/v2_00_03
IFDHC_DIR=/cvmfs/larsoft.opensciencegrid.org/products/ifdhc/v2_0_1
Start loop over stages
In SAM if
Sam project: sporzio_prod_extbnb_swizzle_inclusive_v5_17-05-18_1kfiles_20180529140707
Project url: http://samwebgpvm03.fnal.gov:8480/sam/uboone/stations/uboone/projects/name/sporzio_prod_extbnb_swizzle_inclusive_v5_17-05-18_1kfiles_20180529140707
Starting consumer process.
ifdh establishProcess http://samwebgpvm03.fnal.gov:8480/sam/uboone/stations/uboone/projects/name/sporzio_prod_extbnb_swizzle_inclusive_v5_17-05-18_1kfiles_20180529140707 DataRecoStage1OpticalFilter development sporzio-7972903-0-fnpc7030.fnal.gov sporzio art Stage0.fcl 1 
Consumer process id 29314457
Laropt: -c Stage0.fcl --rethrow-default
/storage/local/data1/condor/execute/dir_27967/no_xfer/working_dir.4cKRYKnAdL/work
lar -c Stage0.fcl --rethrow-default -n 1000000 --sam-web-uri http://samwebgpvm03.fnal.gov:8480/sam/uboone/stations/uboone/projects/name/sporzio_prod_extbnb_swizzle_inclusive_v5_17-05-18_1kfiles_20180529140707 --sam-process-id 29314457
lar completed with exit status 0.
Laropt: -c Stage1.fcl --rethrow-default
/storage/local/data1/condor/execute/dir_27967/no_xfer/working_dir.4cKRYKnAdL/work
lar -c Stage1.fcl --rethrow-default -n 1000000 -s PhysicsRun-2017_10_27_17_19_2-0013697-00043_20171028T071748_ext_bnb_20171028T113621_merged_20180529T193614_reco1.root
lar completed with exit status 0.
Laropt: -c Stage2.fcl --rethrow-default
/storage/local/data1/condor/execute/dir_27967/no_xfer/working_dir.4cKRYKnAdL/work
lar -c Stage2.fcl --rethrow-default -n 1000000 -s PhysicsRun-2017_10_27_17_19_2-0013697-00043_20171028T071748_ext_bnb_20171028T113621_merged_20180529T193614_reco1_20180529T194444_reco2.root
lar completed with exit status 0.
IFDHC_DIR=/cvmfs/larsoft.opensciencegrid.org/products/ifdhc/v2_0_1
Running end-of-job script ./merge_dqm_hists.sh.
hadd Target file: reco_stage_12_hist.root
hadd compression setting for all ouput: 1
hadd Source file 1: reco_stage_1_hist.root
hadd Source file 2: reco_stage_2_hist.root
hadd Target path: reco_stage_12_hist.root:/
hadd Target path: reco_stage_12_hist.root:/saturation
hadd Target path: reco_stage_12_hist.root:/gaushit
hadd Target path: reco_stage_12_hist.root:/DQMChannels
hadd Target path: reco_stage_12_hist.root:/DQMFlashes
hadd Target path: reco_stage_12_hist.root:/DQMHits
hadd Target path: reco_stage_12_hist.root:/DQMTPCBursts
hadd Target path: reco_stage_12_hist.root:/caldata
hadd Target path: reco_stage_12_hist.root:/pandoraCosmicContTag
hadd Target path: reco_stage_12_hist.root:/pandoraNuContTag
hadd Target path: reco_stage_12_hist.root:/pandoraNuPMAContTag
hadd Target path: reco_stage_12_hist.root:/trajcluster
hadd Target path: reco_stage_12_hist.root:/pmtrackContTag
hadd Target path: reco_stage_12_hist.root:/DQMGoodRuns
The file's parents are: 
PhysicsRun-2017_10_27_17_19_2-0013697-00043_20171028T071748_ext_bnb_20171028T113621_merged.root
The file's aunts are: 
./validate_in_job.py --dir /storage/local/data1/condor/execute/dir_27967/no_xfer/working_dir.4cKRYKnAdL/work/out --logfiledir /storage/local/data1/condor/execute/dir_27967/no_xfer/working_dir.4cKRYKnAdL/work/log --outdir /pnfs/uboone/scratch/users/sporzio/DqmCalibrationNtuples/ext/v1/Samples/anatrees/7972903_43 --declare 1 --copy 0 --maintain_parentage 1
Do decleration in job: 1
Checking root files in directory /storage/local/data1/condor/execute/dir_27967/no_xfer/working_dir.4cKRYKnAdL/work/out.
0 processes completed successfully.
2 total good histogram files.
Declaring reco_stage_12_hist.root
No sam metadata found for reco_stage_12_hist.root.
Declaring XYZcorrection.root
No sam metadata found for XYZcorrection.root.
Make directory /pnfs/uboone/scratch/users/sporzio/DqmCalibrationNtuples/ext/v1/Logs/anatrees/7972903_43.
Tue May 29 19:47:16 UTC 2018
Done making directory /pnfs/uboone/scratch/users/sporzio/DqmCalibrationNtuples/ext/v1/Logs/anatrees/7972903_43.
Tue May 29 19:47:16 UTC 2018
Make directory /pnfs/uboone/scratch/users/sporzio/DqmCalibrationNtuples/ext/v1/Samples/anatrees/7972903_43.
Tue May 29 19:47:16 UTC 2018
Done making directory /pnfs/uboone/scratch/users/sporzio/DqmCalibrationNtuples/ext/v1/Samples/anatrees/7972903_43.
Tue May 29 19:47:17 UTC 2018
ls log
Stage0.fcl
Stage1.fcl
Stage2.fcl
XYZcorrection.fcl
XYZcorrection.root.json
ana_hist.root.json
bad.list
cfgStage0.fcl
cfgStage1.fcl
cfgStage2.fcl
commandStage0.txt
commandStage1.txt
commandStage2.txt
consumed_files.list
cpid.txt
emptydir.py
env.txt
events.list
experiment_utilities.py
experiment_utilities.pyc
extractor_dict.py
extractor_dict.pyc
file_to_url.sh
files.list
filesana.list
gmon.out
hostname.txt
jobid.txt
lar.stat
larStage0.err
larStage0.out
larStage0.stat
larStage1.err
larStage1.out
larStage1.stat
larStage2.err
larStage2.out
larStage2.stat
larbatch_posix.py
larbatch_posix.pyc
larbatch_utilities.py
larbatch_utilities.pyc
log.tar
mem1.db
mem2.db
merge_dqm_hists.sh
merge_json.py
missing_files.list
mkdir.py
project_utilities.py
project_utilities.pyc
reco_stage_12_hist.root.json
reco_uboone_data_mcc8_driver_stage1_optfilter_ext_reduced.fcl
reco_uboone_data_mcc8_driver_stage2_reduced.fcl
root_metadata.py
root_metadata.pyc
sam_project.txt
subruns.py
time1.db
time2.db
validate.list
validate_in_job.py
work7571e840a3536fa12b6fe00eaea916af.tar
wrapper.fcl
ifdh cp -D  log/log.tar /pnfs/uboone/scratch/users/sporzio/DqmCalibrationNtuples/ext/v1/Logs/anatrees/7972903_43
Tue May 29 19:47:17 UTC 2018
ifdh cp -D  out/* /pnfs/uboone/scratch/users/sporzio/DqmCalibrationNtuples/ext/v1/Samples/anatrees/7972903_43
Tue May 29 19:47:19 UTC 2018 ./anatrees-ext-development.sh COMPLETED with exit status 0
