000 (7972867.000.000) 05/29 14:12:35 Job submitted from host: <131.225.240.41:9615?addrs=131.225.240.41-9615&noUDP&sock=9488_a3ef_3>
    DAG Node: Jb_18_0
...
028 (7972867.000.000) 05/29 14:12:35 Job ad information event triggered.
JOB_GLIDEIN_Name = "$$(GLIDEIN_Name:Unknown)"
JOB_Site = "$$(GLIDEIN_Site:Unknown)"
Proc = 0
JOB_GLIDEIN_Entry_Name = "$$(GLIDEIN_Entry_Name:Unknown)"
EventTime = "2018-05-29T14:12:35"
TriggerEventTypeName = "ULOG_SUBMIT"
SubmitHost = "<131.225.240.41:9615?addrs=131.225.240.41-9615&noUDP&sock=9488_a3ef_3>"
JOB_GLIDEIN_SiteWMS_Queue = "$$(GLIDEIN_SiteWMS_Queue:Unknown)"
TriggerEventTypeNumber = 0
JOB_GLIDEIN_Site = "$$(GLIDEIN_Site:Unknown)"
LogNotes = "DAG Node: Jb_18_0"
JOB_GLIDEIN_SiteWMS_JobId = "$$(GLIDEIN_SiteWMS_JobId:Unknown)"
MyType = "SubmitEvent"
JOB_GLIDEIN_ProcId = "$$(GLIDEIN_ProcId:Unknown)"
JOB_GLIDEIN_Schedd = "$$(GLIDEIN_Schedd:Unknown)"
JOB_GLIDEIN_ClusterId = "$$(GLIDEIN_ClusterId:Unknown)"
Cluster = 7972867
JOB_GLIDEIN_Factory = "$$(GLIDEIN_Factory:Unknown)"
JOB_GLIDEIN_SiteWMS_Slot = "$$(GLIDEIN_SiteWMS_Slot:Unknown)"
Subproc = 0
EventTypeNumber = 28
JOB_GLIDEIN_SiteWMS = "$$(GLIDEIN_SiteWMS:Unknown)"
...
001 (7972867.000.000) 05/29 14:12:50 Job executing on host: <131.225.209.186:9618?addrs=131.225.209.186-9618&noUDP&sock=1986_cf2d_3>
...
028 (7972867.000.000) 05/29 14:12:50 Job ad information event triggered.
JOB_GLIDEIN_Name = "Unknown"
JOB_Site = "FermiGrid"
Proc = 0
JOB_GLIDEIN_Entry_Name = "Unknown"
EventTime = "2018-05-29T14:12:50"
TriggerEventTypeName = "ULOG_EXECUTE"
JOB_GLIDEIN_SiteWMS_Queue = "Unknown"
TriggerEventTypeNumber = 1
ExecuteHost = "<131.225.209.186:9618?addrs=131.225.209.186-9618&noUDP&sock=1986_cf2d_3>"
JOB_GLIDEIN_Site = "FermiGrid"
JOB_GLIDEIN_SiteWMS_JobId = "Unknown"
MyType = "ExecuteEvent"
JOB_GLIDEIN_ProcId = "Unknown"
JOB_GLIDEIN_Schedd = "Unknown"
JOB_GLIDEIN_ClusterId = "Unknown"
Cluster = 7972867
JOB_GLIDEIN_Factory = "Unknown"
JOB_GLIDEIN_SiteWMS_Slot = "Unknown"
Subproc = 0
EventTypeNumber = 28
JOB_GLIDEIN_SiteWMS = "Unknown"
...
006 (7972867.000.000) 05/29 14:12:58 Image size of job updated: 12
	1  -  MemoryUsage of job (MB)
	1184  -  ResidentSetSize of job (KB)
...
028 (7972867.000.000) 05/29 14:12:58 Job ad information event triggered.
JOB_Site = "FermiGrid"
JOB_GLIDEIN_Name = "Unknown"
Size = 12
Proc = 0
JOB_GLIDEIN_Entry_Name = "Unknown"
EventTime = "2018-05-29T14:12:58"
TriggerEventTypeName = "ULOG_IMAGE_SIZE"
JOB_GLIDEIN_SiteWMS_Queue = "Unknown"
MemoryUsage = 1
TriggerEventTypeNumber = 6
JOB_GLIDEIN_Site = "FermiGrid"
JOB_GLIDEIN_SiteWMS_JobId = "Unknown"
MyType = "JobImageSizeEvent"
JOB_GLIDEIN_ProcId = "Unknown"
JOB_GLIDEIN_Schedd = "Unknown"
JOB_GLIDEIN_ClusterId = "Unknown"
Cluster = 7972867
JOB_GLIDEIN_Factory = "Unknown"
JOB_GLIDEIN_SiteWMS_Slot = "Unknown"
Subproc = 0
ResidentSetSize = 1184
EventTypeNumber = 28
JOB_GLIDEIN_SiteWMS = "Unknown"
...
006 (7972867.000.000) 05/29 14:13:59 Image size of job updated: 12
	1  -  MemoryUsage of job (MB)
	1280  -  ResidentSetSize of job (KB)
...
028 (7972867.000.000) 05/29 14:13:59 Job ad information event triggered.
JOB_Site = "FermiGrid"
JOB_GLIDEIN_Name = "Unknown"
Size = 12
Proc = 0
JOB_GLIDEIN_Entry_Name = "Unknown"
EventTime = "2018-05-29T14:13:59"
TriggerEventTypeName = "ULOG_IMAGE_SIZE"
JOB_GLIDEIN_SiteWMS_Queue = "Unknown"
MemoryUsage = 1
TriggerEventTypeNumber = 6
JOB_GLIDEIN_Site = "FermiGrid"
JOB_GLIDEIN_SiteWMS_JobId = "Unknown"
MyType = "JobImageSizeEvent"
JOB_GLIDEIN_ProcId = "Unknown"
JOB_GLIDEIN_Schedd = "Unknown"
JOB_GLIDEIN_ClusterId = "Unknown"
Cluster = 7972867
JOB_GLIDEIN_Factory = "Unknown"
JOB_GLIDEIN_SiteWMS_Slot = "Unknown"
Subproc = 0
ResidentSetSize = 1280
EventTypeNumber = 28
JOB_GLIDEIN_SiteWMS = "Unknown"
...
006 (7972867.000.000) 05/29 14:15:00 Image size of job updated: 926
	926  -  MemoryUsage of job (MB)
	948476  -  ResidentSetSize of job (KB)
...
028 (7972867.000.000) 05/29 14:15:00 Job ad information event triggered.
JOB_Site = "FermiGrid"
JOB_GLIDEIN_Name = "Unknown"
Size = 926
Proc = 0
JOB_GLIDEIN_Entry_Name = "Unknown"
EventTime = "2018-05-29T14:15:00"
TriggerEventTypeName = "ULOG_IMAGE_SIZE"
JOB_GLIDEIN_SiteWMS_Queue = "Unknown"
MemoryUsage = 926
TriggerEventTypeNumber = 6
JOB_GLIDEIN_Site = "FermiGrid"
JOB_GLIDEIN_SiteWMS_JobId = "Unknown"
MyType = "JobImageSizeEvent"
JOB_GLIDEIN_ProcId = "Unknown"
JOB_GLIDEIN_Schedd = "Unknown"
JOB_GLIDEIN_ClusterId = "Unknown"
Cluster = 7972867
JOB_GLIDEIN_Factory = "Unknown"
JOB_GLIDEIN_SiteWMS_Slot = "Unknown"
Subproc = 0
ResidentSetSize = 948476
EventTypeNumber = 28
JOB_GLIDEIN_SiteWMS = "Unknown"
...
006 (7972867.000.000) 05/29 14:16:01 Image size of job updated: 1059
	1059  -  MemoryUsage of job (MB)
	1085184  -  ResidentSetSize of job (KB)
...
028 (7972867.000.000) 05/29 14:16:01 Job ad information event triggered.
JOB_Site = "FermiGrid"
JOB_GLIDEIN_Name = "Unknown"
Size = 1059
Proc = 0
JOB_GLIDEIN_Entry_Name = "Unknown"
EventTime = "2018-05-29T14:16:01"
TriggerEventTypeName = "ULOG_IMAGE_SIZE"
JOB_GLIDEIN_SiteWMS_Queue = "Unknown"
MemoryUsage = 1059
TriggerEventTypeNumber = 6
JOB_GLIDEIN_Site = "FermiGrid"
JOB_GLIDEIN_SiteWMS_JobId = "Unknown"
MyType = "JobImageSizeEvent"
JOB_GLIDEIN_ProcId = "Unknown"
JOB_GLIDEIN_Schedd = "Unknown"
JOB_GLIDEIN_ClusterId = "Unknown"
Cluster = 7972867
JOB_GLIDEIN_Factory = "Unknown"
JOB_GLIDEIN_SiteWMS_Slot = "Unknown"
Subproc = 0
ResidentSetSize = 1085184
EventTypeNumber = 28
JOB_GLIDEIN_SiteWMS = "Unknown"
...
006 (7972867.000.000) 05/29 14:17:02 Image size of job updated: 1060
	1060  -  MemoryUsage of job (MB)
	1086320  -  ResidentSetSize of job (KB)
...
028 (7972867.000.000) 05/29 14:17:02 Job ad information event triggered.
JOB_Site = "FermiGrid"
JOB_GLIDEIN_Name = "Unknown"
Size = 1060
Proc = 0
JOB_GLIDEIN_Entry_Name = "Unknown"
EventTime = "2018-05-29T14:17:02"
TriggerEventTypeName = "ULOG_IMAGE_SIZE"
JOB_GLIDEIN_SiteWMS_Queue = "Unknown"
MemoryUsage = 1060
TriggerEventTypeNumber = 6
JOB_GLIDEIN_Site = "FermiGrid"
JOB_GLIDEIN_SiteWMS_JobId = "Unknown"
MyType = "JobImageSizeEvent"
JOB_GLIDEIN_ProcId = "Unknown"
JOB_GLIDEIN_Schedd = "Unknown"
JOB_GLIDEIN_ClusterId = "Unknown"
Cluster = 7972867
JOB_GLIDEIN_Factory = "Unknown"
JOB_GLIDEIN_SiteWMS_Slot = "Unknown"
Subproc = 0
ResidentSetSize = 1086320
EventTypeNumber = 28
JOB_GLIDEIN_SiteWMS = "Unknown"
...
006 (7972867.000.000) 05/29 14:18:03 Image size of job updated: 1060
	1058  -  MemoryUsage of job (MB)
	1086320  -  ResidentSetSize of job (KB)
...
028 (7972867.000.000) 05/29 14:18:03 Job ad information event triggered.
JOB_Site = "FermiGrid"
JOB_GLIDEIN_Name = "Unknown"
Size = 1060
Proc = 0
JOB_GLIDEIN_Entry_Name = "Unknown"
EventTime = "2018-05-29T14:18:03"
TriggerEventTypeName = "ULOG_IMAGE_SIZE"
JOB_GLIDEIN_SiteWMS_Queue = "Unknown"
MemoryUsage = 1058
TriggerEventTypeNumber = 6
JOB_GLIDEIN_Site = "FermiGrid"
JOB_GLIDEIN_SiteWMS_JobId = "Unknown"
MyType = "JobImageSizeEvent"
JOB_GLIDEIN_ProcId = "Unknown"
JOB_GLIDEIN_Schedd = "Unknown"
JOB_GLIDEIN_ClusterId = "Unknown"
Cluster = 7972867
JOB_GLIDEIN_Factory = "Unknown"
JOB_GLIDEIN_SiteWMS_Slot = "Unknown"
Subproc = 0
ResidentSetSize = 1086320
EventTypeNumber = 28
JOB_GLIDEIN_SiteWMS = "Unknown"
...
006 (7972867.000.000) 05/29 14:19:04 Image size of job updated: 1062
	1062  -  MemoryUsage of job (MB)
	1088388  -  ResidentSetSize of job (KB)
...
028 (7972867.000.000) 05/29 14:19:04 Job ad information event triggered.
JOB_Site = "FermiGrid"
JOB_GLIDEIN_Name = "Unknown"
Size = 1062
Proc = 0
JOB_GLIDEIN_Entry_Name = "Unknown"
EventTime = "2018-05-29T14:19:04"
TriggerEventTypeName = "ULOG_IMAGE_SIZE"
JOB_GLIDEIN_SiteWMS_Queue = "Unknown"
MemoryUsage = 1062
TriggerEventTypeNumber = 6
JOB_GLIDEIN_Site = "FermiGrid"
JOB_GLIDEIN_SiteWMS_JobId = "Unknown"
MyType = "JobImageSizeEvent"
JOB_GLIDEIN_ProcId = "Unknown"
JOB_GLIDEIN_Schedd = "Unknown"
JOB_GLIDEIN_ClusterId = "Unknown"
Cluster = 7972867
JOB_GLIDEIN_Factory = "Unknown"
JOB_GLIDEIN_SiteWMS_Slot = "Unknown"
Subproc = 0
ResidentSetSize = 1088388
EventTypeNumber = 28
JOB_GLIDEIN_SiteWMS = "Unknown"
...
006 (7972867.000.000) 05/29 14:20:04 Image size of job updated: 1062
	1058  -  MemoryUsage of job (MB)
	1088388  -  ResidentSetSize of job (KB)
...
028 (7972867.000.000) 05/29 14:20:04 Job ad information event triggered.
JOB_Site = "FermiGrid"
JOB_GLIDEIN_Name = "Unknown"
Size = 1062
Proc = 0
JOB_GLIDEIN_Entry_Name = "Unknown"
EventTime = "2018-05-29T14:20:04"
TriggerEventTypeName = "ULOG_IMAGE_SIZE"
JOB_GLIDEIN_SiteWMS_Queue = "Unknown"
MemoryUsage = 1058
TriggerEventTypeNumber = 6
JOB_GLIDEIN_Site = "FermiGrid"
JOB_GLIDEIN_SiteWMS_JobId = "Unknown"
MyType = "JobImageSizeEvent"
JOB_GLIDEIN_ProcId = "Unknown"
JOB_GLIDEIN_Schedd = "Unknown"
JOB_GLIDEIN_ClusterId = "Unknown"
Cluster = 7972867
JOB_GLIDEIN_Factory = "Unknown"
JOB_GLIDEIN_SiteWMS_Slot = "Unknown"
Subproc = 0
ResidentSetSize = 1088388
EventTypeNumber = 28
JOB_GLIDEIN_SiteWMS = "Unknown"
...
006 (7972867.000.000) 05/29 14:25:09 Image size of job updated: 1062
	1060  -  MemoryUsage of job (MB)
	1088388  -  ResidentSetSize of job (KB)
...
028 (7972867.000.000) 05/29 14:25:09 Job ad information event triggered.
JOB_Site = "FermiGrid"
JOB_GLIDEIN_Name = "Unknown"
Size = 1062
Proc = 0
JOB_GLIDEIN_Entry_Name = "Unknown"
EventTime = "2018-05-29T14:25:09"
TriggerEventTypeName = "ULOG_IMAGE_SIZE"
JOB_GLIDEIN_SiteWMS_Queue = "Unknown"
MemoryUsage = 1060
TriggerEventTypeNumber = 6
JOB_GLIDEIN_Site = "FermiGrid"
JOB_GLIDEIN_SiteWMS_JobId = "Unknown"
MyType = "JobImageSizeEvent"
JOB_GLIDEIN_ProcId = "Unknown"
JOB_GLIDEIN_Schedd = "Unknown"
JOB_GLIDEIN_ClusterId = "Unknown"
Cluster = 7972867
JOB_GLIDEIN_Factory = "Unknown"
JOB_GLIDEIN_SiteWMS_Slot = "Unknown"
Subproc = 0
ResidentSetSize = 1088388
EventTypeNumber = 28
JOB_GLIDEIN_SiteWMS = "Unknown"
...
006 (7972867.000.000) 05/29 14:26:10 Image size of job updated: 1062
	1058  -  MemoryUsage of job (MB)
	1088388  -  ResidentSetSize of job (KB)
...
028 (7972867.000.000) 05/29 14:26:10 Job ad information event triggered.
JOB_Site = "FermiGrid"
JOB_GLIDEIN_Name = "Unknown"
Size = 1062
Proc = 0
JOB_GLIDEIN_Entry_Name = "Unknown"
EventTime = "2018-05-29T14:26:10"
TriggerEventTypeName = "ULOG_IMAGE_SIZE"
JOB_GLIDEIN_SiteWMS_Queue = "Unknown"
MemoryUsage = 1058
TriggerEventTypeNumber = 6
JOB_GLIDEIN_Site = "FermiGrid"
JOB_GLIDEIN_SiteWMS_JobId = "Unknown"
MyType = "JobImageSizeEvent"
JOB_GLIDEIN_ProcId = "Unknown"
JOB_GLIDEIN_Schedd = "Unknown"
JOB_GLIDEIN_ClusterId = "Unknown"
Cluster = 7972867
JOB_GLIDEIN_Factory = "Unknown"
JOB_GLIDEIN_SiteWMS_Slot = "Unknown"
Subproc = 0
ResidentSetSize = 1088388
EventTypeNumber = 28
JOB_GLIDEIN_SiteWMS = "Unknown"
...
006 (7972867.000.000) 05/29 14:28:12 Image size of job updated: 1062
	1060  -  MemoryUsage of job (MB)
	1088388  -  ResidentSetSize of job (KB)
...
028 (7972867.000.000) 05/29 14:28:12 Job ad information event triggered.
JOB_Site = "FermiGrid"
JOB_GLIDEIN_Name = "Unknown"
Size = 1062
Proc = 0
JOB_GLIDEIN_Entry_Name = "Unknown"
EventTime = "2018-05-29T14:28:12"
TriggerEventTypeName = "ULOG_IMAGE_SIZE"
JOB_GLIDEIN_SiteWMS_Queue = "Unknown"
MemoryUsage = 1060
TriggerEventTypeNumber = 6
JOB_GLIDEIN_Site = "FermiGrid"
JOB_GLIDEIN_SiteWMS_JobId = "Unknown"
MyType = "JobImageSizeEvent"
JOB_GLIDEIN_ProcId = "Unknown"
JOB_GLIDEIN_Schedd = "Unknown"
JOB_GLIDEIN_ClusterId = "Unknown"
Cluster = 7972867
JOB_GLIDEIN_Factory = "Unknown"
JOB_GLIDEIN_SiteWMS_Slot = "Unknown"
Subproc = 0
ResidentSetSize = 1088388
EventTypeNumber = 28
JOB_GLIDEIN_SiteWMS = "Unknown"
...
006 (7972867.000.000) 05/29 14:29:13 Image size of job updated: 1062
	1058  -  MemoryUsage of job (MB)
	1088388  -  ResidentSetSize of job (KB)
...
028 (7972867.000.000) 05/29 14:29:13 Job ad information event triggered.
JOB_Site = "FermiGrid"
JOB_GLIDEIN_Name = "Unknown"
Size = 1062
Proc = 0
JOB_GLIDEIN_Entry_Name = "Unknown"
EventTime = "2018-05-29T14:29:13"
TriggerEventTypeName = "ULOG_IMAGE_SIZE"
JOB_GLIDEIN_SiteWMS_Queue = "Unknown"
MemoryUsage = 1058
TriggerEventTypeNumber = 6
JOB_GLIDEIN_Site = "FermiGrid"
JOB_GLIDEIN_SiteWMS_JobId = "Unknown"
MyType = "JobImageSizeEvent"
JOB_GLIDEIN_ProcId = "Unknown"
JOB_GLIDEIN_Schedd = "Unknown"
JOB_GLIDEIN_ClusterId = "Unknown"
Cluster = 7972867
JOB_GLIDEIN_Factory = "Unknown"
JOB_GLIDEIN_SiteWMS_Slot = "Unknown"
Subproc = 0
ResidentSetSize = 1088388
EventTypeNumber = 28
JOB_GLIDEIN_SiteWMS = "Unknown"
...
006 (7972867.000.000) 05/29 14:32:17 Image size of job updated: 1427
	1427  -  MemoryUsage of job (MB)
	1461908  -  ResidentSetSize of job (KB)
...
028 (7972867.000.000) 05/29 14:32:17 Job ad information event triggered.
JOB_Site = "FermiGrid"
JOB_GLIDEIN_Name = "Unknown"
Size = 1427
Proc = 0
JOB_GLIDEIN_Entry_Name = "Unknown"
EventTime = "2018-05-29T14:32:17"
TriggerEventTypeName = "ULOG_IMAGE_SIZE"
JOB_GLIDEIN_SiteWMS_Queue = "Unknown"
MemoryUsage = 1427
TriggerEventTypeNumber = 6
JOB_GLIDEIN_Site = "FermiGrid"
JOB_GLIDEIN_SiteWMS_JobId = "Unknown"
MyType = "JobImageSizeEvent"
JOB_GLIDEIN_ProcId = "Unknown"
JOB_GLIDEIN_Schedd = "Unknown"
JOB_GLIDEIN_ClusterId = "Unknown"
Cluster = 7972867
JOB_GLIDEIN_Factory = "Unknown"
JOB_GLIDEIN_SiteWMS_Slot = "Unknown"
Subproc = 0
ResidentSetSize = 1461908
EventTypeNumber = 28
JOB_GLIDEIN_SiteWMS = "Unknown"
...
006 (7972867.000.000) 05/29 14:33:18 Image size of job updated: 1427
	1411  -  MemoryUsage of job (MB)
	1461908  -  ResidentSetSize of job (KB)
...
028 (7972867.000.000) 05/29 14:33:18 Job ad information event triggered.
JOB_Site = "FermiGrid"
JOB_GLIDEIN_Name = "Unknown"
Size = 1427
Proc = 0
JOB_GLIDEIN_Entry_Name = "Unknown"
EventTime = "2018-05-29T14:33:18"
TriggerEventTypeName = "ULOG_IMAGE_SIZE"
JOB_GLIDEIN_SiteWMS_Queue = "Unknown"
MemoryUsage = 1411
TriggerEventTypeNumber = 6
JOB_GLIDEIN_Site = "FermiGrid"
JOB_GLIDEIN_SiteWMS_JobId = "Unknown"
MyType = "JobImageSizeEvent"
JOB_GLIDEIN_ProcId = "Unknown"
JOB_GLIDEIN_Schedd = "Unknown"
JOB_GLIDEIN_ClusterId = "Unknown"
Cluster = 7972867
JOB_GLIDEIN_Factory = "Unknown"
JOB_GLIDEIN_SiteWMS_Slot = "Unknown"
Subproc = 0
ResidentSetSize = 1461908
EventTypeNumber = 28
JOB_GLIDEIN_SiteWMS = "Unknown"
...
006 (7972867.000.000) 05/29 14:34:19 Image size of job updated: 1427
	1409  -  MemoryUsage of job (MB)
	1461908  -  ResidentSetSize of job (KB)
...
028 (7972867.000.000) 05/29 14:34:19 Job ad information event triggered.
JOB_Site = "FermiGrid"
JOB_GLIDEIN_Name = "Unknown"
Size = 1427
Proc = 0
JOB_GLIDEIN_Entry_Name = "Unknown"
EventTime = "2018-05-29T14:34:19"
TriggerEventTypeName = "ULOG_IMAGE_SIZE"
JOB_GLIDEIN_SiteWMS_Queue = "Unknown"
MemoryUsage = 1409
TriggerEventTypeNumber = 6
JOB_GLIDEIN_Site = "FermiGrid"
JOB_GLIDEIN_SiteWMS_JobId = "Unknown"
MyType = "JobImageSizeEvent"
JOB_GLIDEIN_ProcId = "Unknown"
JOB_GLIDEIN_Schedd = "Unknown"
JOB_GLIDEIN_ClusterId = "Unknown"
Cluster = 7972867
JOB_GLIDEIN_Factory = "Unknown"
JOB_GLIDEIN_SiteWMS_Slot = "Unknown"
Subproc = 0
ResidentSetSize = 1461908
EventTypeNumber = 28
JOB_GLIDEIN_SiteWMS = "Unknown"
...
006 (7972867.000.000) 05/29 14:35:20 Image size of job updated: 1427
	72  -  MemoryUsage of job (MB)
	1461908  -  ResidentSetSize of job (KB)
...
028 (7972867.000.000) 05/29 14:35:20 Job ad information event triggered.
JOB_Site = "FermiGrid"
JOB_GLIDEIN_Name = "Unknown"
Size = 1427
Proc = 0
JOB_GLIDEIN_Entry_Name = "Unknown"
EventTime = "2018-05-29T14:35:20"
TriggerEventTypeName = "ULOG_IMAGE_SIZE"
JOB_GLIDEIN_SiteWMS_Queue = "Unknown"
MemoryUsage = 72
TriggerEventTypeNumber = 6
JOB_GLIDEIN_Site = "FermiGrid"
JOB_GLIDEIN_SiteWMS_JobId = "Unknown"
MyType = "JobImageSizeEvent"
JOB_GLIDEIN_ProcId = "Unknown"
JOB_GLIDEIN_Schedd = "Unknown"
JOB_GLIDEIN_ClusterId = "Unknown"
Cluster = 7972867
JOB_GLIDEIN_Factory = "Unknown"
JOB_GLIDEIN_SiteWMS_Slot = "Unknown"
Subproc = 0
ResidentSetSize = 1461908
EventTypeNumber = 28
JOB_GLIDEIN_SiteWMS = "Unknown"
...
006 (7972867.000.000) 05/29 14:36:21 Image size of job updated: 1427
	572  -  MemoryUsage of job (MB)
	1461908  -  ResidentSetSize of job (KB)
...
028 (7972867.000.000) 05/29 14:36:21 Job ad information event triggered.
JOB_Site = "FermiGrid"
JOB_GLIDEIN_Name = "Unknown"
Size = 1427
Proc = 0
JOB_GLIDEIN_Entry_Name = "Unknown"
EventTime = "2018-05-29T14:36:21"
TriggerEventTypeName = "ULOG_IMAGE_SIZE"
JOB_GLIDEIN_SiteWMS_Queue = "Unknown"
MemoryUsage = 572
TriggerEventTypeNumber = 6
JOB_GLIDEIN_Site = "FermiGrid"
JOB_GLIDEIN_SiteWMS_JobId = "Unknown"
MyType = "JobImageSizeEvent"
JOB_GLIDEIN_ProcId = "Unknown"
JOB_GLIDEIN_Schedd = "Unknown"
JOB_GLIDEIN_ClusterId = "Unknown"
Cluster = 7972867
JOB_GLIDEIN_Factory = "Unknown"
JOB_GLIDEIN_SiteWMS_Slot = "Unknown"
Subproc = 0
ResidentSetSize = 1461908
EventTypeNumber = 28
JOB_GLIDEIN_SiteWMS = "Unknown"
...
006 (7972867.000.000) 05/29 14:37:22 Image size of job updated: 1427
	633  -  MemoryUsage of job (MB)
	1461908  -  ResidentSetSize of job (KB)
...
028 (7972867.000.000) 05/29 14:37:22 Job ad information event triggered.
JOB_Site = "FermiGrid"
JOB_GLIDEIN_Name = "Unknown"
Size = 1427
Proc = 0
JOB_GLIDEIN_Entry_Name = "Unknown"
EventTime = "2018-05-29T14:37:22"
TriggerEventTypeName = "ULOG_IMAGE_SIZE"
JOB_GLIDEIN_SiteWMS_Queue = "Unknown"
MemoryUsage = 633
TriggerEventTypeNumber = 6
JOB_GLIDEIN_Site = "FermiGrid"
JOB_GLIDEIN_SiteWMS_JobId = "Unknown"
MyType = "JobImageSizeEvent"
JOB_GLIDEIN_ProcId = "Unknown"
JOB_GLIDEIN_Schedd = "Unknown"
JOB_GLIDEIN_ClusterId = "Unknown"
Cluster = 7972867
JOB_GLIDEIN_Factory = "Unknown"
JOB_GLIDEIN_SiteWMS_Slot = "Unknown"
Subproc = 0
ResidentSetSize = 1461908
EventTypeNumber = 28
JOB_GLIDEIN_SiteWMS = "Unknown"
...
006 (7972867.000.000) 05/29 14:38:23 Image size of job updated: 1427
	622  -  MemoryUsage of job (MB)
	1461908  -  ResidentSetSize of job (KB)
...
028 (7972867.000.000) 05/29 14:38:23 Job ad information event triggered.
JOB_Site = "FermiGrid"
JOB_GLIDEIN_Name = "Unknown"
Size = 1427
Proc = 0
JOB_GLIDEIN_Entry_Name = "Unknown"
EventTime = "2018-05-29T14:38:23"
TriggerEventTypeName = "ULOG_IMAGE_SIZE"
JOB_GLIDEIN_SiteWMS_Queue = "Unknown"
MemoryUsage = 622
TriggerEventTypeNumber = 6
JOB_GLIDEIN_Site = "FermiGrid"
JOB_GLIDEIN_SiteWMS_JobId = "Unknown"
MyType = "JobImageSizeEvent"
JOB_GLIDEIN_ProcId = "Unknown"
JOB_GLIDEIN_Schedd = "Unknown"
JOB_GLIDEIN_ClusterId = "Unknown"
Cluster = 7972867
JOB_GLIDEIN_Factory = "Unknown"
JOB_GLIDEIN_SiteWMS_Slot = "Unknown"
Subproc = 0
ResidentSetSize = 1461908
EventTypeNumber = 28
JOB_GLIDEIN_SiteWMS = "Unknown"
...
006 (7972867.000.000) 05/29 14:39:24 Image size of job updated: 1427
	626  -  MemoryUsage of job (MB)
	1461908  -  ResidentSetSize of job (KB)
...
028 (7972867.000.000) 05/29 14:39:24 Job ad information event triggered.
JOB_Site = "FermiGrid"
JOB_GLIDEIN_Name = "Unknown"
Size = 1427
Proc = 0
JOB_GLIDEIN_Entry_Name = "Unknown"
EventTime = "2018-05-29T14:39:24"
TriggerEventTypeName = "ULOG_IMAGE_SIZE"
JOB_GLIDEIN_SiteWMS_Queue = "Unknown"
MemoryUsage = 626
TriggerEventTypeNumber = 6
JOB_GLIDEIN_Site = "FermiGrid"
JOB_GLIDEIN_SiteWMS_JobId = "Unknown"
MyType = "JobImageSizeEvent"
JOB_GLIDEIN_ProcId = "Unknown"
JOB_GLIDEIN_Schedd = "Unknown"
JOB_GLIDEIN_ClusterId = "Unknown"
Cluster = 7972867
JOB_GLIDEIN_Factory = "Unknown"
JOB_GLIDEIN_SiteWMS_Slot = "Unknown"
Subproc = 0
ResidentSetSize = 1461908
EventTypeNumber = 28
JOB_GLIDEIN_SiteWMS = "Unknown"
...
006 (7972867.000.000) 05/29 14:44:30 Image size of job updated: 1427
	660  -  MemoryUsage of job (MB)
	1461908  -  ResidentSetSize of job (KB)
...
028 (7972867.000.000) 05/29 14:44:30 Job ad information event triggered.
JOB_Site = "FermiGrid"
JOB_GLIDEIN_Name = "Unknown"
Size = 1427
Proc = 0
JOB_GLIDEIN_Entry_Name = "Unknown"
EventTime = "2018-05-29T14:44:30"
TriggerEventTypeName = "ULOG_IMAGE_SIZE"
JOB_GLIDEIN_SiteWMS_Queue = "Unknown"
MemoryUsage = 660
TriggerEventTypeNumber = 6
JOB_GLIDEIN_Site = "FermiGrid"
JOB_GLIDEIN_SiteWMS_JobId = "Unknown"
MyType = "JobImageSizeEvent"
JOB_GLIDEIN_ProcId = "Unknown"
JOB_GLIDEIN_Schedd = "Unknown"
JOB_GLIDEIN_ClusterId = "Unknown"
Cluster = 7972867
JOB_GLIDEIN_Factory = "Unknown"
JOB_GLIDEIN_SiteWMS_Slot = "Unknown"
Subproc = 0
ResidentSetSize = 1461908
EventTypeNumber = 28
JOB_GLIDEIN_SiteWMS = "Unknown"
...
006 (7972867.000.000) 05/29 14:45:31 Image size of job updated: 1427
	58  -  MemoryUsage of job (MB)
	1461908  -  ResidentSetSize of job (KB)
...
028 (7972867.000.000) 05/29 14:45:31 Job ad information event triggered.
JOB_Site = "FermiGrid"
JOB_GLIDEIN_Name = "Unknown"
Size = 1427
Proc = 0
JOB_GLIDEIN_Entry_Name = "Unknown"
EventTime = "2018-05-29T14:45:31"
TriggerEventTypeName = "ULOG_IMAGE_SIZE"
JOB_GLIDEIN_SiteWMS_Queue = "Unknown"
MemoryUsage = 58
TriggerEventTypeNumber = 6
JOB_GLIDEIN_Site = "FermiGrid"
JOB_GLIDEIN_SiteWMS_JobId = "Unknown"
MyType = "JobImageSizeEvent"
JOB_GLIDEIN_ProcId = "Unknown"
JOB_GLIDEIN_Schedd = "Unknown"
JOB_GLIDEIN_ClusterId = "Unknown"
Cluster = 7972867
JOB_GLIDEIN_Factory = "Unknown"
JOB_GLIDEIN_SiteWMS_Slot = "Unknown"
Subproc = 0
ResidentSetSize = 1461908
EventTypeNumber = 28
JOB_GLIDEIN_SiteWMS = "Unknown"
...
005 (7972867.000.000) 05/29 14:45:35 Job terminated.
	(1) Normal termination (return value 0)
		Usr 0 00:28:07, Sys 0 00:00:29  -  Run Remote Usage
		Usr 0 00:00:00, Sys 0 00:00:00  -  Run Local Usage
		Usr 0 00:28:07, Sys 0 00:00:29  -  Total Remote Usage
		Usr 0 00:00:00, Sys 0 00:00:00  -  Total Local Usage
	24695  -  Run Bytes Sent By Job
	58988  -  Run Bytes Received By Job
	24695  -  Total Bytes Sent By Job
	58988  -  Total Bytes Received By Job
	Partitionable Resources :    Usage  Request Allocated
	   Cpus                 :                 1         1
	   Disk (KB)            :  1602795 35000000  69272130
	   Memory (MB)          :       58     2000      2000
...
028 (7972867.000.000) 05/29 14:45:35 Job ad information event triggered.
SentBytes = 24695.0
JOB_GLIDEIN_Name = "Unknown"
TerminatedNormally = true
ReturnValue = 0
JOB_GLIDEIN_ClusterId = "Unknown"
JOB_GLIDEIN_SiteWMS = "Unknown"
EventTypeNumber = 28
Subproc = 0
ReceivedBytes = 58988.0
JOB_GLIDEIN_SiteWMS_Slot = "Unknown"
MyType = "JobTerminatedEvent"
TriggerEventTypeName = "ULOG_JOB_TERMINATED"
TotalRemoteUsage = "Usr 0 00:28:07, Sys 0 00:00:29"
JOB_Site = "FermiGrid"
JOB_GLIDEIN_Site = "FermiGrid"
Proc = 0
EventTime = "2018-05-29T14:45:35"
TotalSentBytes = 24695.0
TriggerEventTypeNumber = 5
TotalLocalUsage = "Usr 0 00:00:00, Sys 0 00:00:00"
JOB_GLIDEIN_Schedd = "Unknown"
Cluster = 7972867
RunLocalUsage = "Usr 0 00:00:00, Sys 0 00:00:00"
JOB_GLIDEIN_Entry_Name = "Unknown"
JOB_GLIDEIN_ProcId = "Unknown"
JOB_GLIDEIN_Factory = "Unknown"
JOB_GLIDEIN_SiteWMS_Queue = "Unknown"
RunRemoteUsage = "Usr 0 00:28:07, Sys 0 00:00:29"
JOB_GLIDEIN_SiteWMS_JobId = "Unknown"
TotalReceivedBytes = 58988.0
...
