000 (7972854.000.000) 05/29 14:12:24 Job submitted from host: <131.225.240.41:9615?addrs=131.225.240.41-9615&noUDP&sock=9488_a3ef_3>
    DAG Node: Jb_100_0
...
028 (7972854.000.000) 05/29 14:12:24 Job ad information event triggered.
JOB_GLIDEIN_Name = "$$(GLIDEIN_Name:Unknown)"
JOB_Site = "$$(GLIDEIN_Site:Unknown)"
Proc = 0
JOB_GLIDEIN_Entry_Name = "$$(GLIDEIN_Entry_Name:Unknown)"
EventTime = "2018-05-29T14:12:24"
TriggerEventTypeName = "ULOG_SUBMIT"
SubmitHost = "<131.225.240.41:9615?addrs=131.225.240.41-9615&noUDP&sock=9488_a3ef_3>"
JOB_GLIDEIN_SiteWMS_Queue = "$$(GLIDEIN_SiteWMS_Queue:Unknown)"
TriggerEventTypeNumber = 0
JOB_GLIDEIN_Site = "$$(GLIDEIN_Site:Unknown)"
LogNotes = "DAG Node: Jb_100_0"
JOB_GLIDEIN_SiteWMS_JobId = "$$(GLIDEIN_SiteWMS_JobId:Unknown)"
MyType = "SubmitEvent"
JOB_GLIDEIN_ProcId = "$$(GLIDEIN_ProcId:Unknown)"
JOB_GLIDEIN_Schedd = "$$(GLIDEIN_Schedd:Unknown)"
JOB_GLIDEIN_ClusterId = "$$(GLIDEIN_ClusterId:Unknown)"
Cluster = 7972854
JOB_GLIDEIN_Factory = "$$(GLIDEIN_Factory:Unknown)"
JOB_GLIDEIN_SiteWMS_Slot = "$$(GLIDEIN_SiteWMS_Slot:Unknown)"
Subproc = 0
EventTypeNumber = 28
JOB_GLIDEIN_SiteWMS = "$$(GLIDEIN_SiteWMS:Unknown)"
...
001 (7972854.000.000) 05/29 14:12:26 Job executing on host: <131.225.167.46:9618?addrs=131.225.167.46-9618&noUDP&sock=3462_38f7_3>
...
028 (7972854.000.000) 05/29 14:12:26 Job ad information event triggered.
JOB_GLIDEIN_Name = "Unknown"
JOB_Site = "FermiGrid"
Proc = 0
JOB_GLIDEIN_Entry_Name = "Unknown"
EventTime = "2018-05-29T14:12:26"
TriggerEventTypeName = "ULOG_EXECUTE"
JOB_GLIDEIN_SiteWMS_Queue = "Unknown"
TriggerEventTypeNumber = 1
ExecuteHost = "<131.225.167.46:9618?addrs=131.225.167.46-9618&noUDP&sock=3462_38f7_3>"
JOB_GLIDEIN_Site = "FermiGrid"
JOB_GLIDEIN_SiteWMS_JobId = "Unknown"
MyType = "ExecuteEvent"
JOB_GLIDEIN_ProcId = "Unknown"
JOB_GLIDEIN_Schedd = "Unknown"
JOB_GLIDEIN_ClusterId = "Unknown"
Cluster = 7972854
JOB_GLIDEIN_Factory = "Unknown"
JOB_GLIDEIN_SiteWMS_Slot = "Unknown"
Subproc = 0
EventTypeNumber = 28
JOB_GLIDEIN_SiteWMS = "Unknown"
...
006 (7972854.000.000) 05/29 14:12:34 Image size of job updated: 12
	0  -  MemoryUsage of job (MB)
	656  -  ResidentSetSize of job (KB)
...
028 (7972854.000.000) 05/29 14:12:34 Job ad information event triggered.
JOB_Site = "FermiGrid"
JOB_GLIDEIN_Name = "Unknown"
Size = 12
Proc = 0
JOB_GLIDEIN_Entry_Name = "Unknown"
EventTime = "2018-05-29T14:12:34"
TriggerEventTypeName = "ULOG_IMAGE_SIZE"
JOB_GLIDEIN_SiteWMS_Queue = "Unknown"
MemoryUsage = 0
TriggerEventTypeNumber = 6
JOB_GLIDEIN_Site = "FermiGrid"
JOB_GLIDEIN_SiteWMS_JobId = "Unknown"
MyType = "JobImageSizeEvent"
JOB_GLIDEIN_ProcId = "Unknown"
JOB_GLIDEIN_Schedd = "Unknown"
JOB_GLIDEIN_ClusterId = "Unknown"
Cluster = 7972854
JOB_GLIDEIN_Factory = "Unknown"
JOB_GLIDEIN_SiteWMS_Slot = "Unknown"
Subproc = 0
ResidentSetSize = 656
EventTypeNumber = 28
JOB_GLIDEIN_SiteWMS = "Unknown"
...
006 (7972854.000.000) 05/29 14:13:34 Image size of job updated: 20
	20  -  MemoryUsage of job (MB)
	21164  -  ResidentSetSize of job (KB)
...
028 (7972854.000.000) 05/29 14:13:34 Job ad information event triggered.
JOB_Site = "FermiGrid"
JOB_GLIDEIN_Name = "Unknown"
Size = 20
Proc = 0
JOB_GLIDEIN_Entry_Name = "Unknown"
EventTime = "2018-05-29T14:13:34"
TriggerEventTypeName = "ULOG_IMAGE_SIZE"
JOB_GLIDEIN_SiteWMS_Queue = "Unknown"
MemoryUsage = 20
TriggerEventTypeNumber = 6
JOB_GLIDEIN_Site = "FermiGrid"
JOB_GLIDEIN_SiteWMS_JobId = "Unknown"
MyType = "JobImageSizeEvent"
JOB_GLIDEIN_ProcId = "Unknown"
JOB_GLIDEIN_Schedd = "Unknown"
JOB_GLIDEIN_ClusterId = "Unknown"
Cluster = 7972854
JOB_GLIDEIN_Factory = "Unknown"
JOB_GLIDEIN_SiteWMS_Slot = "Unknown"
Subproc = 0
ResidentSetSize = 21164
EventTypeNumber = 28
JOB_GLIDEIN_SiteWMS = "Unknown"
...
006 (7972854.000.000) 05/29 14:14:34 Image size of job updated: 909
	909  -  MemoryUsage of job (MB)
	931436  -  ResidentSetSize of job (KB)
...
028 (7972854.000.000) 05/29 14:14:34 Job ad information event triggered.
JOB_Site = "FermiGrid"
JOB_GLIDEIN_Name = "Unknown"
Size = 909
Proc = 0
JOB_GLIDEIN_Entry_Name = "Unknown"
EventTime = "2018-05-29T14:14:34"
TriggerEventTypeName = "ULOG_IMAGE_SIZE"
JOB_GLIDEIN_SiteWMS_Queue = "Unknown"
MemoryUsage = 909
TriggerEventTypeNumber = 6
JOB_GLIDEIN_Site = "FermiGrid"
JOB_GLIDEIN_SiteWMS_JobId = "Unknown"
MyType = "JobImageSizeEvent"
JOB_GLIDEIN_ProcId = "Unknown"
JOB_GLIDEIN_Schedd = "Unknown"
JOB_GLIDEIN_ClusterId = "Unknown"
Cluster = 7972854
JOB_GLIDEIN_Factory = "Unknown"
JOB_GLIDEIN_SiteWMS_Slot = "Unknown"
Subproc = 0
ResidentSetSize = 931436
EventTypeNumber = 28
JOB_GLIDEIN_SiteWMS = "Unknown"
...
006 (7972854.000.000) 05/29 14:15:34 Image size of job updated: 1359
	1359  -  MemoryUsage of job (MB)
	1392264  -  ResidentSetSize of job (KB)
...
028 (7972854.000.000) 05/29 14:15:34 Job ad information event triggered.
JOB_Site = "FermiGrid"
JOB_GLIDEIN_Name = "Unknown"
Size = 1359
Proc = 0
JOB_GLIDEIN_Entry_Name = "Unknown"
EventTime = "2018-05-29T14:15:34"
TriggerEventTypeName = "ULOG_IMAGE_SIZE"
JOB_GLIDEIN_SiteWMS_Queue = "Unknown"
MemoryUsage = 1359
TriggerEventTypeNumber = 6
JOB_GLIDEIN_Site = "FermiGrid"
JOB_GLIDEIN_SiteWMS_JobId = "Unknown"
MyType = "JobImageSizeEvent"
JOB_GLIDEIN_ProcId = "Unknown"
JOB_GLIDEIN_Schedd = "Unknown"
JOB_GLIDEIN_ClusterId = "Unknown"
Cluster = 7972854
JOB_GLIDEIN_Factory = "Unknown"
JOB_GLIDEIN_SiteWMS_Slot = "Unknown"
Subproc = 0
ResidentSetSize = 1392264
EventTypeNumber = 28
JOB_GLIDEIN_SiteWMS = "Unknown"
...
006 (7972854.000.000) 05/29 14:16:34 Image size of job updated: 1359
	1064  -  MemoryUsage of job (MB)
	1392264  -  ResidentSetSize of job (KB)
...
028 (7972854.000.000) 05/29 14:16:34 Job ad information event triggered.
JOB_Site = "FermiGrid"
JOB_GLIDEIN_Name = "Unknown"
Size = 1359
Proc = 0
JOB_GLIDEIN_Entry_Name = "Unknown"
EventTime = "2018-05-29T14:16:34"
TriggerEventTypeName = "ULOG_IMAGE_SIZE"
JOB_GLIDEIN_SiteWMS_Queue = "Unknown"
MemoryUsage = 1064
TriggerEventTypeNumber = 6
JOB_GLIDEIN_Site = "FermiGrid"
JOB_GLIDEIN_SiteWMS_JobId = "Unknown"
MyType = "JobImageSizeEvent"
JOB_GLIDEIN_ProcId = "Unknown"
JOB_GLIDEIN_Schedd = "Unknown"
JOB_GLIDEIN_ClusterId = "Unknown"
Cluster = 7972854
JOB_GLIDEIN_Factory = "Unknown"
JOB_GLIDEIN_SiteWMS_Slot = "Unknown"
Subproc = 0
ResidentSetSize = 1392264
EventTypeNumber = 28
JOB_GLIDEIN_SiteWMS = "Unknown"
...
006 (7972854.000.000) 05/29 14:17:34 Image size of job updated: 1394
	1394  -  MemoryUsage of job (MB)
	1428404  -  ResidentSetSize of job (KB)
...
028 (7972854.000.000) 05/29 14:17:34 Job ad information event triggered.
JOB_Site = "FermiGrid"
JOB_GLIDEIN_Name = "Unknown"
Size = 1394
Proc = 0
JOB_GLIDEIN_Entry_Name = "Unknown"
EventTime = "2018-05-29T14:17:34"
TriggerEventTypeName = "ULOG_IMAGE_SIZE"
JOB_GLIDEIN_SiteWMS_Queue = "Unknown"
MemoryUsage = 1394
TriggerEventTypeNumber = 6
JOB_GLIDEIN_Site = "FermiGrid"
JOB_GLIDEIN_SiteWMS_JobId = "Unknown"
MyType = "JobImageSizeEvent"
JOB_GLIDEIN_ProcId = "Unknown"
JOB_GLIDEIN_Schedd = "Unknown"
JOB_GLIDEIN_ClusterId = "Unknown"
Cluster = 7972854
JOB_GLIDEIN_Factory = "Unknown"
JOB_GLIDEIN_SiteWMS_Slot = "Unknown"
Subproc = 0
ResidentSetSize = 1428404
EventTypeNumber = 28
JOB_GLIDEIN_SiteWMS = "Unknown"
...
006 (7972854.000.000) 05/29 14:18:34 Image size of job updated: 1394
	1057  -  MemoryUsage of job (MB)
	1428404  -  ResidentSetSize of job (KB)
...
028 (7972854.000.000) 05/29 14:18:34 Job ad information event triggered.
JOB_Site = "FermiGrid"
JOB_GLIDEIN_Name = "Unknown"
Size = 1394
Proc = 0
JOB_GLIDEIN_Entry_Name = "Unknown"
EventTime = "2018-05-29T14:18:34"
TriggerEventTypeName = "ULOG_IMAGE_SIZE"
JOB_GLIDEIN_SiteWMS_Queue = "Unknown"
MemoryUsage = 1057
TriggerEventTypeNumber = 6
JOB_GLIDEIN_Site = "FermiGrid"
JOB_GLIDEIN_SiteWMS_JobId = "Unknown"
MyType = "JobImageSizeEvent"
JOB_GLIDEIN_ProcId = "Unknown"
JOB_GLIDEIN_Schedd = "Unknown"
JOB_GLIDEIN_ClusterId = "Unknown"
Cluster = 7972854
JOB_GLIDEIN_Factory = "Unknown"
JOB_GLIDEIN_SiteWMS_Slot = "Unknown"
Subproc = 0
ResidentSetSize = 1428404
EventTypeNumber = 28
JOB_GLIDEIN_SiteWMS = "Unknown"
...
006 (7972854.000.000) 05/29 14:19:34 Image size of job updated: 1394
	1055  -  MemoryUsage of job (MB)
	1428404  -  ResidentSetSize of job (KB)
...
028 (7972854.000.000) 05/29 14:19:34 Job ad information event triggered.
JOB_Site = "FermiGrid"
JOB_GLIDEIN_Name = "Unknown"
Size = 1394
Proc = 0
JOB_GLIDEIN_Entry_Name = "Unknown"
EventTime = "2018-05-29T14:19:34"
TriggerEventTypeName = "ULOG_IMAGE_SIZE"
JOB_GLIDEIN_SiteWMS_Queue = "Unknown"
MemoryUsage = 1055
TriggerEventTypeNumber = 6
JOB_GLIDEIN_Site = "FermiGrid"
JOB_GLIDEIN_SiteWMS_JobId = "Unknown"
MyType = "JobImageSizeEvent"
JOB_GLIDEIN_ProcId = "Unknown"
JOB_GLIDEIN_Schedd = "Unknown"
JOB_GLIDEIN_ClusterId = "Unknown"
Cluster = 7972854
JOB_GLIDEIN_Factory = "Unknown"
JOB_GLIDEIN_SiteWMS_Slot = "Unknown"
Subproc = 0
ResidentSetSize = 1428404
EventTypeNumber = 28
JOB_GLIDEIN_SiteWMS = "Unknown"
...
006 (7972854.000.000) 05/29 14:20:35 Image size of job updated: 1396
	1396  -  MemoryUsage of job (MB)
	1430308  -  ResidentSetSize of job (KB)
...
028 (7972854.000.000) 05/29 14:20:35 Job ad information event triggered.
JOB_Site = "FermiGrid"
JOB_GLIDEIN_Name = "Unknown"
Size = 1396
Proc = 0
JOB_GLIDEIN_Entry_Name = "Unknown"
EventTime = "2018-05-29T14:20:35"
TriggerEventTypeName = "ULOG_IMAGE_SIZE"
JOB_GLIDEIN_SiteWMS_Queue = "Unknown"
MemoryUsage = 1396
TriggerEventTypeNumber = 6
JOB_GLIDEIN_Site = "FermiGrid"
JOB_GLIDEIN_SiteWMS_JobId = "Unknown"
MyType = "JobImageSizeEvent"
JOB_GLIDEIN_ProcId = "Unknown"
JOB_GLIDEIN_Schedd = "Unknown"
JOB_GLIDEIN_ClusterId = "Unknown"
Cluster = 7972854
JOB_GLIDEIN_Factory = "Unknown"
JOB_GLIDEIN_SiteWMS_Slot = "Unknown"
Subproc = 0
ResidentSetSize = 1430308
EventTypeNumber = 28
JOB_GLIDEIN_SiteWMS = "Unknown"
...
006 (7972854.000.000) 05/29 14:21:35 Image size of job updated: 1396
	1060  -  MemoryUsage of job (MB)
	1430308  -  ResidentSetSize of job (KB)
...
028 (7972854.000.000) 05/29 14:21:35 Job ad information event triggered.
JOB_Site = "FermiGrid"
JOB_GLIDEIN_Name = "Unknown"
Size = 1396
Proc = 0
JOB_GLIDEIN_Entry_Name = "Unknown"
EventTime = "2018-05-29T14:21:35"
TriggerEventTypeName = "ULOG_IMAGE_SIZE"
JOB_GLIDEIN_SiteWMS_Queue = "Unknown"
MemoryUsage = 1060
TriggerEventTypeNumber = 6
JOB_GLIDEIN_Site = "FermiGrid"
JOB_GLIDEIN_SiteWMS_JobId = "Unknown"
MyType = "JobImageSizeEvent"
JOB_GLIDEIN_ProcId = "Unknown"
JOB_GLIDEIN_Schedd = "Unknown"
JOB_GLIDEIN_ClusterId = "Unknown"
Cluster = 7972854
JOB_GLIDEIN_Factory = "Unknown"
JOB_GLIDEIN_SiteWMS_Slot = "Unknown"
Subproc = 0
ResidentSetSize = 1430308
EventTypeNumber = 28
JOB_GLIDEIN_SiteWMS = "Unknown"
...
006 (7972854.000.000) 05/29 14:22:35 Image size of job updated: 1503
	1503  -  MemoryUsage of job (MB)
	1539864  -  ResidentSetSize of job (KB)
...
028 (7972854.000.000) 05/29 14:22:35 Job ad information event triggered.
JOB_Site = "FermiGrid"
JOB_GLIDEIN_Name = "Unknown"
Size = 1503
Proc = 0
JOB_GLIDEIN_Entry_Name = "Unknown"
EventTime = "2018-05-29T14:22:35"
TriggerEventTypeName = "ULOG_IMAGE_SIZE"
JOB_GLIDEIN_SiteWMS_Queue = "Unknown"
MemoryUsage = 1503
TriggerEventTypeNumber = 6
JOB_GLIDEIN_Site = "FermiGrid"
JOB_GLIDEIN_SiteWMS_JobId = "Unknown"
MyType = "JobImageSizeEvent"
JOB_GLIDEIN_ProcId = "Unknown"
JOB_GLIDEIN_Schedd = "Unknown"
JOB_GLIDEIN_ClusterId = "Unknown"
Cluster = 7972854
JOB_GLIDEIN_Factory = "Unknown"
JOB_GLIDEIN_SiteWMS_Slot = "Unknown"
Subproc = 0
ResidentSetSize = 1539864
EventTypeNumber = 28
JOB_GLIDEIN_SiteWMS = "Unknown"
...
006 (7972854.000.000) 05/29 14:23:35 Image size of job updated: 1503
	1147  -  MemoryUsage of job (MB)
	1539864  -  ResidentSetSize of job (KB)
...
028 (7972854.000.000) 05/29 14:23:35 Job ad information event triggered.
JOB_Site = "FermiGrid"
JOB_GLIDEIN_Name = "Unknown"
Size = 1503
Proc = 0
JOB_GLIDEIN_Entry_Name = "Unknown"
EventTime = "2018-05-29T14:23:35"
TriggerEventTypeName = "ULOG_IMAGE_SIZE"
JOB_GLIDEIN_SiteWMS_Queue = "Unknown"
MemoryUsage = 1147
TriggerEventTypeNumber = 6
JOB_GLIDEIN_Site = "FermiGrid"
JOB_GLIDEIN_SiteWMS_JobId = "Unknown"
MyType = "JobImageSizeEvent"
JOB_GLIDEIN_ProcId = "Unknown"
JOB_GLIDEIN_Schedd = "Unknown"
JOB_GLIDEIN_ClusterId = "Unknown"
Cluster = 7972854
JOB_GLIDEIN_Factory = "Unknown"
JOB_GLIDEIN_SiteWMS_Slot = "Unknown"
Subproc = 0
ResidentSetSize = 1539864
EventTypeNumber = 28
JOB_GLIDEIN_SiteWMS = "Unknown"
...
006 (7972854.000.000) 05/29 14:24:35 Image size of job updated: 1503
	1399  -  MemoryUsage of job (MB)
	1539864  -  ResidentSetSize of job (KB)
...
028 (7972854.000.000) 05/29 14:24:35 Job ad information event triggered.
JOB_Site = "FermiGrid"
JOB_GLIDEIN_Name = "Unknown"
Size = 1503
Proc = 0
JOB_GLIDEIN_Entry_Name = "Unknown"
EventTime = "2018-05-29T14:24:35"
TriggerEventTypeName = "ULOG_IMAGE_SIZE"
JOB_GLIDEIN_SiteWMS_Queue = "Unknown"
MemoryUsage = 1399
TriggerEventTypeNumber = 6
JOB_GLIDEIN_Site = "FermiGrid"
JOB_GLIDEIN_SiteWMS_JobId = "Unknown"
MyType = "JobImageSizeEvent"
JOB_GLIDEIN_ProcId = "Unknown"
JOB_GLIDEIN_Schedd = "Unknown"
JOB_GLIDEIN_ClusterId = "Unknown"
Cluster = 7972854
JOB_GLIDEIN_Factory = "Unknown"
JOB_GLIDEIN_SiteWMS_Slot = "Unknown"
Subproc = 0
ResidentSetSize = 1539864
EventTypeNumber = 28
JOB_GLIDEIN_SiteWMS = "Unknown"
...
006 (7972854.000.000) 05/29 14:25:35 Image size of job updated: 1503
	1149  -  MemoryUsage of job (MB)
	1539864  -  ResidentSetSize of job (KB)
...
028 (7972854.000.000) 05/29 14:25:35 Job ad information event triggered.
JOB_Site = "FermiGrid"
JOB_GLIDEIN_Name = "Unknown"
Size = 1503
Proc = 0
JOB_GLIDEIN_Entry_Name = "Unknown"
EventTime = "2018-05-29T14:25:35"
TriggerEventTypeName = "ULOG_IMAGE_SIZE"
JOB_GLIDEIN_SiteWMS_Queue = "Unknown"
MemoryUsage = 1149
TriggerEventTypeNumber = 6
JOB_GLIDEIN_Site = "FermiGrid"
JOB_GLIDEIN_SiteWMS_JobId = "Unknown"
MyType = "JobImageSizeEvent"
JOB_GLIDEIN_ProcId = "Unknown"
JOB_GLIDEIN_Schedd = "Unknown"
JOB_GLIDEIN_ClusterId = "Unknown"
Cluster = 7972854
JOB_GLIDEIN_Factory = "Unknown"
JOB_GLIDEIN_SiteWMS_Slot = "Unknown"
Subproc = 0
ResidentSetSize = 1539864
EventTypeNumber = 28
JOB_GLIDEIN_SiteWMS = "Unknown"
...
006 (7972854.000.000) 05/29 14:26:35 Image size of job updated: 1503
	1410  -  MemoryUsage of job (MB)
	1539864  -  ResidentSetSize of job (KB)
...
028 (7972854.000.000) 05/29 14:26:35 Job ad information event triggered.
JOB_Site = "FermiGrid"
JOB_GLIDEIN_Name = "Unknown"
Size = 1503
Proc = 0
JOB_GLIDEIN_Entry_Name = "Unknown"
EventTime = "2018-05-29T14:26:35"
TriggerEventTypeName = "ULOG_IMAGE_SIZE"
JOB_GLIDEIN_SiteWMS_Queue = "Unknown"
MemoryUsage = 1410
TriggerEventTypeNumber = 6
JOB_GLIDEIN_Site = "FermiGrid"
JOB_GLIDEIN_SiteWMS_JobId = "Unknown"
MyType = "JobImageSizeEvent"
JOB_GLIDEIN_ProcId = "Unknown"
JOB_GLIDEIN_Schedd = "Unknown"
JOB_GLIDEIN_ClusterId = "Unknown"
Cluster = 7972854
JOB_GLIDEIN_Factory = "Unknown"
JOB_GLIDEIN_SiteWMS_Slot = "Unknown"
Subproc = 0
ResidentSetSize = 1539864
EventTypeNumber = 28
JOB_GLIDEIN_SiteWMS = "Unknown"
...
006 (7972854.000.000) 05/29 14:27:35 Image size of job updated: 1503
	111  -  MemoryUsage of job (MB)
	1539864  -  ResidentSetSize of job (KB)
...
028 (7972854.000.000) 05/29 14:27:35 Job ad information event triggered.
JOB_Site = "FermiGrid"
JOB_GLIDEIN_Name = "Unknown"
Size = 1503
Proc = 0
JOB_GLIDEIN_Entry_Name = "Unknown"
EventTime = "2018-05-29T14:27:35"
TriggerEventTypeName = "ULOG_IMAGE_SIZE"
JOB_GLIDEIN_SiteWMS_Queue = "Unknown"
MemoryUsage = 111
TriggerEventTypeNumber = 6
JOB_GLIDEIN_Site = "FermiGrid"
JOB_GLIDEIN_SiteWMS_JobId = "Unknown"
MyType = "JobImageSizeEvent"
JOB_GLIDEIN_ProcId = "Unknown"
JOB_GLIDEIN_Schedd = "Unknown"
JOB_GLIDEIN_ClusterId = "Unknown"
Cluster = 7972854
JOB_GLIDEIN_Factory = "Unknown"
JOB_GLIDEIN_SiteWMS_Slot = "Unknown"
Subproc = 0
ResidentSetSize = 1539864
EventTypeNumber = 28
JOB_GLIDEIN_SiteWMS = "Unknown"
...
006 (7972854.000.000) 05/29 14:28:35 Image size of job updated: 1503
	255  -  MemoryUsage of job (MB)
	1539864  -  ResidentSetSize of job (KB)
...
028 (7972854.000.000) 05/29 14:28:35 Job ad information event triggered.
JOB_Site = "FermiGrid"
JOB_GLIDEIN_Name = "Unknown"
Size = 1503
Proc = 0
JOB_GLIDEIN_Entry_Name = "Unknown"
EventTime = "2018-05-29T14:28:35"
TriggerEventTypeName = "ULOG_IMAGE_SIZE"
JOB_GLIDEIN_SiteWMS_Queue = "Unknown"
MemoryUsage = 255
TriggerEventTypeNumber = 6
JOB_GLIDEIN_Site = "FermiGrid"
JOB_GLIDEIN_SiteWMS_JobId = "Unknown"
MyType = "JobImageSizeEvent"
JOB_GLIDEIN_ProcId = "Unknown"
JOB_GLIDEIN_Schedd = "Unknown"
JOB_GLIDEIN_ClusterId = "Unknown"
Cluster = 7972854
JOB_GLIDEIN_Factory = "Unknown"
JOB_GLIDEIN_SiteWMS_Slot = "Unknown"
Subproc = 0
ResidentSetSize = 1539864
EventTypeNumber = 28
JOB_GLIDEIN_SiteWMS = "Unknown"
...
006 (7972854.000.000) 05/29 14:29:35 Image size of job updated: 1503
	609  -  MemoryUsage of job (MB)
	1539864  -  ResidentSetSize of job (KB)
...
028 (7972854.000.000) 05/29 14:29:35 Job ad information event triggered.
JOB_Site = "FermiGrid"
JOB_GLIDEIN_Name = "Unknown"
Size = 1503
Proc = 0
JOB_GLIDEIN_Entry_Name = "Unknown"
EventTime = "2018-05-29T14:29:35"
TriggerEventTypeName = "ULOG_IMAGE_SIZE"
JOB_GLIDEIN_SiteWMS_Queue = "Unknown"
MemoryUsage = 609
TriggerEventTypeNumber = 6
JOB_GLIDEIN_Site = "FermiGrid"
JOB_GLIDEIN_SiteWMS_JobId = "Unknown"
MyType = "JobImageSizeEvent"
JOB_GLIDEIN_ProcId = "Unknown"
JOB_GLIDEIN_Schedd = "Unknown"
JOB_GLIDEIN_ClusterId = "Unknown"
Cluster = 7972854
JOB_GLIDEIN_Factory = "Unknown"
JOB_GLIDEIN_SiteWMS_Slot = "Unknown"
Subproc = 0
ResidentSetSize = 1539864
EventTypeNumber = 28
JOB_GLIDEIN_SiteWMS = "Unknown"
...
006 (7972854.000.000) 05/29 14:30:35 Image size of job updated: 1503
	621  -  MemoryUsage of job (MB)
	1539864  -  ResidentSetSize of job (KB)
...
028 (7972854.000.000) 05/29 14:30:35 Job ad information event triggered.
JOB_Site = "FermiGrid"
JOB_GLIDEIN_Name = "Unknown"
Size = 1503
Proc = 0
JOB_GLIDEIN_Entry_Name = "Unknown"
EventTime = "2018-05-29T14:30:35"
TriggerEventTypeName = "ULOG_IMAGE_SIZE"
JOB_GLIDEIN_SiteWMS_Queue = "Unknown"
MemoryUsage = 621
TriggerEventTypeNumber = 6
JOB_GLIDEIN_Site = "FermiGrid"
JOB_GLIDEIN_SiteWMS_JobId = "Unknown"
MyType = "JobImageSizeEvent"
JOB_GLIDEIN_ProcId = "Unknown"
JOB_GLIDEIN_Schedd = "Unknown"
JOB_GLIDEIN_ClusterId = "Unknown"
Cluster = 7972854
JOB_GLIDEIN_Factory = "Unknown"
JOB_GLIDEIN_SiteWMS_Slot = "Unknown"
Subproc = 0
ResidentSetSize = 1539864
EventTypeNumber = 28
JOB_GLIDEIN_SiteWMS = "Unknown"
...
006 (7972854.000.000) 05/29 14:31:35 Image size of job updated: 1503
	622  -  MemoryUsage of job (MB)
	1539864  -  ResidentSetSize of job (KB)
...
028 (7972854.000.000) 05/29 14:31:35 Job ad information event triggered.
JOB_Site = "FermiGrid"
JOB_GLIDEIN_Name = "Unknown"
Size = 1503
Proc = 0
JOB_GLIDEIN_Entry_Name = "Unknown"
EventTime = "2018-05-29T14:31:35"
TriggerEventTypeName = "ULOG_IMAGE_SIZE"
JOB_GLIDEIN_SiteWMS_Queue = "Unknown"
MemoryUsage = 622
TriggerEventTypeNumber = 6
JOB_GLIDEIN_Site = "FermiGrid"
JOB_GLIDEIN_SiteWMS_JobId = "Unknown"
MyType = "JobImageSizeEvent"
JOB_GLIDEIN_ProcId = "Unknown"
JOB_GLIDEIN_Schedd = "Unknown"
JOB_GLIDEIN_ClusterId = "Unknown"
Cluster = 7972854
JOB_GLIDEIN_Factory = "Unknown"
JOB_GLIDEIN_SiteWMS_Slot = "Unknown"
Subproc = 0
ResidentSetSize = 1539864
EventTypeNumber = 28
JOB_GLIDEIN_SiteWMS = "Unknown"
...
006 (7972854.000.000) 05/29 14:32:35 Image size of job updated: 1503
	634  -  MemoryUsage of job (MB)
	1539864  -  ResidentSetSize of job (KB)
...
028 (7972854.000.000) 05/29 14:32:35 Job ad information event triggered.
JOB_Site = "FermiGrid"
JOB_GLIDEIN_Name = "Unknown"
Size = 1503
Proc = 0
JOB_GLIDEIN_Entry_Name = "Unknown"
EventTime = "2018-05-29T14:32:35"
TriggerEventTypeName = "ULOG_IMAGE_SIZE"
JOB_GLIDEIN_SiteWMS_Queue = "Unknown"
MemoryUsage = 634
TriggerEventTypeNumber = 6
JOB_GLIDEIN_Site = "FermiGrid"
JOB_GLIDEIN_SiteWMS_JobId = "Unknown"
MyType = "JobImageSizeEvent"
JOB_GLIDEIN_ProcId = "Unknown"
JOB_GLIDEIN_Schedd = "Unknown"
JOB_GLIDEIN_ClusterId = "Unknown"
Cluster = 7972854
JOB_GLIDEIN_Factory = "Unknown"
JOB_GLIDEIN_SiteWMS_Slot = "Unknown"
Subproc = 0
ResidentSetSize = 1539864
EventTypeNumber = 28
JOB_GLIDEIN_SiteWMS = "Unknown"
...
006 (7972854.000.000) 05/29 14:33:35 Image size of job updated: 1503
	57  -  MemoryUsage of job (MB)
	1539864  -  ResidentSetSize of job (KB)
...
028 (7972854.000.000) 05/29 14:33:35 Job ad information event triggered.
JOB_Site = "FermiGrid"
JOB_GLIDEIN_Name = "Unknown"
Size = 1503
Proc = 0
JOB_GLIDEIN_Entry_Name = "Unknown"
EventTime = "2018-05-29T14:33:35"
TriggerEventTypeName = "ULOG_IMAGE_SIZE"
JOB_GLIDEIN_SiteWMS_Queue = "Unknown"
MemoryUsage = 57
TriggerEventTypeNumber = 6
JOB_GLIDEIN_Site = "FermiGrid"
JOB_GLIDEIN_SiteWMS_JobId = "Unknown"
MyType = "JobImageSizeEvent"
JOB_GLIDEIN_ProcId = "Unknown"
JOB_GLIDEIN_Schedd = "Unknown"
JOB_GLIDEIN_ClusterId = "Unknown"
Cluster = 7972854
JOB_GLIDEIN_Factory = "Unknown"
JOB_GLIDEIN_SiteWMS_Slot = "Unknown"
Subproc = 0
ResidentSetSize = 1539864
EventTypeNumber = 28
JOB_GLIDEIN_SiteWMS = "Unknown"
...
006 (7972854.000.000) 05/29 14:34:08 Image size of job updated: 1503
	14  -  MemoryUsage of job (MB)
	1539864  -  ResidentSetSize of job (KB)
...
028 (7972854.000.000) 05/29 14:34:08 Job ad information event triggered.
JOB_Site = "FermiGrid"
JOB_GLIDEIN_Name = "Unknown"
Size = 1503
Proc = 0
JOB_GLIDEIN_Entry_Name = "Unknown"
EventTime = "2018-05-29T14:34:08"
TriggerEventTypeName = "ULOG_IMAGE_SIZE"
JOB_GLIDEIN_SiteWMS_Queue = "Unknown"
MemoryUsage = 14
TriggerEventTypeNumber = 6
JOB_GLIDEIN_Site = "FermiGrid"
JOB_GLIDEIN_SiteWMS_JobId = "Unknown"
MyType = "JobImageSizeEvent"
JOB_GLIDEIN_ProcId = "Unknown"
JOB_GLIDEIN_Schedd = "Unknown"
JOB_GLIDEIN_ClusterId = "Unknown"
Cluster = 7972854
JOB_GLIDEIN_Factory = "Unknown"
JOB_GLIDEIN_SiteWMS_Slot = "Unknown"
Subproc = 0
ResidentSetSize = 1539864
EventTypeNumber = 28
JOB_GLIDEIN_SiteWMS = "Unknown"
...
005 (7972854.000.000) 05/29 14:34:09 Job terminated.
	(1) Normal termination (return value 0)
		Usr 0 00:17:12, Sys 0 00:00:41  -  Run Remote Usage
		Usr 0 00:00:00, Sys 0 00:00:00  -  Run Local Usage
		Usr 0 00:17:12, Sys 0 00:00:41  -  Total Remote Usage
		Usr 0 00:00:00, Sys 0 00:00:00  -  Total Local Usage
	24746  -  Run Bytes Sent By Job
	58989  -  Run Bytes Received By Job
	24746  -  Total Bytes Sent By Job
	58989  -  Total Bytes Received By Job
	Partitionable Resources :    Usage  Request Allocated
	   Cpus                 :                 1         1
	   Disk (KB)            :  1263286 35000000  35569269
	   Memory (MB)          :       14     2000      2000
...
028 (7972854.000.000) 05/29 14:34:09 Job ad information event triggered.
SentBytes = 24746.0
JOB_GLIDEIN_Name = "Unknown"
TerminatedNormally = true
ReturnValue = 0
JOB_GLIDEIN_ClusterId = "Unknown"
JOB_GLIDEIN_SiteWMS = "Unknown"
EventTypeNumber = 28
Subproc = 0
ReceivedBytes = 58989.0
JOB_GLIDEIN_SiteWMS_Slot = "Unknown"
MyType = "JobTerminatedEvent"
TriggerEventTypeName = "ULOG_JOB_TERMINATED"
TotalRemoteUsage = "Usr 0 00:17:12, Sys 0 00:00:41"
JOB_Site = "FermiGrid"
JOB_GLIDEIN_Site = "FermiGrid"
Proc = 0
EventTime = "2018-05-29T14:34:09"
TotalSentBytes = 24746.0
TriggerEventTypeNumber = 5
TotalLocalUsage = "Usr 0 00:00:00, Sys 0 00:00:00"
JOB_GLIDEIN_Schedd = "Unknown"
Cluster = 7972854
RunLocalUsage = "Usr 0 00:00:00, Sys 0 00:00:00"
JOB_GLIDEIN_Entry_Name = "Unknown"
JOB_GLIDEIN_ProcId = "Unknown"
JOB_GLIDEIN_Factory = "Unknown"
JOB_GLIDEIN_SiteWMS_Queue = "Unknown"
RunRemoteUsage = "Usr 0 00:17:12, Sys 0 00:00:41"
JOB_GLIDEIN_SiteWMS_JobId = "Unknown"
TotalReceivedBytes = 58989.0
...
