000 (7972877.000.000) 05/29 14:12:41 Job submitted from host: <131.225.240.41:9615?addrs=131.225.240.41-9615&noUDP&sock=9488_a3ef_3>
    DAG Node: Jb_26_0
...
028 (7972877.000.000) 05/29 14:12:41 Job ad information event triggered.
JOB_GLIDEIN_Name = "$$(GLIDEIN_Name:Unknown)"
JOB_Site = "$$(GLIDEIN_Site:Unknown)"
Proc = 0
JOB_GLIDEIN_Entry_Name = "$$(GLIDEIN_Entry_Name:Unknown)"
EventTime = "2018-05-29T14:12:41"
TriggerEventTypeName = "ULOG_SUBMIT"
SubmitHost = "<131.225.240.41:9615?addrs=131.225.240.41-9615&noUDP&sock=9488_a3ef_3>"
JOB_GLIDEIN_SiteWMS_Queue = "$$(GLIDEIN_SiteWMS_Queue:Unknown)"
TriggerEventTypeNumber = 0
JOB_GLIDEIN_Site = "$$(GLIDEIN_Site:Unknown)"
LogNotes = "DAG Node: Jb_26_0"
JOB_GLIDEIN_SiteWMS_JobId = "$$(GLIDEIN_SiteWMS_JobId:Unknown)"
MyType = "SubmitEvent"
JOB_GLIDEIN_ProcId = "$$(GLIDEIN_ProcId:Unknown)"
JOB_GLIDEIN_Schedd = "$$(GLIDEIN_Schedd:Unknown)"
JOB_GLIDEIN_ClusterId = "$$(GLIDEIN_ClusterId:Unknown)"
Cluster = 7972877
JOB_GLIDEIN_Factory = "$$(GLIDEIN_Factory:Unknown)"
JOB_GLIDEIN_SiteWMS_Slot = "$$(GLIDEIN_SiteWMS_Slot:Unknown)"
Subproc = 0
EventTypeNumber = 28
JOB_GLIDEIN_SiteWMS = "$$(GLIDEIN_SiteWMS:Unknown)"
...
001 (7972877.000.000) 05/29 14:12:50 Job executing on host: <131.225.167.51:9618?addrs=131.225.167.51-9618&noUDP&sock=3480_91ab_3>
...
028 (7972877.000.000) 05/29 14:12:50 Job ad information event triggered.
JOB_GLIDEIN_Name = "Unknown"
JOB_Site = "FermiGrid"
Proc = 0
JOB_GLIDEIN_Entry_Name = "Unknown"
EventTime = "2018-05-29T14:12:50"
TriggerEventTypeName = "ULOG_EXECUTE"
JOB_GLIDEIN_SiteWMS_Queue = "Unknown"
TriggerEventTypeNumber = 1
ExecuteHost = "<131.225.167.51:9618?addrs=131.225.167.51-9618&noUDP&sock=3480_91ab_3>"
JOB_GLIDEIN_Site = "FermiGrid"
JOB_GLIDEIN_SiteWMS_JobId = "Unknown"
MyType = "ExecuteEvent"
JOB_GLIDEIN_ProcId = "Unknown"
JOB_GLIDEIN_Schedd = "Unknown"
JOB_GLIDEIN_ClusterId = "Unknown"
Cluster = 7972877
JOB_GLIDEIN_Factory = "Unknown"
JOB_GLIDEIN_SiteWMS_Slot = "Unknown"
Subproc = 0
EventTypeNumber = 28
JOB_GLIDEIN_SiteWMS = "Unknown"
...
006 (7972877.000.000) 05/29 14:12:59 Image size of job updated: 12
	0  -  MemoryUsage of job (MB)
	828  -  ResidentSetSize of job (KB)
...
028 (7972877.000.000) 05/29 14:12:59 Job ad information event triggered.
JOB_Site = "FermiGrid"
JOB_GLIDEIN_Name = "Unknown"
Size = 12
Proc = 0
JOB_GLIDEIN_Entry_Name = "Unknown"
EventTime = "2018-05-29T14:12:59"
TriggerEventTypeName = "ULOG_IMAGE_SIZE"
JOB_GLIDEIN_SiteWMS_Queue = "Unknown"
MemoryUsage = 0
TriggerEventTypeNumber = 6
JOB_GLIDEIN_Site = "FermiGrid"
JOB_GLIDEIN_SiteWMS_JobId = "Unknown"
MyType = "JobImageSizeEvent"
JOB_GLIDEIN_ProcId = "Unknown"
JOB_GLIDEIN_Schedd = "Unknown"
JOB_GLIDEIN_ClusterId = "Unknown"
Cluster = 7972877
JOB_GLIDEIN_Factory = "Unknown"
JOB_GLIDEIN_SiteWMS_Slot = "Unknown"
Subproc = 0
ResidentSetSize = 828
EventTypeNumber = 28
JOB_GLIDEIN_SiteWMS = "Unknown"
...
006 (7972877.000.000) 05/29 14:14:01 Image size of job updated: 111
	111  -  MemoryUsage of job (MB)
	114340  -  ResidentSetSize of job (KB)
...
028 (7972877.000.000) 05/29 14:14:01 Job ad information event triggered.
JOB_Site = "FermiGrid"
JOB_GLIDEIN_Name = "Unknown"
Size = 111
Proc = 0
JOB_GLIDEIN_Entry_Name = "Unknown"
EventTime = "2018-05-29T14:14:01"
TriggerEventTypeName = "ULOG_IMAGE_SIZE"
JOB_GLIDEIN_SiteWMS_Queue = "Unknown"
MemoryUsage = 111
TriggerEventTypeNumber = 6
JOB_GLIDEIN_Site = "FermiGrid"
JOB_GLIDEIN_SiteWMS_JobId = "Unknown"
MyType = "JobImageSizeEvent"
JOB_GLIDEIN_ProcId = "Unknown"
JOB_GLIDEIN_Schedd = "Unknown"
JOB_GLIDEIN_ClusterId = "Unknown"
Cluster = 7972877
JOB_GLIDEIN_Factory = "Unknown"
JOB_GLIDEIN_SiteWMS_Slot = "Unknown"
Subproc = 0
ResidentSetSize = 114340
EventTypeNumber = 28
JOB_GLIDEIN_SiteWMS = "Unknown"
...
006 (7972877.000.000) 05/29 14:15:02 Image size of job updated: 905
	905  -  MemoryUsage of job (MB)
	926824  -  ResidentSetSize of job (KB)
...
028 (7972877.000.000) 05/29 14:15:02 Job ad information event triggered.
JOB_Site = "FermiGrid"
JOB_GLIDEIN_Name = "Unknown"
Size = 905
Proc = 0
JOB_GLIDEIN_Entry_Name = "Unknown"
EventTime = "2018-05-29T14:15:02"
TriggerEventTypeName = "ULOG_IMAGE_SIZE"
JOB_GLIDEIN_SiteWMS_Queue = "Unknown"
MemoryUsage = 905
TriggerEventTypeNumber = 6
JOB_GLIDEIN_Site = "FermiGrid"
JOB_GLIDEIN_SiteWMS_JobId = "Unknown"
MyType = "JobImageSizeEvent"
JOB_GLIDEIN_ProcId = "Unknown"
JOB_GLIDEIN_Schedd = "Unknown"
JOB_GLIDEIN_ClusterId = "Unknown"
Cluster = 7972877
JOB_GLIDEIN_Factory = "Unknown"
JOB_GLIDEIN_SiteWMS_Slot = "Unknown"
Subproc = 0
ResidentSetSize = 926824
EventTypeNumber = 28
JOB_GLIDEIN_SiteWMS = "Unknown"
...
006 (7972877.000.000) 05/29 14:16:03 Image size of job updated: 1359
	1359  -  MemoryUsage of job (MB)
	1391636  -  ResidentSetSize of job (KB)
...
028 (7972877.000.000) 05/29 14:16:03 Job ad information event triggered.
JOB_Site = "FermiGrid"
JOB_GLIDEIN_Name = "Unknown"
Size = 1359
Proc = 0
JOB_GLIDEIN_Entry_Name = "Unknown"
EventTime = "2018-05-29T14:16:03"
TriggerEventTypeName = "ULOG_IMAGE_SIZE"
JOB_GLIDEIN_SiteWMS_Queue = "Unknown"
MemoryUsage = 1359
TriggerEventTypeNumber = 6
JOB_GLIDEIN_Site = "FermiGrid"
JOB_GLIDEIN_SiteWMS_JobId = "Unknown"
MyType = "JobImageSizeEvent"
JOB_GLIDEIN_ProcId = "Unknown"
JOB_GLIDEIN_Schedd = "Unknown"
JOB_GLIDEIN_ClusterId = "Unknown"
Cluster = 7972877
JOB_GLIDEIN_Factory = "Unknown"
JOB_GLIDEIN_SiteWMS_Slot = "Unknown"
Subproc = 0
ResidentSetSize = 1391636
EventTypeNumber = 28
JOB_GLIDEIN_SiteWMS = "Unknown"
...
006 (7972877.000.000) 05/29 14:17:04 Image size of job updated: 1359
	972  -  MemoryUsage of job (MB)
	1391636  -  ResidentSetSize of job (KB)
...
028 (7972877.000.000) 05/29 14:17:04 Job ad information event triggered.
JOB_Site = "FermiGrid"
JOB_GLIDEIN_Name = "Unknown"
Size = 1359
Proc = 0
JOB_GLIDEIN_Entry_Name = "Unknown"
EventTime = "2018-05-29T14:17:04"
TriggerEventTypeName = "ULOG_IMAGE_SIZE"
JOB_GLIDEIN_SiteWMS_Queue = "Unknown"
MemoryUsage = 972
TriggerEventTypeNumber = 6
JOB_GLIDEIN_Site = "FermiGrid"
JOB_GLIDEIN_SiteWMS_JobId = "Unknown"
MyType = "JobImageSizeEvent"
JOB_GLIDEIN_ProcId = "Unknown"
JOB_GLIDEIN_Schedd = "Unknown"
JOB_GLIDEIN_ClusterId = "Unknown"
Cluster = 7972877
JOB_GLIDEIN_Factory = "Unknown"
JOB_GLIDEIN_SiteWMS_Slot = "Unknown"
Subproc = 0
ResidentSetSize = 1391636
EventTypeNumber = 28
JOB_GLIDEIN_SiteWMS = "Unknown"
...
006 (7972877.000.000) 05/29 14:18:05 Image size of job updated: 1398
	1398  -  MemoryUsage of job (MB)
	1432440  -  ResidentSetSize of job (KB)
...
028 (7972877.000.000) 05/29 14:18:05 Job ad information event triggered.
JOB_Site = "FermiGrid"
JOB_GLIDEIN_Name = "Unknown"
Size = 1398
Proc = 0
JOB_GLIDEIN_Entry_Name = "Unknown"
EventTime = "2018-05-29T14:18:05"
TriggerEventTypeName = "ULOG_IMAGE_SIZE"
JOB_GLIDEIN_SiteWMS_Queue = "Unknown"
MemoryUsage = 1398
TriggerEventTypeNumber = 6
JOB_GLIDEIN_Site = "FermiGrid"
JOB_GLIDEIN_SiteWMS_JobId = "Unknown"
MyType = "JobImageSizeEvent"
JOB_GLIDEIN_ProcId = "Unknown"
JOB_GLIDEIN_Schedd = "Unknown"
JOB_GLIDEIN_ClusterId = "Unknown"
Cluster = 7972877
JOB_GLIDEIN_Factory = "Unknown"
JOB_GLIDEIN_SiteWMS_Slot = "Unknown"
Subproc = 0
ResidentSetSize = 1432440
EventTypeNumber = 28
JOB_GLIDEIN_SiteWMS = "Unknown"
...
006 (7972877.000.000) 05/29 14:19:06 Image size of job updated: 1398
	984  -  MemoryUsage of job (MB)
	1432440  -  ResidentSetSize of job (KB)
...
028 (7972877.000.000) 05/29 14:19:06 Job ad information event triggered.
JOB_Site = "FermiGrid"
JOB_GLIDEIN_Name = "Unknown"
Size = 1398
Proc = 0
JOB_GLIDEIN_Entry_Name = "Unknown"
EventTime = "2018-05-29T14:19:06"
TriggerEventTypeName = "ULOG_IMAGE_SIZE"
JOB_GLIDEIN_SiteWMS_Queue = "Unknown"
MemoryUsage = 984
TriggerEventTypeNumber = 6
JOB_GLIDEIN_Site = "FermiGrid"
JOB_GLIDEIN_SiteWMS_JobId = "Unknown"
MyType = "JobImageSizeEvent"
JOB_GLIDEIN_ProcId = "Unknown"
JOB_GLIDEIN_Schedd = "Unknown"
JOB_GLIDEIN_ClusterId = "Unknown"
Cluster = 7972877
JOB_GLIDEIN_Factory = "Unknown"
JOB_GLIDEIN_SiteWMS_Slot = "Unknown"
Subproc = 0
ResidentSetSize = 1432440
EventTypeNumber = 28
JOB_GLIDEIN_SiteWMS = "Unknown"
...
006 (7972877.000.000) 05/29 14:20:07 Image size of job updated: 1403
	1403  -  MemoryUsage of job (MB)
	1437472  -  ResidentSetSize of job (KB)
...
028 (7972877.000.000) 05/29 14:20:07 Job ad information event triggered.
JOB_Site = "FermiGrid"
JOB_GLIDEIN_Name = "Unknown"
Size = 1403
Proc = 0
JOB_GLIDEIN_Entry_Name = "Unknown"
EventTime = "2018-05-29T14:20:07"
TriggerEventTypeName = "ULOG_IMAGE_SIZE"
JOB_GLIDEIN_SiteWMS_Queue = "Unknown"
MemoryUsage = 1403
TriggerEventTypeNumber = 6
JOB_GLIDEIN_Site = "FermiGrid"
JOB_GLIDEIN_SiteWMS_JobId = "Unknown"
MyType = "JobImageSizeEvent"
JOB_GLIDEIN_ProcId = "Unknown"
JOB_GLIDEIN_Schedd = "Unknown"
JOB_GLIDEIN_ClusterId = "Unknown"
Cluster = 7972877
JOB_GLIDEIN_Factory = "Unknown"
JOB_GLIDEIN_SiteWMS_Slot = "Unknown"
Subproc = 0
ResidentSetSize = 1437472
EventTypeNumber = 28
JOB_GLIDEIN_SiteWMS = "Unknown"
...
006 (7972877.000.000) 05/29 14:21:08 Image size of job updated: 1403
	1105  -  MemoryUsage of job (MB)
	1437472  -  ResidentSetSize of job (KB)
...
028 (7972877.000.000) 05/29 14:21:08 Job ad information event triggered.
JOB_Site = "FermiGrid"
JOB_GLIDEIN_Name = "Unknown"
Size = 1403
Proc = 0
JOB_GLIDEIN_Entry_Name = "Unknown"
EventTime = "2018-05-29T14:21:08"
TriggerEventTypeName = "ULOG_IMAGE_SIZE"
JOB_GLIDEIN_SiteWMS_Queue = "Unknown"
MemoryUsage = 1105
TriggerEventTypeNumber = 6
JOB_GLIDEIN_Site = "FermiGrid"
JOB_GLIDEIN_SiteWMS_JobId = "Unknown"
MyType = "JobImageSizeEvent"
JOB_GLIDEIN_ProcId = "Unknown"
JOB_GLIDEIN_Schedd = "Unknown"
JOB_GLIDEIN_ClusterId = "Unknown"
Cluster = 7972877
JOB_GLIDEIN_Factory = "Unknown"
JOB_GLIDEIN_SiteWMS_Slot = "Unknown"
Subproc = 0
ResidentSetSize = 1437472
EventTypeNumber = 28
JOB_GLIDEIN_SiteWMS = "Unknown"
...
006 (7972877.000.000) 05/29 14:22:09 Image size of job updated: 1403
	952  -  MemoryUsage of job (MB)
	1437472  -  ResidentSetSize of job (KB)
...
028 (7972877.000.000) 05/29 14:22:09 Job ad information event triggered.
JOB_Site = "FermiGrid"
JOB_GLIDEIN_Name = "Unknown"
Size = 1403
Proc = 0
JOB_GLIDEIN_Entry_Name = "Unknown"
EventTime = "2018-05-29T14:22:09"
TriggerEventTypeName = "ULOG_IMAGE_SIZE"
JOB_GLIDEIN_SiteWMS_Queue = "Unknown"
MemoryUsage = 952
TriggerEventTypeNumber = 6
JOB_GLIDEIN_Site = "FermiGrid"
JOB_GLIDEIN_SiteWMS_JobId = "Unknown"
MyType = "JobImageSizeEvent"
JOB_GLIDEIN_ProcId = "Unknown"
JOB_GLIDEIN_Schedd = "Unknown"
JOB_GLIDEIN_ClusterId = "Unknown"
Cluster = 7972877
JOB_GLIDEIN_Factory = "Unknown"
JOB_GLIDEIN_SiteWMS_Slot = "Unknown"
Subproc = 0
ResidentSetSize = 1437472
EventTypeNumber = 28
JOB_GLIDEIN_SiteWMS = "Unknown"
...
006 (7972877.000.000) 05/29 14:23:11 Image size of job updated: 1403
	1403  -  MemoryUsage of job (MB)
	1437472  -  ResidentSetSize of job (KB)
...
028 (7972877.000.000) 05/29 14:23:11 Job ad information event triggered.
JOB_Site = "FermiGrid"
JOB_GLIDEIN_Name = "Unknown"
Size = 1403
Proc = 0
JOB_GLIDEIN_Entry_Name = "Unknown"
EventTime = "2018-05-29T14:23:11"
TriggerEventTypeName = "ULOG_IMAGE_SIZE"
JOB_GLIDEIN_SiteWMS_Queue = "Unknown"
MemoryUsage = 1403
TriggerEventTypeNumber = 6
JOB_GLIDEIN_Site = "FermiGrid"
JOB_GLIDEIN_SiteWMS_JobId = "Unknown"
MyType = "JobImageSizeEvent"
JOB_GLIDEIN_ProcId = "Unknown"
JOB_GLIDEIN_Schedd = "Unknown"
JOB_GLIDEIN_ClusterId = "Unknown"
Cluster = 7972877
JOB_GLIDEIN_Factory = "Unknown"
JOB_GLIDEIN_SiteWMS_Slot = "Unknown"
Subproc = 0
ResidentSetSize = 1437472
EventTypeNumber = 28
JOB_GLIDEIN_SiteWMS = "Unknown"
...
006 (7972877.000.000) 05/29 14:24:12 Image size of job updated: 1403
	952  -  MemoryUsage of job (MB)
	1437472  -  ResidentSetSize of job (KB)
...
028 (7972877.000.000) 05/29 14:24:12 Job ad information event triggered.
JOB_Site = "FermiGrid"
JOB_GLIDEIN_Name = "Unknown"
Size = 1403
Proc = 0
JOB_GLIDEIN_Entry_Name = "Unknown"
EventTime = "2018-05-29T14:24:12"
TriggerEventTypeName = "ULOG_IMAGE_SIZE"
JOB_GLIDEIN_SiteWMS_Queue = "Unknown"
MemoryUsage = 952
TriggerEventTypeNumber = 6
JOB_GLIDEIN_Site = "FermiGrid"
JOB_GLIDEIN_SiteWMS_JobId = "Unknown"
MyType = "JobImageSizeEvent"
JOB_GLIDEIN_ProcId = "Unknown"
JOB_GLIDEIN_Schedd = "Unknown"
JOB_GLIDEIN_ClusterId = "Unknown"
Cluster = 7972877
JOB_GLIDEIN_Factory = "Unknown"
JOB_GLIDEIN_SiteWMS_Slot = "Unknown"
Subproc = 0
ResidentSetSize = 1437472
EventTypeNumber = 28
JOB_GLIDEIN_SiteWMS = "Unknown"
...
006 (7972877.000.000) 05/29 14:25:13 Image size of job updated: 1404
	1404  -  MemoryUsage of job (MB)
	1438220  -  ResidentSetSize of job (KB)
...
028 (7972877.000.000) 05/29 14:25:13 Job ad information event triggered.
JOB_Site = "FermiGrid"
JOB_GLIDEIN_Name = "Unknown"
Size = 1404
Proc = 0
JOB_GLIDEIN_Entry_Name = "Unknown"
EventTime = "2018-05-29T14:25:13"
TriggerEventTypeName = "ULOG_IMAGE_SIZE"
JOB_GLIDEIN_SiteWMS_Queue = "Unknown"
MemoryUsage = 1404
TriggerEventTypeNumber = 6
JOB_GLIDEIN_Site = "FermiGrid"
JOB_GLIDEIN_SiteWMS_JobId = "Unknown"
MyType = "JobImageSizeEvent"
JOB_GLIDEIN_ProcId = "Unknown"
JOB_GLIDEIN_Schedd = "Unknown"
JOB_GLIDEIN_ClusterId = "Unknown"
Cluster = 7972877
JOB_GLIDEIN_Factory = "Unknown"
JOB_GLIDEIN_SiteWMS_Slot = "Unknown"
Subproc = 0
ResidentSetSize = 1438220
EventTypeNumber = 28
JOB_GLIDEIN_SiteWMS = "Unknown"
...
006 (7972877.000.000) 05/29 14:26:14 Image size of job updated: 1404
	954  -  MemoryUsage of job (MB)
	1438220  -  ResidentSetSize of job (KB)
...
028 (7972877.000.000) 05/29 14:26:14 Job ad information event triggered.
JOB_Site = "FermiGrid"
JOB_GLIDEIN_Name = "Unknown"
Size = 1404
Proc = 0
JOB_GLIDEIN_Entry_Name = "Unknown"
EventTime = "2018-05-29T14:26:14"
TriggerEventTypeName = "ULOG_IMAGE_SIZE"
JOB_GLIDEIN_SiteWMS_Queue = "Unknown"
MemoryUsage = 954
TriggerEventTypeNumber = 6
JOB_GLIDEIN_Site = "FermiGrid"
JOB_GLIDEIN_SiteWMS_JobId = "Unknown"
MyType = "JobImageSizeEvent"
JOB_GLIDEIN_ProcId = "Unknown"
JOB_GLIDEIN_Schedd = "Unknown"
JOB_GLIDEIN_ClusterId = "Unknown"
Cluster = 7972877
JOB_GLIDEIN_Factory = "Unknown"
JOB_GLIDEIN_SiteWMS_Slot = "Unknown"
Subproc = 0
ResidentSetSize = 1438220
EventTypeNumber = 28
JOB_GLIDEIN_SiteWMS = "Unknown"
...
006 (7972877.000.000) 05/29 14:27:15 Image size of job updated: 1408
	1408  -  MemoryUsage of job (MB)
	1442184  -  ResidentSetSize of job (KB)
...
028 (7972877.000.000) 05/29 14:27:15 Job ad information event triggered.
JOB_Site = "FermiGrid"
JOB_GLIDEIN_Name = "Unknown"
Size = 1408
Proc = 0
JOB_GLIDEIN_Entry_Name = "Unknown"
EventTime = "2018-05-29T14:27:15"
TriggerEventTypeName = "ULOG_IMAGE_SIZE"
JOB_GLIDEIN_SiteWMS_Queue = "Unknown"
MemoryUsage = 1408
TriggerEventTypeNumber = 6
JOB_GLIDEIN_Site = "FermiGrid"
JOB_GLIDEIN_SiteWMS_JobId = "Unknown"
MyType = "JobImageSizeEvent"
JOB_GLIDEIN_ProcId = "Unknown"
JOB_GLIDEIN_Schedd = "Unknown"
JOB_GLIDEIN_ClusterId = "Unknown"
Cluster = 7972877
JOB_GLIDEIN_Factory = "Unknown"
JOB_GLIDEIN_SiteWMS_Slot = "Unknown"
Subproc = 0
ResidentSetSize = 1442184
EventTypeNumber = 28
JOB_GLIDEIN_SiteWMS = "Unknown"
...
006 (7972877.000.000) 05/29 14:28:16 Image size of job updated: 1408
	958  -  MemoryUsage of job (MB)
	1442184  -  ResidentSetSize of job (KB)
...
028 (7972877.000.000) 05/29 14:28:16 Job ad information event triggered.
JOB_Site = "FermiGrid"
JOB_GLIDEIN_Name = "Unknown"
Size = 1408
Proc = 0
JOB_GLIDEIN_Entry_Name = "Unknown"
EventTime = "2018-05-29T14:28:16"
TriggerEventTypeName = "ULOG_IMAGE_SIZE"
JOB_GLIDEIN_SiteWMS_Queue = "Unknown"
MemoryUsage = 958
TriggerEventTypeNumber = 6
JOB_GLIDEIN_Site = "FermiGrid"
JOB_GLIDEIN_SiteWMS_JobId = "Unknown"
MyType = "JobImageSizeEvent"
JOB_GLIDEIN_ProcId = "Unknown"
JOB_GLIDEIN_Schedd = "Unknown"
JOB_GLIDEIN_ClusterId = "Unknown"
Cluster = 7972877
JOB_GLIDEIN_Factory = "Unknown"
JOB_GLIDEIN_SiteWMS_Slot = "Unknown"
Subproc = 0
ResidentSetSize = 1442184
EventTypeNumber = 28
JOB_GLIDEIN_SiteWMS = "Unknown"
...
006 (7972877.000.000) 05/29 14:29:17 Image size of job updated: 1414
	1414  -  MemoryUsage of job (MB)
	1448412  -  ResidentSetSize of job (KB)
...
028 (7972877.000.000) 05/29 14:29:17 Job ad information event triggered.
JOB_Site = "FermiGrid"
JOB_GLIDEIN_Name = "Unknown"
Size = 1414
Proc = 0
JOB_GLIDEIN_Entry_Name = "Unknown"
EventTime = "2018-05-29T14:29:17"
TriggerEventTypeName = "ULOG_IMAGE_SIZE"
JOB_GLIDEIN_SiteWMS_Queue = "Unknown"
MemoryUsage = 1414
TriggerEventTypeNumber = 6
JOB_GLIDEIN_Site = "FermiGrid"
JOB_GLIDEIN_SiteWMS_JobId = "Unknown"
MyType = "JobImageSizeEvent"
JOB_GLIDEIN_ProcId = "Unknown"
JOB_GLIDEIN_Schedd = "Unknown"
JOB_GLIDEIN_ClusterId = "Unknown"
Cluster = 7972877
JOB_GLIDEIN_Factory = "Unknown"
JOB_GLIDEIN_SiteWMS_Slot = "Unknown"
Subproc = 0
ResidentSetSize = 1448412
EventTypeNumber = 28
JOB_GLIDEIN_SiteWMS = "Unknown"
...
006 (7972877.000.000) 05/29 14:30:18 Image size of job updated: 1414
	1102  -  MemoryUsage of job (MB)
	1448412  -  ResidentSetSize of job (KB)
...
028 (7972877.000.000) 05/29 14:30:18 Job ad information event triggered.
JOB_Site = "FermiGrid"
JOB_GLIDEIN_Name = "Unknown"
Size = 1414
Proc = 0
JOB_GLIDEIN_Entry_Name = "Unknown"
EventTime = "2018-05-29T14:30:18"
TriggerEventTypeName = "ULOG_IMAGE_SIZE"
JOB_GLIDEIN_SiteWMS_Queue = "Unknown"
MemoryUsage = 1102
TriggerEventTypeNumber = 6
JOB_GLIDEIN_Site = "FermiGrid"
JOB_GLIDEIN_SiteWMS_JobId = "Unknown"
MyType = "JobImageSizeEvent"
JOB_GLIDEIN_ProcId = "Unknown"
JOB_GLIDEIN_Schedd = "Unknown"
JOB_GLIDEIN_ClusterId = "Unknown"
Cluster = 7972877
JOB_GLIDEIN_Factory = "Unknown"
JOB_GLIDEIN_SiteWMS_Slot = "Unknown"
Subproc = 0
ResidentSetSize = 1448412
EventTypeNumber = 28
JOB_GLIDEIN_SiteWMS = "Unknown"
...
006 (7972877.000.000) 05/29 14:31:19 Image size of job updated: 1414
	954  -  MemoryUsage of job (MB)
	1448412  -  ResidentSetSize of job (KB)
...
028 (7972877.000.000) 05/29 14:31:19 Job ad information event triggered.
JOB_Site = "FermiGrid"
JOB_GLIDEIN_Name = "Unknown"
Size = 1414
Proc = 0
JOB_GLIDEIN_Entry_Name = "Unknown"
EventTime = "2018-05-29T14:31:19"
TriggerEventTypeName = "ULOG_IMAGE_SIZE"
JOB_GLIDEIN_SiteWMS_Queue = "Unknown"
MemoryUsage = 954
TriggerEventTypeNumber = 6
JOB_GLIDEIN_Site = "FermiGrid"
JOB_GLIDEIN_SiteWMS_JobId = "Unknown"
MyType = "JobImageSizeEvent"
JOB_GLIDEIN_ProcId = "Unknown"
JOB_GLIDEIN_Schedd = "Unknown"
JOB_GLIDEIN_ClusterId = "Unknown"
Cluster = 7972877
JOB_GLIDEIN_Factory = "Unknown"
JOB_GLIDEIN_SiteWMS_Slot = "Unknown"
Subproc = 0
ResidentSetSize = 1448412
EventTypeNumber = 28
JOB_GLIDEIN_SiteWMS = "Unknown"
...
006 (7972877.000.000) 05/29 14:32:21 Image size of job updated: 1414
	1412  -  MemoryUsage of job (MB)
	1448412  -  ResidentSetSize of job (KB)
...
028 (7972877.000.000) 05/29 14:32:21 Job ad information event triggered.
JOB_Site = "FermiGrid"
JOB_GLIDEIN_Name = "Unknown"
Size = 1414
Proc = 0
JOB_GLIDEIN_Entry_Name = "Unknown"
EventTime = "2018-05-29T14:32:21"
TriggerEventTypeName = "ULOG_IMAGE_SIZE"
JOB_GLIDEIN_SiteWMS_Queue = "Unknown"
MemoryUsage = 1412
TriggerEventTypeNumber = 6
JOB_GLIDEIN_Site = "FermiGrid"
JOB_GLIDEIN_SiteWMS_JobId = "Unknown"
MyType = "JobImageSizeEvent"
JOB_GLIDEIN_ProcId = "Unknown"
JOB_GLIDEIN_Schedd = "Unknown"
JOB_GLIDEIN_ClusterId = "Unknown"
Cluster = 7972877
JOB_GLIDEIN_Factory = "Unknown"
JOB_GLIDEIN_SiteWMS_Slot = "Unknown"
Subproc = 0
ResidentSetSize = 1448412
EventTypeNumber = 28
JOB_GLIDEIN_SiteWMS = "Unknown"
...
006 (7972877.000.000) 05/29 14:33:22 Image size of job updated: 1414
	952  -  MemoryUsage of job (MB)
	1448412  -  ResidentSetSize of job (KB)
...
028 (7972877.000.000) 05/29 14:33:22 Job ad information event triggered.
JOB_Site = "FermiGrid"
JOB_GLIDEIN_Name = "Unknown"
Size = 1414
Proc = 0
JOB_GLIDEIN_Entry_Name = "Unknown"
EventTime = "2018-05-29T14:33:22"
TriggerEventTypeName = "ULOG_IMAGE_SIZE"
JOB_GLIDEIN_SiteWMS_Queue = "Unknown"
MemoryUsage = 952
TriggerEventTypeNumber = 6
JOB_GLIDEIN_Site = "FermiGrid"
JOB_GLIDEIN_SiteWMS_JobId = "Unknown"
MyType = "JobImageSizeEvent"
JOB_GLIDEIN_ProcId = "Unknown"
JOB_GLIDEIN_Schedd = "Unknown"
JOB_GLIDEIN_ClusterId = "Unknown"
Cluster = 7972877
JOB_GLIDEIN_Factory = "Unknown"
JOB_GLIDEIN_SiteWMS_Slot = "Unknown"
Subproc = 0
ResidentSetSize = 1448412
EventTypeNumber = 28
JOB_GLIDEIN_SiteWMS = "Unknown"
...
006 (7972877.000.000) 05/29 14:34:23 Image size of job updated: 1414
	1409  -  MemoryUsage of job (MB)
	1448412  -  ResidentSetSize of job (KB)
...
028 (7972877.000.000) 05/29 14:34:23 Job ad information event triggered.
JOB_Site = "FermiGrid"
JOB_GLIDEIN_Name = "Unknown"
Size = 1414
Proc = 0
JOB_GLIDEIN_Entry_Name = "Unknown"
EventTime = "2018-05-29T14:34:23"
TriggerEventTypeName = "ULOG_IMAGE_SIZE"
JOB_GLIDEIN_SiteWMS_Queue = "Unknown"
MemoryUsage = 1409
TriggerEventTypeNumber = 6
JOB_GLIDEIN_Site = "FermiGrid"
JOB_GLIDEIN_SiteWMS_JobId = "Unknown"
MyType = "JobImageSizeEvent"
JOB_GLIDEIN_ProcId = "Unknown"
JOB_GLIDEIN_Schedd = "Unknown"
JOB_GLIDEIN_ClusterId = "Unknown"
Cluster = 7972877
JOB_GLIDEIN_Factory = "Unknown"
JOB_GLIDEIN_SiteWMS_Slot = "Unknown"
Subproc = 0
ResidentSetSize = 1448412
EventTypeNumber = 28
JOB_GLIDEIN_SiteWMS = "Unknown"
...
006 (7972877.000.000) 05/29 14:35:24 Image size of job updated: 1414
	1089  -  MemoryUsage of job (MB)
	1448412  -  ResidentSetSize of job (KB)
...
028 (7972877.000.000) 05/29 14:35:24 Job ad information event triggered.
JOB_Site = "FermiGrid"
JOB_GLIDEIN_Name = "Unknown"
Size = 1414
Proc = 0
JOB_GLIDEIN_Entry_Name = "Unknown"
EventTime = "2018-05-29T14:35:24"
TriggerEventTypeName = "ULOG_IMAGE_SIZE"
JOB_GLIDEIN_SiteWMS_Queue = "Unknown"
MemoryUsage = 1089
TriggerEventTypeNumber = 6
JOB_GLIDEIN_Site = "FermiGrid"
JOB_GLIDEIN_SiteWMS_JobId = "Unknown"
MyType = "JobImageSizeEvent"
JOB_GLIDEIN_ProcId = "Unknown"
JOB_GLIDEIN_Schedd = "Unknown"
JOB_GLIDEIN_ClusterId = "Unknown"
Cluster = 7972877
JOB_GLIDEIN_Factory = "Unknown"
JOB_GLIDEIN_SiteWMS_Slot = "Unknown"
Subproc = 0
ResidentSetSize = 1448412
EventTypeNumber = 28
JOB_GLIDEIN_SiteWMS = "Unknown"
...
006 (7972877.000.000) 05/29 14:36:25 Image size of job updated: 1414
	954  -  MemoryUsage of job (MB)
	1448412  -  ResidentSetSize of job (KB)
...
028 (7972877.000.000) 05/29 14:36:25 Job ad information event triggered.
JOB_Site = "FermiGrid"
JOB_GLIDEIN_Name = "Unknown"
Size = 1414
Proc = 0
JOB_GLIDEIN_Entry_Name = "Unknown"
EventTime = "2018-05-29T14:36:25"
TriggerEventTypeName = "ULOG_IMAGE_SIZE"
JOB_GLIDEIN_SiteWMS_Queue = "Unknown"
MemoryUsage = 954
TriggerEventTypeNumber = 6
JOB_GLIDEIN_Site = "FermiGrid"
JOB_GLIDEIN_SiteWMS_JobId = "Unknown"
MyType = "JobImageSizeEvent"
JOB_GLIDEIN_ProcId = "Unknown"
JOB_GLIDEIN_Schedd = "Unknown"
JOB_GLIDEIN_ClusterId = "Unknown"
Cluster = 7972877
JOB_GLIDEIN_Factory = "Unknown"
JOB_GLIDEIN_SiteWMS_Slot = "Unknown"
Subproc = 0
ResidentSetSize = 1448412
EventTypeNumber = 28
JOB_GLIDEIN_SiteWMS = "Unknown"
...
006 (7972877.000.000) 05/29 14:37:26 Image size of job updated: 1414
	1114  -  MemoryUsage of job (MB)
	1448412  -  ResidentSetSize of job (KB)
...
028 (7972877.000.000) 05/29 14:37:26 Job ad information event triggered.
JOB_Site = "FermiGrid"
JOB_GLIDEIN_Name = "Unknown"
Size = 1414
Proc = 0
JOB_GLIDEIN_Entry_Name = "Unknown"
EventTime = "2018-05-29T14:37:26"
TriggerEventTypeName = "ULOG_IMAGE_SIZE"
JOB_GLIDEIN_SiteWMS_Queue = "Unknown"
MemoryUsage = 1114
TriggerEventTypeNumber = 6
JOB_GLIDEIN_Site = "FermiGrid"
JOB_GLIDEIN_SiteWMS_JobId = "Unknown"
MyType = "JobImageSizeEvent"
JOB_GLIDEIN_ProcId = "Unknown"
JOB_GLIDEIN_Schedd = "Unknown"
JOB_GLIDEIN_ClusterId = "Unknown"
Cluster = 7972877
JOB_GLIDEIN_Factory = "Unknown"
JOB_GLIDEIN_SiteWMS_Slot = "Unknown"
Subproc = 0
ResidentSetSize = 1448412
EventTypeNumber = 28
JOB_GLIDEIN_SiteWMS = "Unknown"
...
006 (7972877.000.000) 05/29 14:38:27 Image size of job updated: 1414
	952  -  MemoryUsage of job (MB)
	1448412  -  ResidentSetSize of job (KB)
...
028 (7972877.000.000) 05/29 14:38:27 Job ad information event triggered.
JOB_Site = "FermiGrid"
JOB_GLIDEIN_Name = "Unknown"
Size = 1414
Proc = 0
JOB_GLIDEIN_Entry_Name = "Unknown"
EventTime = "2018-05-29T14:38:27"
TriggerEventTypeName = "ULOG_IMAGE_SIZE"
JOB_GLIDEIN_SiteWMS_Queue = "Unknown"
MemoryUsage = 952
TriggerEventTypeNumber = 6
JOB_GLIDEIN_Site = "FermiGrid"
JOB_GLIDEIN_SiteWMS_JobId = "Unknown"
MyType = "JobImageSizeEvent"
JOB_GLIDEIN_ProcId = "Unknown"
JOB_GLIDEIN_Schedd = "Unknown"
JOB_GLIDEIN_ClusterId = "Unknown"
Cluster = 7972877
JOB_GLIDEIN_Factory = "Unknown"
JOB_GLIDEIN_SiteWMS_Slot = "Unknown"
Subproc = 0
ResidentSetSize = 1448412
EventTypeNumber = 28
JOB_GLIDEIN_SiteWMS = "Unknown"
...
006 (7972877.000.000) 05/29 14:39:28 Image size of job updated: 1414
	1414  -  MemoryUsage of job (MB)
	1448452  -  ResidentSetSize of job (KB)
...
028 (7972877.000.000) 05/29 14:39:28 Job ad information event triggered.
JOB_Site = "FermiGrid"
JOB_GLIDEIN_Name = "Unknown"
Size = 1414
Proc = 0
JOB_GLIDEIN_Entry_Name = "Unknown"
EventTime = "2018-05-29T14:39:28"
TriggerEventTypeName = "ULOG_IMAGE_SIZE"
JOB_GLIDEIN_SiteWMS_Queue = "Unknown"
MemoryUsage = 1414
TriggerEventTypeNumber = 6
JOB_GLIDEIN_Site = "FermiGrid"
JOB_GLIDEIN_SiteWMS_JobId = "Unknown"
MyType = "JobImageSizeEvent"
JOB_GLIDEIN_ProcId = "Unknown"
JOB_GLIDEIN_Schedd = "Unknown"
JOB_GLIDEIN_ClusterId = "Unknown"
Cluster = 7972877
JOB_GLIDEIN_Factory = "Unknown"
JOB_GLIDEIN_SiteWMS_Slot = "Unknown"
Subproc = 0
ResidentSetSize = 1448452
EventTypeNumber = 28
JOB_GLIDEIN_SiteWMS = "Unknown"
...
006 (7972877.000.000) 05/29 14:40:29 Image size of job updated: 1414
	954  -  MemoryUsage of job (MB)
	1448452  -  ResidentSetSize of job (KB)
...
028 (7972877.000.000) 05/29 14:40:29 Job ad information event triggered.
JOB_Site = "FermiGrid"
JOB_GLIDEIN_Name = "Unknown"
Size = 1414
Proc = 0
JOB_GLIDEIN_Entry_Name = "Unknown"
EventTime = "2018-05-29T14:40:29"
TriggerEventTypeName = "ULOG_IMAGE_SIZE"
JOB_GLIDEIN_SiteWMS_Queue = "Unknown"
MemoryUsage = 954
TriggerEventTypeNumber = 6
JOB_GLIDEIN_Site = "FermiGrid"
JOB_GLIDEIN_SiteWMS_JobId = "Unknown"
MyType = "JobImageSizeEvent"
JOB_GLIDEIN_ProcId = "Unknown"
JOB_GLIDEIN_Schedd = "Unknown"
JOB_GLIDEIN_ClusterId = "Unknown"
Cluster = 7972877
JOB_GLIDEIN_Factory = "Unknown"
JOB_GLIDEIN_SiteWMS_Slot = "Unknown"
Subproc = 0
ResidentSetSize = 1448452
EventTypeNumber = 28
JOB_GLIDEIN_SiteWMS = "Unknown"
...
006 (7972877.000.000) 05/29 14:41:31 Image size of job updated: 1419
	1419  -  MemoryUsage of job (MB)
	1453120  -  ResidentSetSize of job (KB)
...
028 (7972877.000.000) 05/29 14:41:31 Job ad information event triggered.
JOB_Site = "FermiGrid"
JOB_GLIDEIN_Name = "Unknown"
Size = 1419
Proc = 0
JOB_GLIDEIN_Entry_Name = "Unknown"
EventTime = "2018-05-29T14:41:31"
TriggerEventTypeName = "ULOG_IMAGE_SIZE"
JOB_GLIDEIN_SiteWMS_Queue = "Unknown"
MemoryUsage = 1419
TriggerEventTypeNumber = 6
JOB_GLIDEIN_Site = "FermiGrid"
JOB_GLIDEIN_SiteWMS_JobId = "Unknown"
MyType = "JobImageSizeEvent"
JOB_GLIDEIN_ProcId = "Unknown"
JOB_GLIDEIN_Schedd = "Unknown"
JOB_GLIDEIN_ClusterId = "Unknown"
Cluster = 7972877
JOB_GLIDEIN_Factory = "Unknown"
JOB_GLIDEIN_SiteWMS_Slot = "Unknown"
Subproc = 0
ResidentSetSize = 1453120
EventTypeNumber = 28
JOB_GLIDEIN_SiteWMS = "Unknown"
...
006 (7972877.000.000) 05/29 14:42:32 Image size of job updated: 1419
	93  -  MemoryUsage of job (MB)
	1453120  -  ResidentSetSize of job (KB)
...
028 (7972877.000.000) 05/29 14:42:32 Job ad information event triggered.
JOB_Site = "FermiGrid"
JOB_GLIDEIN_Name = "Unknown"
Size = 1419
Proc = 0
JOB_GLIDEIN_Entry_Name = "Unknown"
EventTime = "2018-05-29T14:42:32"
TriggerEventTypeName = "ULOG_IMAGE_SIZE"
JOB_GLIDEIN_SiteWMS_Queue = "Unknown"
MemoryUsage = 93
TriggerEventTypeNumber = 6
JOB_GLIDEIN_Site = "FermiGrid"
JOB_GLIDEIN_SiteWMS_JobId = "Unknown"
MyType = "JobImageSizeEvent"
JOB_GLIDEIN_ProcId = "Unknown"
JOB_GLIDEIN_Schedd = "Unknown"
JOB_GLIDEIN_ClusterId = "Unknown"
Cluster = 7972877
JOB_GLIDEIN_Factory = "Unknown"
JOB_GLIDEIN_SiteWMS_Slot = "Unknown"
Subproc = 0
ResidentSetSize = 1453120
EventTypeNumber = 28
JOB_GLIDEIN_SiteWMS = "Unknown"
...
006 (7972877.000.000) 05/29 14:43:33 Image size of job updated: 1419
	588  -  MemoryUsage of job (MB)
	1453120  -  ResidentSetSize of job (KB)
...
028 (7972877.000.000) 05/29 14:43:33 Job ad information event triggered.
JOB_Site = "FermiGrid"
JOB_GLIDEIN_Name = "Unknown"
Size = 1419
Proc = 0
JOB_GLIDEIN_Entry_Name = "Unknown"
EventTime = "2018-05-29T14:43:33"
TriggerEventTypeName = "ULOG_IMAGE_SIZE"
JOB_GLIDEIN_SiteWMS_Queue = "Unknown"
MemoryUsage = 588
TriggerEventTypeNumber = 6
JOB_GLIDEIN_Site = "FermiGrid"
JOB_GLIDEIN_SiteWMS_JobId = "Unknown"
MyType = "JobImageSizeEvent"
JOB_GLIDEIN_ProcId = "Unknown"
JOB_GLIDEIN_Schedd = "Unknown"
JOB_GLIDEIN_ClusterId = "Unknown"
Cluster = 7972877
JOB_GLIDEIN_Factory = "Unknown"
JOB_GLIDEIN_SiteWMS_Slot = "Unknown"
Subproc = 0
ResidentSetSize = 1453120
EventTypeNumber = 28
JOB_GLIDEIN_SiteWMS = "Unknown"
...
006 (7972877.000.000) 05/29 14:44:34 Image size of job updated: 1419
	646  -  MemoryUsage of job (MB)
	1453120  -  ResidentSetSize of job (KB)
...
028 (7972877.000.000) 05/29 14:44:34 Job ad information event triggered.
JOB_Site = "FermiGrid"
JOB_GLIDEIN_Name = "Unknown"
Size = 1419
Proc = 0
JOB_GLIDEIN_Entry_Name = "Unknown"
EventTime = "2018-05-29T14:44:34"
TriggerEventTypeName = "ULOG_IMAGE_SIZE"
JOB_GLIDEIN_SiteWMS_Queue = "Unknown"
MemoryUsage = 646
TriggerEventTypeNumber = 6
JOB_GLIDEIN_Site = "FermiGrid"
JOB_GLIDEIN_SiteWMS_JobId = "Unknown"
MyType = "JobImageSizeEvent"
JOB_GLIDEIN_ProcId = "Unknown"
JOB_GLIDEIN_Schedd = "Unknown"
JOB_GLIDEIN_ClusterId = "Unknown"
Cluster = 7972877
JOB_GLIDEIN_Factory = "Unknown"
JOB_GLIDEIN_SiteWMS_Slot = "Unknown"
Subproc = 0
ResidentSetSize = 1453120
EventTypeNumber = 28
JOB_GLIDEIN_SiteWMS = "Unknown"
...
006 (7972877.000.000) 05/29 14:47:37 Image size of job updated: 1419
	647  -  MemoryUsage of job (MB)
	1453120  -  ResidentSetSize of job (KB)
...
028 (7972877.000.000) 05/29 14:47:37 Job ad information event triggered.
JOB_Site = "FermiGrid"
JOB_GLIDEIN_Name = "Unknown"
Size = 1419
Proc = 0
JOB_GLIDEIN_Entry_Name = "Unknown"
EventTime = "2018-05-29T14:47:37"
TriggerEventTypeName = "ULOG_IMAGE_SIZE"
JOB_GLIDEIN_SiteWMS_Queue = "Unknown"
MemoryUsage = 647
TriggerEventTypeNumber = 6
JOB_GLIDEIN_Site = "FermiGrid"
JOB_GLIDEIN_SiteWMS_JobId = "Unknown"
MyType = "JobImageSizeEvent"
JOB_GLIDEIN_ProcId = "Unknown"
JOB_GLIDEIN_Schedd = "Unknown"
JOB_GLIDEIN_ClusterId = "Unknown"
Cluster = 7972877
JOB_GLIDEIN_Factory = "Unknown"
JOB_GLIDEIN_SiteWMS_Slot = "Unknown"
Subproc = 0
ResidentSetSize = 1453120
EventTypeNumber = 28
JOB_GLIDEIN_SiteWMS = "Unknown"
...
006 (7972877.000.000) 05/29 14:50:41 Image size of job updated: 1419
	652  -  MemoryUsage of job (MB)
	1453120  -  ResidentSetSize of job (KB)
...
028 (7972877.000.000) 05/29 14:50:41 Job ad information event triggered.
JOB_Site = "FermiGrid"
JOB_GLIDEIN_Name = "Unknown"
Size = 1419
Proc = 0
JOB_GLIDEIN_Entry_Name = "Unknown"
EventTime = "2018-05-29T14:50:41"
TriggerEventTypeName = "ULOG_IMAGE_SIZE"
JOB_GLIDEIN_SiteWMS_Queue = "Unknown"
MemoryUsage = 652
TriggerEventTypeNumber = 6
JOB_GLIDEIN_Site = "FermiGrid"
JOB_GLIDEIN_SiteWMS_JobId = "Unknown"
MyType = "JobImageSizeEvent"
JOB_GLIDEIN_ProcId = "Unknown"
JOB_GLIDEIN_Schedd = "Unknown"
JOB_GLIDEIN_ClusterId = "Unknown"
Cluster = 7972877
JOB_GLIDEIN_Factory = "Unknown"
JOB_GLIDEIN_SiteWMS_Slot = "Unknown"
Subproc = 0
ResidentSetSize = 1453120
EventTypeNumber = 28
JOB_GLIDEIN_SiteWMS = "Unknown"
...
006 (7972877.000.000) 05/29 14:52:43 Image size of job updated: 1419
	58  -  MemoryUsage of job (MB)
	1453120  -  ResidentSetSize of job (KB)
...
028 (7972877.000.000) 05/29 14:52:43 Job ad information event triggered.
JOB_Site = "FermiGrid"
JOB_GLIDEIN_Name = "Unknown"
Size = 1419
Proc = 0
JOB_GLIDEIN_Entry_Name = "Unknown"
EventTime = "2018-05-29T14:52:43"
TriggerEventTypeName = "ULOG_IMAGE_SIZE"
JOB_GLIDEIN_SiteWMS_Queue = "Unknown"
MemoryUsage = 58
TriggerEventTypeNumber = 6
JOB_GLIDEIN_Site = "FermiGrid"
JOB_GLIDEIN_SiteWMS_JobId = "Unknown"
MyType = "JobImageSizeEvent"
JOB_GLIDEIN_ProcId = "Unknown"
JOB_GLIDEIN_Schedd = "Unknown"
JOB_GLIDEIN_ClusterId = "Unknown"
Cluster = 7972877
JOB_GLIDEIN_Factory = "Unknown"
JOB_GLIDEIN_SiteWMS_Slot = "Unknown"
Subproc = 0
ResidentSetSize = 1453120
EventTypeNumber = 28
JOB_GLIDEIN_SiteWMS = "Unknown"
...
005 (7972877.000.000) 05/29 14:52:55 Job terminated.
	(1) Normal termination (return value 0)
		Usr 0 00:35:52, Sys 0 00:01:03  -  Run Remote Usage
		Usr 0 00:00:00, Sys 0 00:00:00  -  Run Local Usage
		Usr 0 00:35:52, Sys 0 00:01:03  -  Total Remote Usage
		Usr 0 00:00:00, Sys 0 00:00:00  -  Total Local Usage
	24746  -  Run Bytes Sent By Job
	58988  -  Run Bytes Received By Job
	24746  -  Total Bytes Sent By Job
	58988  -  Total Bytes Received By Job
	Partitionable Resources :    Usage  Request Allocated
	   Cpus                 :                 1         1
	   Disk (KB)            :  1507195 35000000  35430005
	   Memory (MB)          :       58     2000      2000
...
028 (7972877.000.000) 05/29 14:52:55 Job ad information event triggered.
SentBytes = 24746.0
JOB_GLIDEIN_Name = "Unknown"
TerminatedNormally = true
ReturnValue = 0
JOB_GLIDEIN_ClusterId = "Unknown"
JOB_GLIDEIN_SiteWMS = "Unknown"
EventTypeNumber = 28
Subproc = 0
ReceivedBytes = 58988.0
JOB_GLIDEIN_SiteWMS_Slot = "Unknown"
MyType = "JobTerminatedEvent"
TriggerEventTypeName = "ULOG_JOB_TERMINATED"
TotalRemoteUsage = "Usr 0 00:35:52, Sys 0 00:01:03"
JOB_Site = "FermiGrid"
JOB_GLIDEIN_Site = "FermiGrid"
Proc = 0
EventTime = "2018-05-29T14:52:55"
TotalSentBytes = 24746.0
TriggerEventTypeNumber = 5
TotalLocalUsage = "Usr 0 00:00:00, Sys 0 00:00:00"
JOB_GLIDEIN_Schedd = "Unknown"
Cluster = 7972877
RunLocalUsage = "Usr 0 00:00:00, Sys 0 00:00:00"
JOB_GLIDEIN_Entry_Name = "Unknown"
JOB_GLIDEIN_ProcId = "Unknown"
JOB_GLIDEIN_Factory = "Unknown"
JOB_GLIDEIN_SiteWMS_Queue = "Unknown"
RunRemoteUsage = "Usr 0 00:35:52, Sys 0 00:01:03"
JOB_GLIDEIN_SiteWMS_JobId = "Unknown"
TotalReceivedBytes = 58988.0
...
