000 (7972921.000.000) 05/29 14:13:26 Job submitted from host: <131.225.240.41:9615?addrs=131.225.240.41-9615&noUDP&sock=9488_a3ef_3>
    DAG Node: Jb_5_0
...
028 (7972921.000.000) 05/29 14:13:26 Job ad information event triggered.
JOB_GLIDEIN_Name = "$$(GLIDEIN_Name:Unknown)"
JOB_Site = "$$(GLIDEIN_Site:Unknown)"
Proc = 0
JOB_GLIDEIN_Entry_Name = "$$(GLIDEIN_Entry_Name:Unknown)"
EventTime = "2018-05-29T14:13:26"
TriggerEventTypeName = "ULOG_SUBMIT"
SubmitHost = "<131.225.240.41:9615?addrs=131.225.240.41-9615&noUDP&sock=9488_a3ef_3>"
JOB_GLIDEIN_SiteWMS_Queue = "$$(GLIDEIN_SiteWMS_Queue:Unknown)"
TriggerEventTypeNumber = 0
JOB_GLIDEIN_Site = "$$(GLIDEIN_Site:Unknown)"
LogNotes = "DAG Node: Jb_5_0"
JOB_GLIDEIN_SiteWMS_JobId = "$$(GLIDEIN_SiteWMS_JobId:Unknown)"
MyType = "SubmitEvent"
JOB_GLIDEIN_ProcId = "$$(GLIDEIN_ProcId:Unknown)"
JOB_GLIDEIN_Schedd = "$$(GLIDEIN_Schedd:Unknown)"
JOB_GLIDEIN_ClusterId = "$$(GLIDEIN_ClusterId:Unknown)"
Cluster = 7972921
JOB_GLIDEIN_Factory = "$$(GLIDEIN_Factory:Unknown)"
JOB_GLIDEIN_SiteWMS_Slot = "$$(GLIDEIN_SiteWMS_Slot:Unknown)"
Subproc = 0
EventTypeNumber = 28
JOB_GLIDEIN_SiteWMS = "$$(GLIDEIN_SiteWMS:Unknown)"
...
001 (7972921.000.000) 05/29 14:14:33 Job executing on host: <131.225.167.38:9618?addrs=131.225.167.38-9618&noUDP&sock=3463_e88f_3>
...
028 (7972921.000.000) 05/29 14:14:33 Job ad information event triggered.
JOB_GLIDEIN_Name = "Unknown"
JOB_Site = "FermiGrid"
Proc = 0
JOB_GLIDEIN_Entry_Name = "Unknown"
EventTime = "2018-05-29T14:14:33"
TriggerEventTypeName = "ULOG_EXECUTE"
JOB_GLIDEIN_SiteWMS_Queue = "Unknown"
TriggerEventTypeNumber = 1
ExecuteHost = "<131.225.167.38:9618?addrs=131.225.167.38-9618&noUDP&sock=3463_e88f_3>"
JOB_GLIDEIN_Site = "FermiGrid"
JOB_GLIDEIN_SiteWMS_JobId = "Unknown"
MyType = "ExecuteEvent"
JOB_GLIDEIN_ProcId = "Unknown"
JOB_GLIDEIN_Schedd = "Unknown"
JOB_GLIDEIN_ClusterId = "Unknown"
Cluster = 7972921
JOB_GLIDEIN_Factory = "Unknown"
JOB_GLIDEIN_SiteWMS_Slot = "Unknown"
Subproc = 0
EventTypeNumber = 28
JOB_GLIDEIN_SiteWMS = "Unknown"
...
006 (7972921.000.000) 05/29 14:14:42 Image size of job updated: 12
	1  -  MemoryUsage of job (MB)
	1160  -  ResidentSetSize of job (KB)
...
028 (7972921.000.000) 05/29 14:14:42 Job ad information event triggered.
JOB_Site = "FermiGrid"
JOB_GLIDEIN_Name = "Unknown"
Size = 12
Proc = 0
JOB_GLIDEIN_Entry_Name = "Unknown"
EventTime = "2018-05-29T14:14:42"
TriggerEventTypeName = "ULOG_IMAGE_SIZE"
JOB_GLIDEIN_SiteWMS_Queue = "Unknown"
MemoryUsage = 1
TriggerEventTypeNumber = 6
JOB_GLIDEIN_Site = "FermiGrid"
JOB_GLIDEIN_SiteWMS_JobId = "Unknown"
MyType = "JobImageSizeEvent"
JOB_GLIDEIN_ProcId = "Unknown"
JOB_GLIDEIN_Schedd = "Unknown"
JOB_GLIDEIN_ClusterId = "Unknown"
Cluster = 7972921
JOB_GLIDEIN_Factory = "Unknown"
JOB_GLIDEIN_SiteWMS_Slot = "Unknown"
Subproc = 0
ResidentSetSize = 1160
EventTypeNumber = 28
JOB_GLIDEIN_SiteWMS = "Unknown"
...
006 (7972921.000.000) 05/29 14:15:42 Image size of job updated: 110
	110  -  MemoryUsage of job (MB)
	113524  -  ResidentSetSize of job (KB)
...
028 (7972921.000.000) 05/29 14:15:42 Job ad information event triggered.
JOB_Site = "FermiGrid"
JOB_GLIDEIN_Name = "Unknown"
Size = 110
Proc = 0
JOB_GLIDEIN_Entry_Name = "Unknown"
EventTime = "2018-05-29T14:15:42"
TriggerEventTypeName = "ULOG_IMAGE_SIZE"
JOB_GLIDEIN_SiteWMS_Queue = "Unknown"
MemoryUsage = 110
TriggerEventTypeNumber = 6
JOB_GLIDEIN_Site = "FermiGrid"
JOB_GLIDEIN_SiteWMS_JobId = "Unknown"
MyType = "JobImageSizeEvent"
JOB_GLIDEIN_ProcId = "Unknown"
JOB_GLIDEIN_Schedd = "Unknown"
JOB_GLIDEIN_ClusterId = "Unknown"
Cluster = 7972921
JOB_GLIDEIN_Factory = "Unknown"
JOB_GLIDEIN_SiteWMS_Slot = "Unknown"
Subproc = 0
ResidentSetSize = 113524
EventTypeNumber = 28
JOB_GLIDEIN_SiteWMS = "Unknown"
...
006 (7972921.000.000) 05/29 14:16:42 Image size of job updated: 920
	920  -  MemoryUsage of job (MB)
	942828  -  ResidentSetSize of job (KB)
...
028 (7972921.000.000) 05/29 14:16:42 Job ad information event triggered.
JOB_Site = "FermiGrid"
JOB_GLIDEIN_Name = "Unknown"
Size = 920
Proc = 0
JOB_GLIDEIN_Entry_Name = "Unknown"
EventTime = "2018-05-29T14:16:42"
TriggerEventTypeName = "ULOG_IMAGE_SIZE"
JOB_GLIDEIN_SiteWMS_Queue = "Unknown"
MemoryUsage = 920
TriggerEventTypeNumber = 6
JOB_GLIDEIN_Site = "FermiGrid"
JOB_GLIDEIN_SiteWMS_JobId = "Unknown"
MyType = "JobImageSizeEvent"
JOB_GLIDEIN_ProcId = "Unknown"
JOB_GLIDEIN_Schedd = "Unknown"
JOB_GLIDEIN_ClusterId = "Unknown"
Cluster = 7972921
JOB_GLIDEIN_Factory = "Unknown"
JOB_GLIDEIN_SiteWMS_Slot = "Unknown"
Subproc = 0
ResidentSetSize = 942828
EventTypeNumber = 28
JOB_GLIDEIN_SiteWMS = "Unknown"
...
006 (7972921.000.000) 05/29 14:17:42 Image size of job updated: 1356
	1356  -  MemoryUsage of job (MB)
	1389516  -  ResidentSetSize of job (KB)
...
028 (7972921.000.000) 05/29 14:17:42 Job ad information event triggered.
JOB_Site = "FermiGrid"
JOB_GLIDEIN_Name = "Unknown"
Size = 1356
Proc = 0
JOB_GLIDEIN_Entry_Name = "Unknown"
EventTime = "2018-05-29T14:17:42"
TriggerEventTypeName = "ULOG_IMAGE_SIZE"
JOB_GLIDEIN_SiteWMS_Queue = "Unknown"
MemoryUsage = 1356
TriggerEventTypeNumber = 6
JOB_GLIDEIN_Site = "FermiGrid"
JOB_GLIDEIN_SiteWMS_JobId = "Unknown"
MyType = "JobImageSizeEvent"
JOB_GLIDEIN_ProcId = "Unknown"
JOB_GLIDEIN_Schedd = "Unknown"
JOB_GLIDEIN_ClusterId = "Unknown"
Cluster = 7972921
JOB_GLIDEIN_Factory = "Unknown"
JOB_GLIDEIN_SiteWMS_Slot = "Unknown"
Subproc = 0
ResidentSetSize = 1389516
EventTypeNumber = 28
JOB_GLIDEIN_SiteWMS = "Unknown"
...
006 (7972921.000.000) 05/29 14:18:42 Image size of job updated: 1356
	1057  -  MemoryUsage of job (MB)
	1389516  -  ResidentSetSize of job (KB)
...
028 (7972921.000.000) 05/29 14:18:42 Job ad information event triggered.
JOB_Site = "FermiGrid"
JOB_GLIDEIN_Name = "Unknown"
Size = 1356
Proc = 0
JOB_GLIDEIN_Entry_Name = "Unknown"
EventTime = "2018-05-29T14:18:42"
TriggerEventTypeName = "ULOG_IMAGE_SIZE"
JOB_GLIDEIN_SiteWMS_Queue = "Unknown"
MemoryUsage = 1057
TriggerEventTypeNumber = 6
JOB_GLIDEIN_Site = "FermiGrid"
JOB_GLIDEIN_SiteWMS_JobId = "Unknown"
MyType = "JobImageSizeEvent"
JOB_GLIDEIN_ProcId = "Unknown"
JOB_GLIDEIN_Schedd = "Unknown"
JOB_GLIDEIN_ClusterId = "Unknown"
Cluster = 7972921
JOB_GLIDEIN_Factory = "Unknown"
JOB_GLIDEIN_SiteWMS_Slot = "Unknown"
Subproc = 0
ResidentSetSize = 1389516
EventTypeNumber = 28
JOB_GLIDEIN_SiteWMS = "Unknown"
...
006 (7972921.000.000) 05/29 14:19:42 Image size of job updated: 1399
	1399  -  MemoryUsage of job (MB)
	1432888  -  ResidentSetSize of job (KB)
...
028 (7972921.000.000) 05/29 14:19:42 Job ad information event triggered.
JOB_Site = "FermiGrid"
JOB_GLIDEIN_Name = "Unknown"
Size = 1399
Proc = 0
JOB_GLIDEIN_Entry_Name = "Unknown"
EventTime = "2018-05-29T14:19:42"
TriggerEventTypeName = "ULOG_IMAGE_SIZE"
JOB_GLIDEIN_SiteWMS_Queue = "Unknown"
MemoryUsage = 1399
TriggerEventTypeNumber = 6
JOB_GLIDEIN_Site = "FermiGrid"
JOB_GLIDEIN_SiteWMS_JobId = "Unknown"
MyType = "JobImageSizeEvent"
JOB_GLIDEIN_ProcId = "Unknown"
JOB_GLIDEIN_Schedd = "Unknown"
JOB_GLIDEIN_ClusterId = "Unknown"
Cluster = 7972921
JOB_GLIDEIN_Factory = "Unknown"
JOB_GLIDEIN_SiteWMS_Slot = "Unknown"
Subproc = 0
ResidentSetSize = 1432888
EventTypeNumber = 28
JOB_GLIDEIN_SiteWMS = "Unknown"
...
006 (7972921.000.000) 05/29 14:20:42 Image size of job updated: 1399
	1100  -  MemoryUsage of job (MB)
	1432888  -  ResidentSetSize of job (KB)
...
028 (7972921.000.000) 05/29 14:20:42 Job ad information event triggered.
JOB_Site = "FermiGrid"
JOB_GLIDEIN_Name = "Unknown"
Size = 1399
Proc = 0
JOB_GLIDEIN_Entry_Name = "Unknown"
EventTime = "2018-05-29T14:20:42"
TriggerEventTypeName = "ULOG_IMAGE_SIZE"
JOB_GLIDEIN_SiteWMS_Queue = "Unknown"
MemoryUsage = 1100
TriggerEventTypeNumber = 6
JOB_GLIDEIN_Site = "FermiGrid"
JOB_GLIDEIN_SiteWMS_JobId = "Unknown"
MyType = "JobImageSizeEvent"
JOB_GLIDEIN_ProcId = "Unknown"
JOB_GLIDEIN_Schedd = "Unknown"
JOB_GLIDEIN_ClusterId = "Unknown"
Cluster = 7972921
JOB_GLIDEIN_Factory = "Unknown"
JOB_GLIDEIN_SiteWMS_Slot = "Unknown"
Subproc = 0
ResidentSetSize = 1432888
EventTypeNumber = 28
JOB_GLIDEIN_SiteWMS = "Unknown"
...
006 (7972921.000.000) 05/29 14:21:42 Image size of job updated: 1399
	1054  -  MemoryUsage of job (MB)
	1432888  -  ResidentSetSize of job (KB)
...
028 (7972921.000.000) 05/29 14:21:42 Job ad information event triggered.
JOB_Site = "FermiGrid"
JOB_GLIDEIN_Name = "Unknown"
Size = 1399
Proc = 0
JOB_GLIDEIN_Entry_Name = "Unknown"
EventTime = "2018-05-29T14:21:42"
TriggerEventTypeName = "ULOG_IMAGE_SIZE"
JOB_GLIDEIN_SiteWMS_Queue = "Unknown"
MemoryUsage = 1054
TriggerEventTypeNumber = 6
JOB_GLIDEIN_Site = "FermiGrid"
JOB_GLIDEIN_SiteWMS_JobId = "Unknown"
MyType = "JobImageSizeEvent"
JOB_GLIDEIN_ProcId = "Unknown"
JOB_GLIDEIN_Schedd = "Unknown"
JOB_GLIDEIN_ClusterId = "Unknown"
Cluster = 7972921
JOB_GLIDEIN_Factory = "Unknown"
JOB_GLIDEIN_SiteWMS_Slot = "Unknown"
Subproc = 0
ResidentSetSize = 1432888
EventTypeNumber = 28
JOB_GLIDEIN_SiteWMS = "Unknown"
...
006 (7972921.000.000) 05/29 14:22:42 Image size of job updated: 1405
	1405  -  MemoryUsage of job (MB)
	1439432  -  ResidentSetSize of job (KB)
...
028 (7972921.000.000) 05/29 14:22:42 Job ad information event triggered.
JOB_Site = "FermiGrid"
JOB_GLIDEIN_Name = "Unknown"
Size = 1405
Proc = 0
JOB_GLIDEIN_Entry_Name = "Unknown"
EventTime = "2018-05-29T14:22:42"
TriggerEventTypeName = "ULOG_IMAGE_SIZE"
JOB_GLIDEIN_SiteWMS_Queue = "Unknown"
MemoryUsage = 1405
TriggerEventTypeNumber = 6
JOB_GLIDEIN_Site = "FermiGrid"
JOB_GLIDEIN_SiteWMS_JobId = "Unknown"
MyType = "JobImageSizeEvent"
JOB_GLIDEIN_ProcId = "Unknown"
JOB_GLIDEIN_Schedd = "Unknown"
JOB_GLIDEIN_ClusterId = "Unknown"
Cluster = 7972921
JOB_GLIDEIN_Factory = "Unknown"
JOB_GLIDEIN_SiteWMS_Slot = "Unknown"
Subproc = 0
ResidentSetSize = 1439432
EventTypeNumber = 28
JOB_GLIDEIN_SiteWMS = "Unknown"
...
006 (7972921.000.000) 05/29 14:23:42 Image size of job updated: 1405
	1052  -  MemoryUsage of job (MB)
	1439432  -  ResidentSetSize of job (KB)
...
028 (7972921.000.000) 05/29 14:23:42 Job ad information event triggered.
JOB_Site = "FermiGrid"
JOB_GLIDEIN_Name = "Unknown"
Size = 1405
Proc = 0
JOB_GLIDEIN_Entry_Name = "Unknown"
EventTime = "2018-05-29T14:23:42"
TriggerEventTypeName = "ULOG_IMAGE_SIZE"
JOB_GLIDEIN_SiteWMS_Queue = "Unknown"
MemoryUsage = 1052
TriggerEventTypeNumber = 6
JOB_GLIDEIN_Site = "FermiGrid"
JOB_GLIDEIN_SiteWMS_JobId = "Unknown"
MyType = "JobImageSizeEvent"
JOB_GLIDEIN_ProcId = "Unknown"
JOB_GLIDEIN_Schedd = "Unknown"
JOB_GLIDEIN_ClusterId = "Unknown"
Cluster = 7972921
JOB_GLIDEIN_Factory = "Unknown"
JOB_GLIDEIN_SiteWMS_Slot = "Unknown"
Subproc = 0
ResidentSetSize = 1439432
EventTypeNumber = 28
JOB_GLIDEIN_SiteWMS = "Unknown"
...
006 (7972921.000.000) 05/29 14:24:42 Image size of job updated: 1405
	1049  -  MemoryUsage of job (MB)
	1439432  -  ResidentSetSize of job (KB)
...
028 (7972921.000.000) 05/29 14:24:42 Job ad information event triggered.
JOB_Site = "FermiGrid"
JOB_GLIDEIN_Name = "Unknown"
Size = 1405
Proc = 0
JOB_GLIDEIN_Entry_Name = "Unknown"
EventTime = "2018-05-29T14:24:42"
TriggerEventTypeName = "ULOG_IMAGE_SIZE"
JOB_GLIDEIN_SiteWMS_Queue = "Unknown"
MemoryUsage = 1049
TriggerEventTypeNumber = 6
JOB_GLIDEIN_Site = "FermiGrid"
JOB_GLIDEIN_SiteWMS_JobId = "Unknown"
MyType = "JobImageSizeEvent"
JOB_GLIDEIN_ProcId = "Unknown"
JOB_GLIDEIN_Schedd = "Unknown"
JOB_GLIDEIN_ClusterId = "Unknown"
Cluster = 7972921
JOB_GLIDEIN_Factory = "Unknown"
JOB_GLIDEIN_SiteWMS_Slot = "Unknown"
Subproc = 0
ResidentSetSize = 1439432
EventTypeNumber = 28
JOB_GLIDEIN_SiteWMS = "Unknown"
...
006 (7972921.000.000) 05/29 14:25:42 Image size of job updated: 1405
	1106  -  MemoryUsage of job (MB)
	1439432  -  ResidentSetSize of job (KB)
...
028 (7972921.000.000) 05/29 14:25:42 Job ad information event triggered.
JOB_Site = "FermiGrid"
JOB_GLIDEIN_Name = "Unknown"
Size = 1405
Proc = 0
JOB_GLIDEIN_Entry_Name = "Unknown"
EventTime = "2018-05-29T14:25:42"
TriggerEventTypeName = "ULOG_IMAGE_SIZE"
JOB_GLIDEIN_SiteWMS_Queue = "Unknown"
MemoryUsage = 1106
TriggerEventTypeNumber = 6
JOB_GLIDEIN_Site = "FermiGrid"
JOB_GLIDEIN_SiteWMS_JobId = "Unknown"
MyType = "JobImageSizeEvent"
JOB_GLIDEIN_ProcId = "Unknown"
JOB_GLIDEIN_Schedd = "Unknown"
JOB_GLIDEIN_ClusterId = "Unknown"
Cluster = 7972921
JOB_GLIDEIN_Factory = "Unknown"
JOB_GLIDEIN_SiteWMS_Slot = "Unknown"
Subproc = 0
ResidentSetSize = 1439432
EventTypeNumber = 28
JOB_GLIDEIN_SiteWMS = "Unknown"
...
006 (7972921.000.000) 05/29 14:26:42 Image size of job updated: 1405
	1050  -  MemoryUsage of job (MB)
	1439432  -  ResidentSetSize of job (KB)
...
028 (7972921.000.000) 05/29 14:26:42 Job ad information event triggered.
JOB_Site = "FermiGrid"
JOB_GLIDEIN_Name = "Unknown"
Size = 1405
Proc = 0
JOB_GLIDEIN_Entry_Name = "Unknown"
EventTime = "2018-05-29T14:26:42"
TriggerEventTypeName = "ULOG_IMAGE_SIZE"
JOB_GLIDEIN_SiteWMS_Queue = "Unknown"
MemoryUsage = 1050
TriggerEventTypeNumber = 6
JOB_GLIDEIN_Site = "FermiGrid"
JOB_GLIDEIN_SiteWMS_JobId = "Unknown"
MyType = "JobImageSizeEvent"
JOB_GLIDEIN_ProcId = "Unknown"
JOB_GLIDEIN_Schedd = "Unknown"
JOB_GLIDEIN_ClusterId = "Unknown"
Cluster = 7972921
JOB_GLIDEIN_Factory = "Unknown"
JOB_GLIDEIN_SiteWMS_Slot = "Unknown"
Subproc = 0
ResidentSetSize = 1439432
EventTypeNumber = 28
JOB_GLIDEIN_SiteWMS = "Unknown"
...
006 (7972921.000.000) 05/29 14:27:42 Image size of job updated: 1405
	1403  -  MemoryUsage of job (MB)
	1439432  -  ResidentSetSize of job (KB)
...
028 (7972921.000.000) 05/29 14:27:42 Job ad information event triggered.
JOB_Site = "FermiGrid"
JOB_GLIDEIN_Name = "Unknown"
Size = 1405
Proc = 0
JOB_GLIDEIN_Entry_Name = "Unknown"
EventTime = "2018-05-29T14:27:42"
TriggerEventTypeName = "ULOG_IMAGE_SIZE"
JOB_GLIDEIN_SiteWMS_Queue = "Unknown"
MemoryUsage = 1403
TriggerEventTypeNumber = 6
JOB_GLIDEIN_Site = "FermiGrid"
JOB_GLIDEIN_SiteWMS_JobId = "Unknown"
MyType = "JobImageSizeEvent"
JOB_GLIDEIN_ProcId = "Unknown"
JOB_GLIDEIN_Schedd = "Unknown"
JOB_GLIDEIN_ClusterId = "Unknown"
Cluster = 7972921
JOB_GLIDEIN_Factory = "Unknown"
JOB_GLIDEIN_SiteWMS_Slot = "Unknown"
Subproc = 0
ResidentSetSize = 1439432
EventTypeNumber = 28
JOB_GLIDEIN_SiteWMS = "Unknown"
...
006 (7972921.000.000) 05/29 14:28:42 Image size of job updated: 1405
	1051  -  MemoryUsage of job (MB)
	1439432  -  ResidentSetSize of job (KB)
...
028 (7972921.000.000) 05/29 14:28:42 Job ad information event triggered.
JOB_Site = "FermiGrid"
JOB_GLIDEIN_Name = "Unknown"
Size = 1405
Proc = 0
JOB_GLIDEIN_Entry_Name = "Unknown"
EventTime = "2018-05-29T14:28:42"
TriggerEventTypeName = "ULOG_IMAGE_SIZE"
JOB_GLIDEIN_SiteWMS_Queue = "Unknown"
MemoryUsage = 1051
TriggerEventTypeNumber = 6
JOB_GLIDEIN_Site = "FermiGrid"
JOB_GLIDEIN_SiteWMS_JobId = "Unknown"
MyType = "JobImageSizeEvent"
JOB_GLIDEIN_ProcId = "Unknown"
JOB_GLIDEIN_Schedd = "Unknown"
JOB_GLIDEIN_ClusterId = "Unknown"
Cluster = 7972921
JOB_GLIDEIN_Factory = "Unknown"
JOB_GLIDEIN_SiteWMS_Slot = "Unknown"
Subproc = 0
ResidentSetSize = 1439432
EventTypeNumber = 28
JOB_GLIDEIN_SiteWMS = "Unknown"
...
006 (7972921.000.000) 05/29 14:31:42 Image size of job updated: 1405
	1049  -  MemoryUsage of job (MB)
	1439432  -  ResidentSetSize of job (KB)
...
028 (7972921.000.000) 05/29 14:31:42 Job ad information event triggered.
JOB_Site = "FermiGrid"
JOB_GLIDEIN_Name = "Unknown"
Size = 1405
Proc = 0
JOB_GLIDEIN_Entry_Name = "Unknown"
EventTime = "2018-05-29T14:31:42"
TriggerEventTypeName = "ULOG_IMAGE_SIZE"
JOB_GLIDEIN_SiteWMS_Queue = "Unknown"
MemoryUsage = 1049
TriggerEventTypeNumber = 6
JOB_GLIDEIN_Site = "FermiGrid"
JOB_GLIDEIN_SiteWMS_JobId = "Unknown"
MyType = "JobImageSizeEvent"
JOB_GLIDEIN_ProcId = "Unknown"
JOB_GLIDEIN_Schedd = "Unknown"
JOB_GLIDEIN_ClusterId = "Unknown"
Cluster = 7972921
JOB_GLIDEIN_Factory = "Unknown"
JOB_GLIDEIN_SiteWMS_Slot = "Unknown"
Subproc = 0
ResidentSetSize = 1439432
EventTypeNumber = 28
JOB_GLIDEIN_SiteWMS = "Unknown"
...
006 (7972921.000.000) 05/29 14:32:42 Image size of job updated: 1410
	1410  -  MemoryUsage of job (MB)
	1444112  -  ResidentSetSize of job (KB)
...
028 (7972921.000.000) 05/29 14:32:42 Job ad information event triggered.
JOB_Site = "FermiGrid"
JOB_GLIDEIN_Name = "Unknown"
Size = 1410
Proc = 0
JOB_GLIDEIN_Entry_Name = "Unknown"
EventTime = "2018-05-29T14:32:42"
TriggerEventTypeName = "ULOG_IMAGE_SIZE"
JOB_GLIDEIN_SiteWMS_Queue = "Unknown"
MemoryUsage = 1410
TriggerEventTypeNumber = 6
JOB_GLIDEIN_Site = "FermiGrid"
JOB_GLIDEIN_SiteWMS_JobId = "Unknown"
MyType = "JobImageSizeEvent"
JOB_GLIDEIN_ProcId = "Unknown"
JOB_GLIDEIN_Schedd = "Unknown"
JOB_GLIDEIN_ClusterId = "Unknown"
Cluster = 7972921
JOB_GLIDEIN_Factory = "Unknown"
JOB_GLIDEIN_SiteWMS_Slot = "Unknown"
Subproc = 0
ResidentSetSize = 1444112
EventTypeNumber = 28
JOB_GLIDEIN_SiteWMS = "Unknown"
...
006 (7972921.000.000) 05/29 14:33:42 Image size of job updated: 1410
	244  -  MemoryUsage of job (MB)
	1444112  -  ResidentSetSize of job (KB)
...
028 (7972921.000.000) 05/29 14:33:42 Job ad information event triggered.
JOB_Site = "FermiGrid"
JOB_GLIDEIN_Name = "Unknown"
Size = 1410
Proc = 0
JOB_GLIDEIN_Entry_Name = "Unknown"
EventTime = "2018-05-29T14:33:42"
TriggerEventTypeName = "ULOG_IMAGE_SIZE"
JOB_GLIDEIN_SiteWMS_Queue = "Unknown"
MemoryUsage = 244
TriggerEventTypeNumber = 6
JOB_GLIDEIN_Site = "FermiGrid"
JOB_GLIDEIN_SiteWMS_JobId = "Unknown"
MyType = "JobImageSizeEvent"
JOB_GLIDEIN_ProcId = "Unknown"
JOB_GLIDEIN_Schedd = "Unknown"
JOB_GLIDEIN_ClusterId = "Unknown"
Cluster = 7972921
JOB_GLIDEIN_Factory = "Unknown"
JOB_GLIDEIN_SiteWMS_Slot = "Unknown"
Subproc = 0
ResidentSetSize = 1444112
EventTypeNumber = 28
JOB_GLIDEIN_SiteWMS = "Unknown"
...
006 (7972921.000.000) 05/29 14:34:42 Image size of job updated: 1410
	585  -  MemoryUsage of job (MB)
	1444112  -  ResidentSetSize of job (KB)
...
028 (7972921.000.000) 05/29 14:34:42 Job ad information event triggered.
JOB_Site = "FermiGrid"
JOB_GLIDEIN_Name = "Unknown"
Size = 1410
Proc = 0
JOB_GLIDEIN_Entry_Name = "Unknown"
EventTime = "2018-05-29T14:34:42"
TriggerEventTypeName = "ULOG_IMAGE_SIZE"
JOB_GLIDEIN_SiteWMS_Queue = "Unknown"
MemoryUsage = 585
TriggerEventTypeNumber = 6
JOB_GLIDEIN_Site = "FermiGrid"
JOB_GLIDEIN_SiteWMS_JobId = "Unknown"
MyType = "JobImageSizeEvent"
JOB_GLIDEIN_ProcId = "Unknown"
JOB_GLIDEIN_Schedd = "Unknown"
JOB_GLIDEIN_ClusterId = "Unknown"
Cluster = 7972921
JOB_GLIDEIN_Factory = "Unknown"
JOB_GLIDEIN_SiteWMS_Slot = "Unknown"
Subproc = 0
ResidentSetSize = 1444112
EventTypeNumber = 28
JOB_GLIDEIN_SiteWMS = "Unknown"
...
006 (7972921.000.000) 05/29 14:35:42 Image size of job updated: 1410
	638  -  MemoryUsage of job (MB)
	1444112  -  ResidentSetSize of job (KB)
...
028 (7972921.000.000) 05/29 14:35:42 Job ad information event triggered.
JOB_Site = "FermiGrid"
JOB_GLIDEIN_Name = "Unknown"
Size = 1410
Proc = 0
JOB_GLIDEIN_Entry_Name = "Unknown"
EventTime = "2018-05-29T14:35:42"
TriggerEventTypeName = "ULOG_IMAGE_SIZE"
JOB_GLIDEIN_SiteWMS_Queue = "Unknown"
MemoryUsage = 638
TriggerEventTypeNumber = 6
JOB_GLIDEIN_Site = "FermiGrid"
JOB_GLIDEIN_SiteWMS_JobId = "Unknown"
MyType = "JobImageSizeEvent"
JOB_GLIDEIN_ProcId = "Unknown"
JOB_GLIDEIN_Schedd = "Unknown"
JOB_GLIDEIN_ClusterId = "Unknown"
Cluster = 7972921
JOB_GLIDEIN_Factory = "Unknown"
JOB_GLIDEIN_SiteWMS_Slot = "Unknown"
Subproc = 0
ResidentSetSize = 1444112
EventTypeNumber = 28
JOB_GLIDEIN_SiteWMS = "Unknown"
...
006 (7972921.000.000) 05/29 14:36:42 Image size of job updated: 1410
	656  -  MemoryUsage of job (MB)
	1444112  -  ResidentSetSize of job (KB)
...
028 (7972921.000.000) 05/29 14:36:42 Job ad information event triggered.
JOB_Site = "FermiGrid"
JOB_GLIDEIN_Name = "Unknown"
Size = 1410
Proc = 0
JOB_GLIDEIN_Entry_Name = "Unknown"
EventTime = "2018-05-29T14:36:42"
TriggerEventTypeName = "ULOG_IMAGE_SIZE"
JOB_GLIDEIN_SiteWMS_Queue = "Unknown"
MemoryUsage = 656
TriggerEventTypeNumber = 6
JOB_GLIDEIN_Site = "FermiGrid"
JOB_GLIDEIN_SiteWMS_JobId = "Unknown"
MyType = "JobImageSizeEvent"
JOB_GLIDEIN_ProcId = "Unknown"
JOB_GLIDEIN_Schedd = "Unknown"
JOB_GLIDEIN_ClusterId = "Unknown"
Cluster = 7972921
JOB_GLIDEIN_Factory = "Unknown"
JOB_GLIDEIN_SiteWMS_Slot = "Unknown"
Subproc = 0
ResidentSetSize = 1444112
EventTypeNumber = 28
JOB_GLIDEIN_SiteWMS = "Unknown"
...
006 (7972921.000.000) 05/29 14:39:42 Image size of job updated: 1410
	6  -  MemoryUsage of job (MB)
	1444112  -  ResidentSetSize of job (KB)
...
028 (7972921.000.000) 05/29 14:39:42 Job ad information event triggered.
JOB_Site = "FermiGrid"
JOB_GLIDEIN_Name = "Unknown"
Size = 1410
Proc = 0
JOB_GLIDEIN_Entry_Name = "Unknown"
EventTime = "2018-05-29T14:39:42"
TriggerEventTypeName = "ULOG_IMAGE_SIZE"
JOB_GLIDEIN_SiteWMS_Queue = "Unknown"
MemoryUsage = 6
TriggerEventTypeNumber = 6
JOB_GLIDEIN_Site = "FermiGrid"
JOB_GLIDEIN_SiteWMS_JobId = "Unknown"
MyType = "JobImageSizeEvent"
JOB_GLIDEIN_ProcId = "Unknown"
JOB_GLIDEIN_Schedd = "Unknown"
JOB_GLIDEIN_ClusterId = "Unknown"
Cluster = 7972921
JOB_GLIDEIN_Factory = "Unknown"
JOB_GLIDEIN_SiteWMS_Slot = "Unknown"
Subproc = 0
ResidentSetSize = 1444112
EventTypeNumber = 28
JOB_GLIDEIN_SiteWMS = "Unknown"
...
006 (7972921.000.000) 05/29 14:40:42 Image size of job updated: 1410
	102  -  MemoryUsage of job (MB)
	1444112  -  ResidentSetSize of job (KB)
...
028 (7972921.000.000) 05/29 14:40:42 Job ad information event triggered.
JOB_Site = "FermiGrid"
JOB_GLIDEIN_Name = "Unknown"
Size = 1410
Proc = 0
JOB_GLIDEIN_Entry_Name = "Unknown"
EventTime = "2018-05-29T14:40:42"
TriggerEventTypeName = "ULOG_IMAGE_SIZE"
JOB_GLIDEIN_SiteWMS_Queue = "Unknown"
MemoryUsage = 102
TriggerEventTypeNumber = 6
JOB_GLIDEIN_Site = "FermiGrid"
JOB_GLIDEIN_SiteWMS_JobId = "Unknown"
MyType = "JobImageSizeEvent"
JOB_GLIDEIN_ProcId = "Unknown"
JOB_GLIDEIN_Schedd = "Unknown"
JOB_GLIDEIN_ClusterId = "Unknown"
Cluster = 7972921
JOB_GLIDEIN_Factory = "Unknown"
JOB_GLIDEIN_SiteWMS_Slot = "Unknown"
Subproc = 0
ResidentSetSize = 1444112
EventTypeNumber = 28
JOB_GLIDEIN_SiteWMS = "Unknown"
...
006 (7972921.000.000) 05/29 14:41:42 Image size of job updated: 1410
	58  -  MemoryUsage of job (MB)
	1444112  -  ResidentSetSize of job (KB)
...
028 (7972921.000.000) 05/29 14:41:42 Job ad information event triggered.
JOB_Site = "FermiGrid"
JOB_GLIDEIN_Name = "Unknown"
Size = 1410
Proc = 0
JOB_GLIDEIN_Entry_Name = "Unknown"
EventTime = "2018-05-29T14:41:42"
TriggerEventTypeName = "ULOG_IMAGE_SIZE"
JOB_GLIDEIN_SiteWMS_Queue = "Unknown"
MemoryUsage = 58
TriggerEventTypeNumber = 6
JOB_GLIDEIN_Site = "FermiGrid"
JOB_GLIDEIN_SiteWMS_JobId = "Unknown"
MyType = "JobImageSizeEvent"
JOB_GLIDEIN_ProcId = "Unknown"
JOB_GLIDEIN_Schedd = "Unknown"
JOB_GLIDEIN_ClusterId = "Unknown"
Cluster = 7972921
JOB_GLIDEIN_Factory = "Unknown"
JOB_GLIDEIN_SiteWMS_Slot = "Unknown"
Subproc = 0
ResidentSetSize = 1444112
EventTypeNumber = 28
JOB_GLIDEIN_SiteWMS = "Unknown"
...
006 (7972921.000.000) 05/29 14:42:42 Image size of job updated: 1410
	67  -  MemoryUsage of job (MB)
	1444112  -  ResidentSetSize of job (KB)
...
028 (7972921.000.000) 05/29 14:42:42 Job ad information event triggered.
JOB_Site = "FermiGrid"
JOB_GLIDEIN_Name = "Unknown"
Size = 1410
Proc = 0
JOB_GLIDEIN_Entry_Name = "Unknown"
EventTime = "2018-05-29T14:42:42"
TriggerEventTypeName = "ULOG_IMAGE_SIZE"
JOB_GLIDEIN_SiteWMS_Queue = "Unknown"
MemoryUsage = 67
TriggerEventTypeNumber = 6
JOB_GLIDEIN_Site = "FermiGrid"
JOB_GLIDEIN_SiteWMS_JobId = "Unknown"
MyType = "JobImageSizeEvent"
JOB_GLIDEIN_ProcId = "Unknown"
JOB_GLIDEIN_Schedd = "Unknown"
JOB_GLIDEIN_ClusterId = "Unknown"
Cluster = 7972921
JOB_GLIDEIN_Factory = "Unknown"
JOB_GLIDEIN_SiteWMS_Slot = "Unknown"
Subproc = 0
ResidentSetSize = 1444112
EventTypeNumber = 28
JOB_GLIDEIN_SiteWMS = "Unknown"
...
006 (7972921.000.000) 05/29 14:43:29 Image size of job updated: 1410
	1  -  MemoryUsage of job (MB)
	1444112  -  ResidentSetSize of job (KB)
...
028 (7972921.000.000) 05/29 14:43:29 Job ad information event triggered.
JOB_Site = "FermiGrid"
JOB_GLIDEIN_Name = "Unknown"
Size = 1410
Proc = 0
JOB_GLIDEIN_Entry_Name = "Unknown"
EventTime = "2018-05-29T14:43:29"
TriggerEventTypeName = "ULOG_IMAGE_SIZE"
JOB_GLIDEIN_SiteWMS_Queue = "Unknown"
MemoryUsage = 1
TriggerEventTypeNumber = 6
JOB_GLIDEIN_Site = "FermiGrid"
JOB_GLIDEIN_SiteWMS_JobId = "Unknown"
MyType = "JobImageSizeEvent"
JOB_GLIDEIN_ProcId = "Unknown"
JOB_GLIDEIN_Schedd = "Unknown"
JOB_GLIDEIN_ClusterId = "Unknown"
Cluster = 7972921
JOB_GLIDEIN_Factory = "Unknown"
JOB_GLIDEIN_SiteWMS_Slot = "Unknown"
Subproc = 0
ResidentSetSize = 1444112
EventTypeNumber = 28
JOB_GLIDEIN_SiteWMS = "Unknown"
...
005 (7972921.000.000) 05/29 14:43:32 Job terminated.
	(1) Normal termination (return value 0)
		Usr 0 00:22:59, Sys 0 00:00:48  -  Run Remote Usage
		Usr 0 00:00:00, Sys 0 00:00:00  -  Run Local Usage
		Usr 0 00:22:59, Sys 0 00:00:48  -  Total Remote Usage
		Usr 0 00:00:00, Sys 0 00:00:00  -  Total Local Usage
	24735  -  Run Bytes Sent By Job
	58982  -  Run Bytes Received By Job
	24735  -  Total Bytes Sent By Job
	58982  -  Total Bytes Received By Job
	Partitionable Resources :    Usage  Request Allocated
	   Cpus                 :                 1         1
	   Disk (KB)            :  1320661 35000000  67044736
	   Memory (MB)          :        1     2000      2000
...
028 (7972921.000.000) 05/29 14:43:32 Job ad information event triggered.
SentBytes = 24735.0
JOB_GLIDEIN_Name = "Unknown"
TerminatedNormally = true
ReturnValue = 0
JOB_GLIDEIN_ClusterId = "Unknown"
JOB_GLIDEIN_SiteWMS = "Unknown"
EventTypeNumber = 28
Subproc = 0
ReceivedBytes = 58982.0
JOB_GLIDEIN_SiteWMS_Slot = "Unknown"
MyType = "JobTerminatedEvent"
TriggerEventTypeName = "ULOG_JOB_TERMINATED"
TotalRemoteUsage = "Usr 0 00:22:59, Sys 0 00:00:48"
JOB_Site = "FermiGrid"
JOB_GLIDEIN_Site = "FermiGrid"
Proc = 0
EventTime = "2018-05-29T14:43:32"
TotalSentBytes = 24735.0
TriggerEventTypeNumber = 5
TotalLocalUsage = "Usr 0 00:00:00, Sys 0 00:00:00"
JOB_GLIDEIN_Schedd = "Unknown"
Cluster = 7972921
RunLocalUsage = "Usr 0 00:00:00, Sys 0 00:00:00"
JOB_GLIDEIN_Entry_Name = "Unknown"
JOB_GLIDEIN_ProcId = "Unknown"
JOB_GLIDEIN_Factory = "Unknown"
JOB_GLIDEIN_SiteWMS_Queue = "Unknown"
RunRemoteUsage = "Usr 0 00:22:59, Sys 0 00:00:48"
JOB_GLIDEIN_SiteWMS_JobId = "Unknown"
TotalReceivedBytes = 58982.0
...
