Tue May 29 20:58:50 UTC 2018 BEGIN EXECUTION ./stop-anatrees-ext-development.sh --sam_station uboone --sam_project sporzio_prod_extbnb_swizzle_inclusive_v5_17-05-18_1kfiles_20180529140707 -g --logdir /pnfs/uboone/scratch/users/sporzio/DqmCalibrationNtuples/ext/v1/Logs/anatrees --init /cvmfs/uboone.opensciencegrid.org/products/setup_uboone.sh
Nodename: sporzio-7973122-0-fnpc6004.fnal.gov
Sam station: uboone
Sam project name: sporzio_prod_extbnb_swizzle_inclusive_v5_17-05-18_1kfiles_20180529140707
Initializing ups and mrb.
Sourcing /cvmfs/uboone.opensciencegrid.org/products/setup_uboone.sh
Setting up old larsoft UPS area... /cvmfs/fermilab.opensciencegrid.org/products/larsoft/
Setting up new larsoft UPS area... /cvmfs/larsoft.opensciencegrid.org/products/
Setting up uboone UPS area... /cvmfs/uboone.opensciencegrid.org/products/
PRODUCTS=/cvmfs/uboone.opensciencegrid.org/products:/cvmfs/larsoft.opensciencegrid.org/products:/cvmfs/fermilab.opensciencegrid.org/products/larsoft:/cvmfs/fermilab.opensciencegrid.org/products/common/db
IFDHC_DIR=
Setting up ifdhc, because jobsub did not set it up.
IFDHC_DIR=/cvmfs/fermilab.opensciencegrid.org/products/common/db/../prd/ifdhc/v2_1_0/Linux64bit-2-6-2-12
IFDH_OPT=
Scratch directory: /storage/local/data1/condor/execute/dir_51010/no_xfer/working_dir.ElHK672Mm3
Project url: http://samwebgpvm03.fnal.gov:8480/sam/uboone/stations/uboone/projects/name/sporzio_prod_extbnb_swizzle_inclusive_v5_17-05-18_1kfiles_20180529140707
Stopping project.
Project successfully stopped.
ifdh cp -r  7973122_stop /pnfs/uboone/scratch/users/sporzio/DqmCalibrationNtuples/ext/v1/Logs/anatrees/7973122_stop
Tue May 29 20:59:05 UTC 2018 ./stop-anatrees-ext-development.sh COMPLETED with exit status 0
